#
# A fatal error has been detected by the Java Runtime Environment:
#
#  EXCEPTION_ACCESS_VIOLATION (0xc0000005) at pc=0x00007ffb71ce2099, pid=10324, tid=6772
#
# JRE version: Java(TM) SE Runtime Environment (8.0_66-b18) (build 1.8.0_66-b18)
# Java VM: Java HotSpot(TM) 64-Bit Server VM (25.66-b18 mixed mode windows-amd64 compressed oops)
# Problematic frame:
# C  [jniopencv_core.dll+0x2099]
#
# Failed to write core dump. Minidumps are not enabled by default on client versions of Windows
#
# If you would like to submit a bug report, please visit:
#   http://bugreport.java.com/bugreport/crash.jsp
# The crash happened outside the Java Virtual Machine in native code.
# See problematic frame for where to report the bug.
#

---------------  T H R E A D  ---------------

Current thread (0x00000000022ae000):  JavaThread "main" [_thread_in_native, id=6772, stack(0x0000000001f00000,0x0000000002000000)]

siginfo: ExceptionCode=0xc0000005, reading address 0x0000000000000038

Registers:
RAX=0x0000000000000000, RBX=0x0000000000000000, RCX=0x0000000000000000, RDX=0x00000000004f6630
RSP=0x0000000001fff480, RBP=0x00000000004f6630, RSI=0x0000000001fff5d8, RDI=0x00000000004f6630
R8 =0x0000000000000032, R9 =0x00000000d6b98740, R10=0x0000000000000006, R11=0x0000000059501258
R12=0x0000000000000000, R13=0x0000000016dd95f0, R14=0x0000000000564ee0, R15=0x0000000000000000
RIP=0x00007ffb71ce2099, EFLAGS=0x0000000000010202

Top of Stack: (sp=0x0000000001fff480)
0x0000000001fff480:   0000000016dd95f8 0000000001fff5d8
0x0000000001fff490:   00000000022aeb00 0000000058dba2b6
0x0000000001fff4a0:   0000000000000000 00007ffb71ce1db4
0x0000000001fff4b0:   00000000000003d8 00000000022ae720
0x0000000001fff4c0:   0000000016dd95f8 00000000022ae000
0x0000000001fff4d0:   0000000001fff5c0 00007ffb71d64658
0x0000000001fff4e0:   00000000022ae1f8 00000000022c5cc6
0x0000000001fff4f0:   00000000022aeb00 00000000022ae000
0x0000000001fff500:   00000000022ae000 0000000001fff5d8
0x0000000001fff510:   00000000022b7a70 00000000022c5e34
0x0000000001fff520:   0000000001fff5a0 0000000016dd95f8
0x0000000001fff530:   0000000000200021 0000000016dd95f8
0x0000000001fff540:   0000000000200021 00000000022ae000
0x0000000001fff550:   0000000001fff6a0 00000000022c5b62
0x0000000001fff560:   0000000001fff560 0000000016dd95f0
0x0000000001fff570:   0000000001fff5d8 0000000016e3de90 

Instructions: (pc=0x00007ffb71ce2099)
0x00007ffb71ce2079:   30 ff 15 c8 63 0f 00 48 8b c3 48 83 c4 50 5b c3
0x00007ffb71ce2089:   cc cc cc cc cc cc cc 40 53 48 83 ec 20 48 8b d9
0x00007ffb71ce2099:   48 8b 49 38 48 85 c9 74 16 83 c8 ff f0 0f c1 41
0x00007ffb71ce20a9:   14 83 f8 01 75 09 48 8b cb ff 15 08 63 0f 00 45 


Register to memory mapping:

RAX=0x0000000000000000 is an unknown value
RBX=0x0000000000000000 is an unknown value
RCX=0x0000000000000000 is an unknown value
RDX=0x00000000004f6630 is an unknown value
RSP=0x0000000001fff480 is pointing into the stack for thread: 0x00000000022ae000
RBP=0x00000000004f6630 is an unknown value
RSI=0x0000000001fff5d8 is pointing into the stack for thread: 0x00000000022ae000
RDI=0x00000000004f6630 is an unknown value
R8 =0x0000000000000032 is an unknown value
R9 =0x00000000d6b98740 is an oop
org.bytedeco.javacpp.opencv_core$Mat 
 - klass: 'org/bytedeco/javacpp/opencv_core$Mat'
R10=0x0000000000000006 is an unknown value
R11=0x0000000059501258 is an unknown value
R12=0x0000000000000000 is an unknown value
R13=0x0000000016dd95f0 is pointing into metadata
R14=0x0000000000564ee0 is an unknown value
R15=0x0000000000000000 is an unknown value


Stack: [0x0000000001f00000,0x0000000002000000],  sp=0x0000000001fff480,  free space=1021k
Native frames: (J=compiled Java code, j=interpreted, Vv=VM code, C=native code)
C  [jniopencv_core.dll+0x2099]
C  [jniopencv_core.dll+0x1db4]
C  [jniopencv_core.dll+0x84658]
C  0x00000000022c5e34

Java frames: (J=compiled Java code, j=interpreted, Vv=VM code)
j  org.bytedeco.javacpp.opencv_core$MatVector.put(JLorg/bytedeco/javacpp/opencv_core$Mat;)Lorg/bytedeco/javacpp/opencv_core$MatVector;+0
j  com.zk.denemeler.YuzTanima.main([Ljava/lang/String;)V+183
v  ~StubRoutines::call_stub

---------------  P R O C E S S  ---------------

Java Threads: ( => current thread )
  0x000000001a33a800 JavaThread "MySQL Statement Cancellation Timer" daemon [_thread_blocked, id=8120, stack(0x000000001a660000,0x000000001a760000)]
  0x000000001932e800 JavaThread "Service Thread" daemon [_thread_blocked, id=11772, stack(0x0000000019c60000,0x0000000019d60000)]
  0x000000001929c000 JavaThread "C1 CompilerThread3" daemon [_thread_blocked, id=6524, stack(0x0000000019b60000,0x0000000019c60000)]
  0x0000000019298000 JavaThread "C2 CompilerThread2" daemon [_thread_blocked, id=6728, stack(0x0000000019a60000,0x0000000019b60000)]
  0x0000000019292000 JavaThread "C2 CompilerThread1" daemon [_thread_blocked, id=11168, stack(0x0000000019960000,0x0000000019a60000)]
  0x0000000019288800 JavaThread "C2 CompilerThread0" daemon [_thread_blocked, id=11784, stack(0x0000000019860000,0x0000000019960000)]
  0x0000000019287000 JavaThread "Attach Listener" daemon [_thread_blocked, id=3952, stack(0x0000000019760000,0x0000000019860000)]
  0x0000000019286000 JavaThread "Signal Dispatcher" daemon [_thread_blocked, id=12200, stack(0x0000000019660000,0x0000000019760000)]
  0x00000000021c9800 JavaThread "Finalizer" daemon [_thread_blocked, id=4896, stack(0x0000000019160000,0x0000000019260000)]
  0x00000000021c3000 JavaThread "Reference Handler" daemon [_thread_blocked, id=3964, stack(0x0000000019060000,0x0000000019160000)]
=>0x00000000022ae000 JavaThread "main" [_thread_in_native, id=6772, stack(0x0000000001f00000,0x0000000002000000)]

Other Threads:
  0x0000000017299000 VMThread [stack: 0x0000000018f60000,0x0000000019060000] [id=4568]
  0x0000000019341000 WatcherThread [stack: 0x0000000019d60000,0x0000000019e60000] [id=4800]

VM state:not at safepoint (normal execution)

VM Mutex/Monitor currently owned by a thread: None

Heap:
 PSYoungGen      total 38400K, used 18283K [0x00000000d5a00000, 0x00000000d8480000, 0x0000000100000000)
  eden space 33280K, 54% used [0x00000000d5a00000,0x00000000d6bdafa8,0x00000000d7a80000)
  from space 5120K, 0% used [0x00000000d7f80000,0x00000000d7f80000,0x00000000d8480000)
  to   space 5120K, 0% used [0x00000000d7a80000,0x00000000d7a80000,0x00000000d7f80000)
 ParOldGen       total 87552K, used 0K [0x0000000080e00000, 0x0000000086380000, 0x00000000d5a00000)
  object space 87552K, 0% used [0x0000000080e00000,0x0000000080e00000,0x0000000086380000)
 Metaspace       used 8397K, capacity 8518K, committed 8704K, reserved 1056768K
  class space    used 901K, capacity 946K, committed 1024K, reserved 1048576K

Card table byte_map: [0x0000000011670000,0x0000000011a70000] byte_map_base: 0x0000000011269000

Marking Bits: (ParMarkBitMap*) 0x000000005950a5b0
 Begin Bits: [0x0000000012520000, 0x00000000144e8000)
 End Bits:   [0x00000000144e8000, 0x00000000164b0000)

Polling page: 0x0000000000710000

CodeCache: size=245760Kb used=2797Kb max_used=2797Kb free=242962Kb
 bounds [0x00000000022b0000, 0x0000000002570000, 0x00000000112b0000]
 total_blobs=1071 nmethods=610 adapters=374
 compilation: enabled

Compilation events (10 events):
Event: 0.880 Thread 0x000000001929c000 nmethod 596 0x0000000002566cd0 code [0x0000000002566e40, 0x0000000002567110]
Event: 0.880 Thread 0x000000001929c000  608       1       com.mysql.jdbc.Buffer::getByteBuffer (5 bytes)
Event: 0.880 Thread 0x000000001929c000 nmethod 608 0x00000000025671d0 code [0x0000000002567320, 0x0000000002567430]
Event: 0.880 Thread 0x000000001929c000  593       1       com.mysql.jdbc.Buffer::getPosition (5 bytes)
Event: 0.880 Thread 0x000000001929c000 nmethod 593 0x0000000002567490 code [0x00000000025675e0, 0x00000000025676f0]
Event: 0.880 Thread 0x000000001929c000  597       3       java.lang.ThreadLocal$ThreadLocalMap::access$000 (6 bytes)
Event: 0.880 Thread 0x000000001929c000 nmethod 597 0x0000000002567750 code [0x00000000025678c0, 0x0000000002567a28]
Event: 0.880 Thread 0x000000001929c000  598       3       java.lang.ThreadLocal$ThreadLocalMap::getEntry (42 bytes)
Event: 0.880 Thread 0x000000001929c000 nmethod 598 0x0000000002567b10 code [0x0000000002567c80, 0x0000000002567f68]
Event: 0.880 Thread 0x000000001929c000  604   !   3       java.lang.StringCoding$StringDecoder::decode (179 bytes)

GC Heap History (0 events):
No events

Deoptimization events (10 events):
Event: 0.708 Thread 0x00000000022ae000 Uncommon trap: reason=unstable_if action=reinterpret pc=0x00000000024c9f44 method=sun.misc.MetaIndex.mayContain(Ljava/lang/String;)Z @ 38
Event: 0.737 Thread 0x00000000022ae000 Uncommon trap: reason=class_check action=maybe_recompile pc=0x000000000243cd10 method=java.io.FilterInputStream.read([B)I @ 5
Event: 0.738 Thread 0x00000000022ae000 Uncommon trap: reason=unstable_if action=reinterpret pc=0x000000000250e984 method=java.util.Properties$LineReader.readLine()I @ 252
Event: 0.738 Thread 0x00000000022ae000 Uncommon trap: reason=class_check action=maybe_recompile pc=0x000000000243cd10 method=java.io.FilterInputStream.read([B)I @ 5
Event: 0.738 Thread 0x00000000022ae000 Uncommon trap: reason=unstable_if action=reinterpret pc=0x000000000250fb0c method=java.util.Properties.loadConvert([CII[C)Ljava/lang/String; @ 4
Event: 0.738 Thread 0x00000000022ae000 Uncommon trap: reason=class_check action=maybe_recompile pc=0x000000000243cd10 method=java.io.FilterInputStream.read([B)I @ 5
Event: 0.738 Thread 0x00000000022ae000 Uncommon trap: reason=class_check action=maybe_recompile pc=0x000000000243cd10 method=java.io.FilterInputStream.read([B)I @ 5
Event: 0.745 Thread 0x00000000022ae000 Uncommon trap: reason=unstable_if action=reinterpret pc=0x000000000252e200 method=java.util.Properties$LineReader.readLine()I @ 174
Event: 0.745 Thread 0x00000000022ae000 Uncommon trap: reason=predicate action=maybe_recompile pc=0x0000000002483388 method=sun.net.www.ParseUtil.encodePath(Ljava/lang/String;Z)Ljava/lang/String; @ 36
Event: 0.745 Thread 0x00000000022ae000 Uncommon trap: reason=unstable_if action=reinterpret pc=0x000000000249877c method=java.net.URI.match(CJJ)Z @ 45

Internal exceptions (10 events):
Event: 0.668 Thread 0x00000000022ae000 Exception <a 'java/security/PrivilegedActionException'> (0x00000000d6693ff8) thrown at [C:\re\workspace\8-2-build-windows-amd64-cygwin\jdk8u66\5298\hotspot\src\share\vm\prims\jvm.cpp, line 1386]
Event: 0.668 Thread 0x00000000022ae000 Exception <a 'java/security/PrivilegedActionException'> (0x00000000d6694208) thrown at [C:\re\workspace\8-2-build-windows-amd64-cygwin\jdk8u66\5298\hotspot\src\share\vm\prims\jvm.cpp, line 1386]
Event: 0.673 Thread 0x00000000022ae000 Exception <a 'java/security/PrivilegedActionException'> (0x00000000d66ea390) thrown at [C:\re\workspace\8-2-build-windows-amd64-cygwin\jdk8u66\5298\hotspot\src\share\vm\prims\jvm.cpp, line 1386]
Event: 0.673 Thread 0x00000000022ae000 Exception <a 'java/security/PrivilegedActionException'> (0x00000000d66ea5a0) thrown at [C:\re\workspace\8-2-build-windows-amd64-cygwin\jdk8u66\5298\hotspot\src\share\vm\prims\jvm.cpp, line 1386]
Event: 0.673 Thread 0x00000000022ae000 Exception <a 'java/security/PrivilegedActionException'> (0x00000000d66f63e0) thrown at [C:\re\workspace\8-2-build-windows-amd64-cygwin\jdk8u66\5298\hotspot\src\share\vm\prims\jvm.cpp, line 1386]
Event: 0.673 Thread 0x00000000022ae000 Exception <a 'java/security/PrivilegedActionException'> (0x00000000d66f67d8) thrown at [C:\re\workspace\8-2-build-windows-amd64-cygwin\jdk8u66\5298\hotspot\src\share\vm\prims\jvm.cpp, line 1386]
Event: 0.673 Thread 0x00000000022ae000 Exception <a 'java/security/PrivilegedActionException'> (0x00000000d6702e38) thrown at [C:\re\workspace\8-2-build-windows-amd64-cygwin\jdk8u66\5298\hotspot\src\share\vm\prims\jvm.cpp, line 1386]
Event: 0.673 Thread 0x00000000022ae000 Exception <a 'java/security/PrivilegedActionException'> (0x00000000d6703048) thrown at [C:\re\workspace\8-2-build-windows-amd64-cygwin\jdk8u66\5298\hotspot\src\share\vm\prims\jvm.cpp, line 1386]
Event: 0.673 Thread 0x00000000022ae000 Exception <a 'java/security/PrivilegedActionException'> (0x00000000d670f3b8) thrown at [C:\re\workspace\8-2-build-windows-amd64-cygwin\jdk8u66\5298\hotspot\src\share\vm\prims\jvm.cpp, line 1386]
Event: 0.673 Thread 0x00000000022ae000 Exception <a 'java/security/PrivilegedActionException'> (0x00000000d670f7b0) thrown at [C:\re\workspace\8-2-build-windows-amd64-cygwin\jdk8u66\5298\hotspot\src\share\vm\prims\jvm.cpp, line 1386]

Events (10 events):
Event: 0.853 Executing VM operation: Deoptimize
Event: 0.853 Executing VM operation: Deoptimize done
Event: 0.853 loading class com/zk/yuz_bul/YuzDAO
Event: 0.853 loading class com/zk/yuz_bul/YuzDAO done
Event: 0.878 loading class sun/nio/cs/MS1252
Event: 0.878 loading class sun/nio/cs/MS1252 done
Event: 0.878 loading class com/mysql/jdbc/OperationNotSupportedException
Event: 0.878 loading class com/mysql/jdbc/OperationNotSupportedException done
Event: 0.879 loading class com/zk/yuz_bul/Yuz
Event: 0.879 loading class com/zk/yuz_bul/Yuz done


Dynamic libraries:
0x00007ff6d7b50000 - 0x00007ff6d7b87000 	C:\Program Files\Java\jre1.8.0_66\bin\javaw.exe
0x00007ffbb3ff0000 - 0x00007ffbb419c000 	C:\Windows\SYSTEM32\ntdll.dll
0x00007ffbb3c00000 - 0x00007ffbb3d3e000 	C:\Windows\system32\KERNEL32.DLL
0x00007ffbb1260000 - 0x00007ffbb1375000 	C:\Windows\system32\KERNELBASE.dll
0x00007ffbafce0000 - 0x00007ffbafd6e000 	C:\Windows\system32\apphelp.dll
0x00007ffb9a6d0000 - 0x00007ffb9a723000 	C:\Windows\AppPatch\AppPatch64\AcGenral.DLL
0x00007ffbb3a40000 - 0x00007ffbb3aea000 	C:\Windows\system32\msvcrt.dll
0x00007ffbb0f90000 - 0x00007ffbb0fbe000 	C:\Windows\SYSTEM32\SspiCli.dll
0x00007ffbb35a0000 - 0x00007ffbb35f4000 	C:\Windows\system32\SHLWAPI.dll
0x00007ffbb3e70000 - 0x00007ffbb3fe7000 	C:\Windows\system32\USER32.dll
0x00007ffbb3620000 - 0x00007ffbb37b4000 	C:\Windows\system32\ole32.dll
0x00007ffbb1890000 - 0x00007ffbb2dbb000 	C:\Windows\system32\SHELL32.dll
0x00007ffbb06e0000 - 0x00007ffbb0701000 	C:\Windows\SYSTEM32\USERENV.dll
0x00007ffbb3b40000 - 0x00007ffbb3bea000 	C:\Windows\system32\ADVAPI32.dll
0x00007ffba8c90000 - 0x00007ffba8cae000 	C:\Windows\SYSTEM32\MPR.dll
0x00007ffbb2e30000 - 0x00007ffbb2f71000 	C:\Windows\system32\RPCRT4.dll
0x00007ffbb3920000 - 0x00007ffbb3979000 	C:\Windows\SYSTEM32\sechost.dll
0x00007ffbb1670000 - 0x00007ffbb1881000 	C:\Windows\SYSTEM32\combase.dll
0x00007ffbb3170000 - 0x00007ffbb32bf000 	C:\Windows\system32\GDI32.dll
0x00007ffbb1140000 - 0x00007ffbb1155000 	C:\Windows\SYSTEM32\profapi.dll
0x00007ffbaf4e0000 - 0x00007ffbaf592000 	C:\Windows\SYSTEM32\SHCORE.dll
0x00007ffbb3b00000 - 0x00007ffbb3b36000 	C:\Windows\system32\IMM32.DLL
0x00007ffbb37c0000 - 0x00007ffbb3912000 	C:\Windows\system32\MSCTF.dll
0x00007ffbaee00000 - 0x00007ffbaf07b000 	C:\Windows\WinSxS\amd64_microsoft.windows.common-controls_6595b64144ccf1df_6.0.9600.18006_none_623f33d3ecbe86e8\COMCTL32.dll
0x0000000059d40000 - 0x0000000059e12000 	C:\Program Files\Java\jre1.8.0_66\bin\msvcr100.dll
0x0000000058d00000 - 0x0000000059589000 	C:\Program Files\Java\jre1.8.0_66\bin\server\jvm.dll
0x00007ffb97e80000 - 0x00007ffb97e89000 	C:\Windows\SYSTEM32\WSOCK32.dll
0x00007ffbad970000 - 0x00007ffbad992000 	C:\Windows\SYSTEM32\WINMM.dll
0x00007ffbadba0000 - 0x00007ffbadbaa000 	C:\Windows\SYSTEM32\VERSION.dll
0x00007ffbb3bf0000 - 0x00007ffbb3bf7000 	C:\Windows\system32\PSAPI.DLL
0x00007ffbb32c0000 - 0x00007ffbb331a000 	C:\Windows\system32\WS2_32.dll
0x00007ffbad930000 - 0x00007ffbad95a000 	C:\Windows\SYSTEM32\WINMMBASE.dll
0x00007ffbb3af0000 - 0x00007ffbb3af9000 	C:\Windows\system32\NSI.dll
0x00007ffbb1210000 - 0x00007ffbb125f000 	C:\Windows\SYSTEM32\cfgmgr32.dll
0x00007ffbaff40000 - 0x00007ffbaff68000 	C:\Windows\SYSTEM32\DEVOBJ.dll
0x000000005b740000 - 0x000000005b74f000 	C:\Program Files\Java\jre1.8.0_66\bin\verify.dll
0x0000000059d10000 - 0x0000000059d39000 	C:\Program Files\Java\jre1.8.0_66\bin\java.dll
0x0000000059cf0000 - 0x0000000059d06000 	C:\Program Files\Java\jre1.8.0_66\bin\zip.dll
0x00007ffb7ef90000 - 0x00007ffb7f07f000 	C:\Users\pc\AppData\Local\Temp\javacpp1222357118384093\msvcr120.dll
0x00007ffb91e90000 - 0x00007ffb91f36000 	C:\Users\pc\AppData\Local\Temp\javacpp1222357118384093\msvcp120.dll
0x00007ffb72220000 - 0x00007ffb724a1000 	C:\Users\pc\AppData\Local\Temp\javacpp1222357118384093\opencv_core300.dll
0x00007ffb71ea0000 - 0x00007ffb7221f000 	C:\Users\pc\AppData\Local\Temp\javacpp1222357118384093\opencv_imgproc300.dll
0x00007ffb71ce0000 - 0x00007ffb71e98000 	C:\Users\pc\AppData\Local\Temp\javacpp1222357118384093\jniopencv_core.dll
0x00007ffb7ea40000 - 0x00007ffb7eae5000 	C:\Users\pc\AppData\Local\Temp\javacpp1222357118384093\jniopencv_imgproc.dll
0x00007ffb71a20000 - 0x00007ffb71cd7000 	C:\Users\pc\AppData\Local\Temp\javacpp1222357118384093\opencv_imgcodecs300.dll
0x00007ffb999c0000 - 0x00007ffb999db000 	C:\Users\pc\AppData\Local\Temp\javacpp1222357118384093\jniopencv_imgcodecs.dll
0x0000000059cd0000 - 0x0000000059cea000 	C:\Program Files\Java\jre1.8.0_66\bin\net.dll
0x00007ffbb0950000 - 0x00007ffbb09a9000 	C:\Windows\system32\mswsock.dll
0x00007ffbb0750000 - 0x00007ffbb07f4000 	C:\Windows\SYSTEM32\DNSAPI.dll
0x000000005b590000 - 0x000000005b5b6000 	C:\Program Files\Bonjour\mdnsNSP.dll
0x00007ffbaaae0000 - 0x00007ffbaab0a000 	C:\Windows\SYSTEM32\Iphlpapi.DLL
0x00007ffbaaac0000 - 0x00007ffbaaaca000 	C:\Windows\SYSTEM32\WINNSI.DLL
0x00007ffbacfd0000 - 0x00007ffbacfda000 	C:\Windows\System32\rasadhlp.dll
0x00007ffbaa700000 - 0x00007ffbaa76b000 	C:\Windows\System32\fwpuclnt.dll
0x00007ffb9b030000 - 0x00007ffb9b1b9000 	C:\Windows\SYSTEM32\dbghelp.dll

VM Arguments:
jvm_args: -Djava.library.path=C:\Users\pc\Documents\GitHub\yuz-tanima\target\natives -Dfile.encoding=UTF-8 
java_command: com.zk.denemeler.YuzTanima
java_class_path (initial): C:\Users\pc\Documents\GitHub\yuz-tanima\target\classes;C:\Users\pc\.m2\repository\junit\junit\3.8.1\junit-3.8.1.jar;C:\Users\pc\.m2\repository\mysql\mysql-connector-java\5.1.6\mysql-connector-java-5.1.6.jar;C:\Users\pc\.m2\repository\com\zk\opencv\opencvjar\3.0.0\opencvjar-3.0.0.jar;C:\Users\pc\.m2\repository\com\zk\opencv\opencvjar-runtime\3.0.0\opencvjar-runtime-3.0.0-natives-windows.jar;C:\Users\pc\.m2\repository\org\bytedeco\javacv\1.1\javacv-1.1.jar;C:\Users\pc\.m2\repository\org\bytedeco\javacpp\1.1\javacpp-1.1.jar;C:\Users\pc\.m2\repository\org\bytedeco\javacpp-presets\opencv\3.0.0-1.1\opencv-3.0.0-1.1.jar;C:\Users\pc\.m2\repository\org\bytedeco\javacpp-presets\opencv\3.0.0-1.1\opencv-3.0.0-1.1-windows-x86_64.jar;C:\Users\pc\.m2\repository\org\bytedeco\javacpp-presets\ffmpeg\2.8.1-1.1\ffmpeg-2.8.1-1.1.jar;C:\Users\pc\.m2\repository\org\bytedeco\javacpp-presets\ffmpeg\2.8.1-1.1\ffmpeg-2.8.1-1.1-windows-x86_64.jar;C:\Users\pc\.m2\repository\org\bytedeco\javacpp-presets\flycapture\2.8.3.1-1.1\flycapture-2.8.3.1-1.1.jar;C:\Users\pc\.m2\repository\org\bytedeco\javacpp-presets\flycapture\2.8.3.1-1.1\flycapture-2.8.3.1-1.1-windows-x86_64.jar;C:\Users\pc\.m2\repository\org\bytedeco\javacpp-presets\libdc1394\2.2.3-1.1\libdc1394-2.2.3-1.1.jar;C:\Users\pc\.m2\repository\org\bytedeco\javacpp-presets\libdc1394\2.2.3-1.1\libdc1394-2.2.3-1.1-windows-x86_64.jar;C:\Users\pc\.m2\repository\org\bytedeco\javacpp-presets\libfreenect\0.5.3-1.1\libfreenect-0.5.3-1.1.jar;C:\Users\pc\.m2\repository\org\bytedeco\javacpp-presets\libfreenect\0.5.3-1.1\libfreenect-0.5.3-1.1-windows-x86_64.jar;C:\Users\pc\.m2\repository\org\bytedeco\javacpp-presets\videoinput\0.200-1.1\videoinput-0.200-1.1.jar;C:\Users\pc\.m2\repository\org\bytedeco\javacpp-presets\videoinput\0.200-1.1\videoinput-0.200-1.1-windows-x86_64.jar;C:\Users\pc\.m2\repository\org\bytedeco\javacpp-presets\artoolkitplus\2.3.1-1.1\artoolkitplus-2.3.1-1.1.jar;C:\Users\pc\.m2\repository\org\bytedeco\javacp
Launcher Type: SUN_STANDARD

Environment Variables:
JAVA_HOME=C:\Program Files\Java\jdk1.8.0_66
CLASSPATH=C:\Users\pc\jprg\classes;C:\Users\pc\Documents\zk\bin
PATH=C:/Program Files/Java/jdk1.8.0_66/bin/../jre/bin/server;C:/Program Files/Java/jdk1.8.0_66/bin/../jre/bin;C:/Program Files/Java/jdk1.8.0_66/bin/../jre/lib/amd64;C:\Program Files (x86)\EasyPHP-DevServer-14.1VC9\binaries\php\php_runningversion;C:\Program Files (x86)\Intel\iCLS Client\;C:\Program Files\Intel\iCLS Client\;C:\Program Files (x86)\NVIDIA Corporation\PhysX\Common;C:\Windows\system32;C:\Windows;C:\Windows\System32\Wbem;C:\Windows\System32\WindowsPowerShell\v1.0\;C:\Program Files\Intel\Intel(R) Management Engine Components\DAL;C:\Program Files\Intel\Intel(R) Management Engine Components\IPT;C:\Program Files (x86)\Intel\Intel(R) Management Engine Components\DAL;C:\Program Files (x86)\Intel\Intel(R) Management Engine Components\IPT;C:\Program Files (x86)\Windows Kits\8.0\Windows Performance Toolkit\;C:\Program Files\Microsoft SQL Server\120\Tools\Binn\;C:\Program Files\Microsoft SQL Server\Client SDK\ODBC\110\Tools\Binn\;C:\Program Files (x86)\Microsoft SQL Server\120\Tools\Binn\;C:\Program Files\Microsoft SQL Server\120\DTS\Binn\;C:\Program Files (x86)\Microsoft SQL Server\120\Tools\Binn\ManagementStudio\;C:\Program Files (x86)\Microsoft SQL Server\120\DTS\Binn\;C:\Program Files\Java\jdk1.8.0_66\bin\;C:\Program Files\MATLAB\R2012b\runtime\win64;C:\Program Files\MATLAB\R2012b\bin;C:\Program Files (x86)\Skype\Phone\;C:\MinGW\bin;C:\Program Files (x86)\CMake\bin;C:\apache-maven-3.3.3\bin;C:\eclipse;
USERNAME=pc
OS=Windows_NT
PROCESSOR_IDENTIFIER=Intel64 Family 6 Model 60 Stepping 3, GenuineIntel



---------------  S Y S T E M  ---------------

OS: Windows 8.1 , 64 bit Build 9600 (6.3.9600.17415)

CPU:total 8 (4 cores per cpu, 2 threads per core) family 6 model 60 stepping 3, cmov, cx8, fxsr, mmx, sse, sse2, sse3, ssse3, sse4.1, sse4.2, popcnt, avx, avx2, aes, clmul, erms, lzcnt, ht, tsc, tscinvbit, bmi1, bmi2

Memory: 4k page, physical 8326788k(3630496k free), swap 14580780k(2522632k free)

vm_info: Java HotSpot(TM) 64-Bit Server VM (25.66-b18) for windows-amd64 JRE (1.8.0_66-b18), built on Nov  9 2015 10:51:13 by "java_re" with MS VC++ 10.0 (VS2010)

time: Mon Dec 07 14:32:17 2015
elapsed time: 0 seconds (0d 0h 0m 0s)

