#
# A fatal error has been detected by the Java Runtime Environment:
#
#  EXCEPTION_ACCESS_VIOLATION (0xc0000005) at pc=0x00007ffb6b632099, pid=2140, tid=6060
#
# JRE version: Java(TM) SE Runtime Environment (8.0_66-b18) (build 1.8.0_66-b18)
# Java VM: Java HotSpot(TM) 64-Bit Server VM (25.66-b18 mixed mode windows-amd64 compressed oops)
# Problematic frame:
# C  [jniopencv_core.dll+0x2099]
#
# Failed to write core dump. Minidumps are not enabled by default on client versions of Windows
#
# If you would like to submit a bug report, please visit:
#   http://bugreport.java.com/bugreport/crash.jsp
# The crash happened outside the Java Virtual Machine in native code.
# See problematic frame for where to report the bug.
#

---------------  T H R E A D  ---------------

Current thread (0x000000001aae2800):  JavaThread "AWT-EventQueue-0" [_thread_in_native, id=6060, stack(0x000000001d030000,0x000000001d130000)]

siginfo: ExceptionCode=0xc0000005, reading address 0x0000000000000038

Registers:
RAX=0x0000000000000000, RBX=0x0000000000000000, RCX=0x0000000000000000, RDX=0x000000001d005660
RSP=0x000000001d129940, RBP=0x000000001d005660, RSI=0x000000001d129aa0, RDI=0x000000001d005660
R8 =0x0000000000000032, R9 =0x00000000d63b2778, R10=0x0000000000000042, R11=0x0000000059501258
R12=0x0000000000000000, R13=0x000000002479b2c8, R14=0x000000001cfb16d0, R15=0x0000000000000000
RIP=0x00007ffb6b632099, EFLAGS=0x0000000000010202

Top of Stack: (sp=0x000000001d129940)
0x000000001d129940:   000000002479b2d0 000000001d129aa0
0x000000001d129950:   000000001aa2fe90 0000000058dba2b6
0x000000001d129960:   0000000000000000 00007ffb6b631db4
0x000000001d129970:   00000000000003d8 00000000199d21c0
0x000000001d129980:   000000002479b2d0 000000001aae2800
0x000000001d129990:   000000001d129a88 00007ffb6b6b4658
0x000000001d1299a0:   000000001aae29f8 0000000002885cc6
0x000000001d1299b0:   0000000000000000 000000001aae2800
0x000000001d1299c0:   000000001aae2800 000000001d129aa0
0x000000001d1299d0:   0000000002877a70 0000000002885e34
0x000000001d1299e0:   000000001d129a68 000000002479b2d0
0x000000001d1299f0:   0000000000200021 0000000002885bab
0x000000001d129a00:   000000001aae2800 000000002479b2d0
0x000000001d129a10:   0000000000200021 000000001aae2800
0x000000001d129a20:   0000000002885b62 000000001d129a28
0x000000001d129a30:   000000002479b2c8 000000001d129aa0 

Instructions: (pc=0x00007ffb6b632099)
0x00007ffb6b632079:   30 ff 15 c8 63 0f 00 48 8b c3 48 83 c4 50 5b c3
0x00007ffb6b632089:   cc cc cc cc cc cc cc 40 53 48 83 ec 20 48 8b d9
0x00007ffb6b632099:   48 8b 49 38 48 85 c9 74 16 83 c8 ff f0 0f c1 41
0x00007ffb6b6320a9:   14 83 f8 01 75 09 48 8b cb ff 15 08 63 0f 00 45 


Register to memory mapping:

RAX=0x0000000000000000 is an unknown value
RBX=0x0000000000000000 is an unknown value
RCX=0x0000000000000000 is an unknown value
RDX=0x000000001d005660 is an unknown value
RSP=0x000000001d129940 is pointing into the stack for thread: 0x000000001aae2800
RBP=0x000000001d005660 is an unknown value
RSI=0x000000001d129aa0 is pointing into the stack for thread: 0x000000001aae2800
RDI=0x000000001d005660 is an unknown value
R8 =0x0000000000000032 is an unknown value
R9 =0x00000000d63b2778 is an oop
org.bytedeco.javacpp.opencv_core$Mat 
 - klass: 'org/bytedeco/javacpp/opencv_core$Mat'
R10=0x0000000000000042 is an unknown value
R11=0x0000000059501258 is an unknown value
R12=0x0000000000000000 is an unknown value
R13=0x000000002479b2c8 is pointing into metadata
R14=0x000000001cfb16d0 is an unknown value
R15=0x0000000000000000 is an unknown value


Stack: [0x000000001d030000,0x000000001d130000],  sp=0x000000001d129940,  free space=998k
Native frames: (J=compiled Java code, j=interpreted, Vv=VM code, C=native code)
C  [jniopencv_core.dll+0x2099]
C  [jniopencv_core.dll+0x1db4]
C  [jniopencv_core.dll+0x84658]
C  0x0000000002885e34

Java frames: (J=compiled Java code, j=interpreted, Vv=VM code)
j  org.bytedeco.javacpp.opencv_core$MatVector.put(JLorg/bytedeco/javacpp/opencv_core$Mat;)Lorg/bytedeco/javacpp/opencv_core$MatVector;+0
j  com.zk.yuz_tanima.YuzTaniyici.tani()V+171
j  com.zk.App$4.actionPerformed(Ljava/awt/event/ActionEvent;)V+0
j  javax.swing.AbstractButton.fireActionPerformed(Ljava/awt/event/ActionEvent;)V+83
j  javax.swing.AbstractButton$Handler.actionPerformed(Ljava/awt/event/ActionEvent;)V+5
j  javax.swing.DefaultButtonModel.fireActionPerformed(Ljava/awt/event/ActionEvent;)V+34
j  javax.swing.DefaultButtonModel.setPressed(Z)V+117
j  javax.swing.plaf.basic.BasicButtonListener.mouseReleased(Ljava/awt/event/MouseEvent;)V+35
j  java.awt.Component.processMouseEvent(Ljava/awt/event/MouseEvent;)V+64
j  javax.swing.JComponent.processMouseEvent(Ljava/awt/event/MouseEvent;)V+23
j  java.awt.Component.processEvent(Ljava/awt/AWTEvent;)V+81
J 1159 C1 java.awt.Container.processEvent(Ljava/awt/AWTEvent;)V (22 bytes) @ 0x0000000002c767cc [0x0000000002c764a0+0x32c]
J 1070 C1 java.awt.Component.dispatchEventImpl(Ljava/awt/AWTEvent;)V (883 bytes) @ 0x0000000002c2e5dc [0x0000000002c29100+0x54dc]
J 931 C1 java.awt.Container.dispatchEventImpl(Ljava/awt/AWTEvent;)V (129 bytes) @ 0x0000000002bab5c4 [0x0000000002bab480+0x144]
J 930 C1 java.awt.Component.dispatchEvent(Ljava/awt/AWTEvent;)V (6 bytes) @ 0x0000000002ba87c4 [0x0000000002ba86c0+0x104]
j  java.awt.LightweightDispatcher.retargetMouseEvent(Ljava/awt/Component;ILjava/awt/event/MouseEvent;)V+327
j  java.awt.LightweightDispatcher.processMouseEvent(Ljava/awt/event/MouseEvent;)Z+155
J 1113 C1 java.awt.LightweightDispatcher.dispatchEvent(Ljava/awt/AWTEvent;)Z (73 bytes) @ 0x0000000002c530bc [0x0000000002c52c80+0x43c]
J 931 C1 java.awt.Container.dispatchEventImpl(Ljava/awt/AWTEvent;)V (129 bytes) @ 0x0000000002bab564 [0x0000000002bab480+0xe4]
J 1068 C1 java.awt.Window.dispatchEventImpl(Ljava/awt/AWTEvent;)V (23 bytes) @ 0x0000000002c252a4 [0x0000000002c24cc0+0x5e4]
J 1060 C1 java.awt.EventQueue.dispatchEventImpl(Ljava/awt/AWTEvent;Ljava/lang/Object;)V (149 bytes) @ 0x0000000002c2137c [0x0000000002c1fb40+0x183c]
J 1058 C1 java.awt.EventQueue$3.run()Ljava/lang/Void; (60 bytes) @ 0x0000000002c1ef4c [0x0000000002c1ed40+0x20c]
J 1057 C1 java.awt.EventQueue$3.run()Ljava/lang/Object; (5 bytes) @ 0x0000000002c1e9cc [0x0000000002c1e940+0x8c]
v  ~StubRoutines::call_stub
J 566  java.security.AccessController.doPrivileged(Ljava/security/PrivilegedAction;Ljava/security/AccessControlContext;)Ljava/lang/Object; (0 bytes) @ 0x0000000002aaf2e6 [0x0000000002aaf280+0x66]
J 1052 C1 java.awt.EventQueue$4.run()Ljava/lang/Object; (5 bytes) @ 0x0000000002c1aeec [0x0000000002c1aac0+0x42c]
v  ~StubRoutines::call_stub
J 566  java.security.AccessController.doPrivileged(Ljava/security/PrivilegedAction;Ljava/security/AccessControlContext;)Ljava/lang/Object; (0 bytes) @ 0x0000000002aaf2e6 [0x0000000002aaf280+0x66]
J 964 C1 java.awt.EventQueue.dispatchEvent(Ljava/awt/AWTEvent;)V (80 bytes) @ 0x0000000002bc4ebc [0x0000000002bc4040+0xe7c]
J 971 C1 java.awt.EventDispatchThread.pumpOneEventForFilters(I)V (295 bytes) @ 0x0000000002bce324 [0x0000000002bcc7c0+0x1b64]
j  java.awt.EventDispatchThread.pumpEventsForFilter(ILjava/awt/Conditional;Ljava/awt/EventFilter;)V+35
j  java.awt.EventDispatchThread.pumpEventsForFilter(Ljava/awt/Conditional;Ljava/awt/EventFilter;)V+4
j  java.awt.WaitDispatchSupport$2.run()V+59
j  java.awt.WaitDispatchSupport$4.run()Ljava/lang/Void;+4
j  java.awt.WaitDispatchSupport$4.run()Ljava/lang/Object;+1
v  ~StubRoutines::call_stub
J 431  java.security.AccessController.doPrivileged(Ljava/security/PrivilegedAction;)Ljava/lang/Object; (0 bytes) @ 0x0000000002a77492 [0x0000000002a77440+0x52]
j  java.awt.WaitDispatchSupport.enter()Z+279
j  java.awt.Dialog.show()V+233
j  java.awt.Component.show(Z)V+5
j  java.awt.Component.setVisible(Z)V+2
j  java.awt.Window.setVisible(Z)V+2
j  java.awt.Dialog.setVisible(Z)V+2
j  com.zk.yuz_tanima.YuzTaniAcAction.actionPerformed(Ljava/awt/event/ActionEvent;)V+20
j  javax.swing.AbstractButton.fireActionPerformed(Ljava/awt/event/ActionEvent;)V+83
j  javax.swing.AbstractButton$Handler.actionPerformed(Ljava/awt/event/ActionEvent;)V+5
j  javax.swing.DefaultButtonModel.fireActionPerformed(Ljava/awt/event/ActionEvent;)V+34
j  javax.swing.DefaultButtonModel.setPressed(Z)V+117
j  javax.swing.AbstractButton.doClick(I)V+64
j  javax.swing.plaf.basic.BasicMenuItemUI.doClick(Ljavax/swing/MenuSelectionManager;)V+53
j  javax.swing.plaf.basic.BasicMenuItemUI$Handler.mouseReleased(Ljava/awt/event/MouseEvent;)V+76
j  java.awt.AWTEventMulticaster.mouseReleased(Ljava/awt/event/MouseEvent;)V+8
j  java.awt.Component.processMouseEvent(Ljava/awt/event/MouseEvent;)V+64
j  javax.swing.JComponent.processMouseEvent(Ljava/awt/event/MouseEvent;)V+23
j  java.awt.Component.processEvent(Ljava/awt/AWTEvent;)V+81
j  java.awt.Container.processEvent(Ljava/awt/AWTEvent;)V+18
J 1070 C1 java.awt.Component.dispatchEventImpl(Ljava/awt/AWTEvent;)V (883 bytes) @ 0x0000000002c2e5dc [0x0000000002c29100+0x54dc]
J 931 C1 java.awt.Container.dispatchEventImpl(Ljava/awt/AWTEvent;)V (129 bytes) @ 0x0000000002bab5c4 [0x0000000002bab480+0x144]
J 930 C1 java.awt.Component.dispatchEvent(Ljava/awt/AWTEvent;)V (6 bytes) @ 0x0000000002ba87c4 [0x0000000002ba86c0+0x104]
j  java.awt.LightweightDispatcher.retargetMouseEvent(Ljava/awt/Component;ILjava/awt/event/MouseEvent;)V+327
j  java.awt.LightweightDispatcher.processMouseEvent(Ljava/awt/event/MouseEvent;)Z+155
j  java.awt.LightweightDispatcher.dispatchEvent(Ljava/awt/AWTEvent;)Z+50
J 931 C1 java.awt.Container.dispatchEventImpl(Ljava/awt/AWTEvent;)V (129 bytes) @ 0x0000000002bab564 [0x0000000002bab480+0xe4]
J 1068 C1 java.awt.Window.dispatchEventImpl(Ljava/awt/AWTEvent;)V (23 bytes) @ 0x0000000002c252a4 [0x0000000002c24cc0+0x5e4]
J 1060 C1 java.awt.EventQueue.dispatchEventImpl(Ljava/awt/AWTEvent;Ljava/lang/Object;)V (149 bytes) @ 0x0000000002c2137c [0x0000000002c1fb40+0x183c]
J 1058 C1 java.awt.EventQueue$3.run()Ljava/lang/Void; (60 bytes) @ 0x0000000002c1ef4c [0x0000000002c1ed40+0x20c]
J 1057 C1 java.awt.EventQueue$3.run()Ljava/lang/Object; (5 bytes) @ 0x0000000002c1e9cc [0x0000000002c1e940+0x8c]
v  ~StubRoutines::call_stub
J 566  java.security.AccessController.doPrivileged(Ljava/security/PrivilegedAction;Ljava/security/AccessControlContext;)Ljava/lang/Object; (0 bytes) @ 0x0000000002aaf2e6 [0x0000000002aaf280+0x66]
J 1052 C1 java.awt.EventQueue$4.run()Ljava/lang/Object; (5 bytes) @ 0x0000000002c1aeec [0x0000000002c1aac0+0x42c]
v  ~StubRoutines::call_stub
J 566  java.security.AccessController.doPrivileged(Ljava/security/PrivilegedAction;Ljava/security/AccessControlContext;)Ljava/lang/Object; (0 bytes) @ 0x0000000002aaf2e6 [0x0000000002aaf280+0x66]
J 964 C1 java.awt.EventQueue.dispatchEvent(Ljava/awt/AWTEvent;)V (80 bytes) @ 0x0000000002bc4ebc [0x0000000002bc4040+0xe7c]
J 971 C1 java.awt.EventDispatchThread.pumpOneEventForFilters(I)V (295 bytes) @ 0x0000000002bce324 [0x0000000002bcc7c0+0x1b64]
j  java.awt.EventDispatchThread.pumpEventsForFilter(ILjava/awt/Conditional;Ljava/awt/EventFilter;)V+35
j  java.awt.EventDispatchThread.pumpEventsForHierarchy(ILjava/awt/Conditional;Ljava/awt/Component;)V+11
j  java.awt.EventDispatchThread.pumpEvents(ILjava/awt/Conditional;)V+4
j  java.awt.EventDispatchThread.pumpEvents(Ljava/awt/Conditional;)V+3
j  java.awt.EventDispatchThread.run()V+9
v  ~StubRoutines::call_stub

---------------  P R O C E S S  ---------------

Java Threads: ( => current thread )
  0x000000001ac09800 JavaThread "MySQL Statement Cancellation Timer" daemon [_thread_blocked, id=32, stack(0x000000001e590000,0x000000001e690000)]
  0x000000001aba8800 JavaThread "TimerQueue" daemon [_thread_blocked, id=10340, stack(0x000000001e250000,0x000000001e350000)]
  0x000000001ab88000 JavaThread "D3D Screen Updater" daemon [_thread_blocked, id=10732, stack(0x000000001dc10000,0x000000001dd10000)]
=>0x000000001aae2800 JavaThread "AWT-EventQueue-0" [_thread_in_native, id=6060, stack(0x000000001d030000,0x000000001d130000)]
  0x000000001aa49000 JavaThread "AWT-Windows" daemon [_thread_in_native, id=8476, stack(0x000000001b2e0000,0x000000001b3e0000)]
  0x000000001aa37000 JavaThread "AWT-Shutdown" [_thread_blocked, id=5896, stack(0x000000001b1e0000,0x000000001b2e0000)]
  0x000000001aa4f800 JavaThread "Java2D Disposer" daemon [_thread_blocked, id=10856, stack(0x000000001b0e0000,0x000000001b1e0000)]
  0x0000000019a11800 JavaThread "Service Thread" daemon [_thread_blocked, id=9700, stack(0x000000001a340000,0x000000001a440000)]
  0x0000000019983000 JavaThread "C1 CompilerThread3" daemon [_thread_blocked, id=1228, stack(0x000000001a240000,0x000000001a340000)]
  0x000000001997d000 JavaThread "C2 CompilerThread2" daemon [_thread_blocked, id=11920, stack(0x000000001a140000,0x000000001a240000)]
  0x000000001996d800 JavaThread "C2 CompilerThread1" daemon [_thread_blocked, id=6084, stack(0x000000001a040000,0x000000001a140000)]
  0x0000000019968800 JavaThread "C2 CompilerThread0" daemon [_thread_blocked, id=12168, stack(0x0000000019f40000,0x000000001a040000)]
  0x0000000019967000 JavaThread "Attach Listener" daemon [_thread_blocked, id=11100, stack(0x0000000019e40000,0x0000000019f40000)]
  0x0000000019966000 JavaThread "Signal Dispatcher" daemon [_thread_blocked, id=10480, stack(0x0000000019d40000,0x0000000019e40000)]
  0x0000000002869800 JavaThread "Finalizer" daemon [_thread_blocked, id=12092, stack(0x0000000019770000,0x0000000019870000)]
  0x0000000002863000 JavaThread "Reference Handler" daemon [_thread_blocked, id=6184, stack(0x0000000019670000,0x0000000019770000)]
  0x0000000000e6e000 JavaThread "main" [_thread_in_native, id=4192, stack(0x0000000002670000,0x0000000002770000)]

Other Threads:
  0x0000000017859000 VMThread [stack: 0x0000000019570000,0x0000000019670000] [id=10980]
  0x0000000019a1b800 WatcherThread [stack: 0x000000001a440000,0x000000001a540000] [id=8884]

VM state:not at safepoint (normal execution)

VM Mutex/Monitor currently owned by a thread: None

Heap:
 PSYoungGen      total 37888K, used 15118K [0x00000000d5a00000, 0x00000000d8d00000, 0x0000000100000000)
  eden space 32768K, 30% used [0x00000000d5a00000,0x00000000d63c89d0,0x00000000d7a00000)
  from space 5120K, 99% used [0x00000000d7a80000,0x00000000d7f7b050,0x00000000d7f80000)
  to   space 9728K, 0% used [0x00000000d8380000,0x00000000d8380000,0x00000000d8d00000)
 ParOldGen       total 87552K, used 9776K [0x0000000080e00000, 0x0000000086380000, 0x00000000d5a00000)
  object space 87552K, 11% used [0x0000000080e00000,0x000000008178c168,0x0000000086380000)
 Metaspace       used 17484K, capacity 17704K, committed 17792K, reserved 1064960K
  class space    used 2106K, capacity 2174K, committed 2176K, reserved 1048576K

Card table byte_map: [0x0000000011c30000,0x0000000012030000] byte_map_base: 0x0000000011829000

Marking Bits: (ParMarkBitMap*) 0x000000005950a5b0
 Begin Bits: [0x0000000012ae0000, 0x0000000014aa8000)
 End Bits:   [0x0000000014aa8000, 0x0000000016a70000)

Polling page: 0x0000000000e00000

CodeCache: size=245760Kb used=5409Kb max_used=5409Kb free=240350Kb
 bounds [0x0000000002870000, 0x0000000002dc0000, 0x0000000011870000]
 total_blobs=2327 nmethods=1538 adapters=701
 compilation: enabled

Compilation events (10 events):
Event: 8.764 Thread 0x0000000019983000 nmethod 1520 0x0000000002da8810 code [0x0000000002da8980, 0x0000000002da8c28]
Event: 8.764 Thread 0x0000000019983000 1521       3       com.mysql.jdbc.RowDataStatic::isAfterLast (22 bytes)
Event: 8.764 Thread 0x0000000019983000 nmethod 1521 0x0000000002da8cd0 code [0x0000000002da8e40, 0x0000000002da90c8]
Event: 8.764 Thread 0x0000000019983000 1526       3       com.mysql.jdbc.ByteArrayRow::closeOpenStreams (1 bytes)
Event: 8.764 Thread 0x0000000019983000 nmethod 1526 0x0000000002da9190 code [0x0000000002da92e0, 0x0000000002da9430]
Event: 8.764 Thread 0x0000000019983000 1523       3       com.mysql.jdbc.ByteArrayRow::<init> (10 bytes)
Event: 8.764 Thread 0x0000000019983000 nmethod 1523 0x0000000002da94d0 code [0x0000000002da9640, 0x0000000002da9870]
Event: 8.764 Thread 0x0000000019983000 1527       3       com.mysql.jdbc.ResultSetImpl::getString (103 bytes)
Event: 8.765 Thread 0x0000000019983000 nmethod 1527 0x0000000002da9950 code [0x0000000002da9b80, 0x0000000002daac48]
Event: 8.765 Thread 0x0000000019983000 1538       3       com.mysql.jdbc.StringUtils::getInt (283 bytes)

GC Heap History (10 events):
Event: 6.473 GC heap before
{Heap before GC invocations=1 (full 0):
 PSYoungGen      total 38400K, used 32458K [0x00000000d5a00000, 0x00000000d8480000, 0x0000000100000000)
  eden space 33280K, 97% used [0x00000000d5a00000,0x00000000d79b2880,0x00000000d7a80000)
  from space 5120K, 0% used [0x00000000d7f80000,0x00000000d7f80000,0x00000000d8480000)
  to   space 5120K, 0% used [0x00000000d7a80000,0x00000000d7a80000,0x00000000d7f80000)
 ParOldGen       total 87552K, used 0K [0x0000000080e00000, 0x0000000086380000, 0x00000000d5a00000)
  object space 87552K, 0% used [0x0000000080e00000,0x0000000080e00000,0x0000000086380000)
 Metaspace       used 15131K, capacity 15336K, committed 15488K, reserved 1062912K
  class space    used 1849K, capacity 1918K, committed 1920K, reserved 1048576K
Event: 6.480 GC heap after
Heap after GC invocations=1 (full 0):
 PSYoungGen      total 38400K, used 5116K [0x00000000d5a00000, 0x00000000d8480000, 0x0000000100000000)
  eden space 33280K, 0% used [0x00000000d5a00000,0x00000000d5a00000,0x00000000d7a80000)
  from space 5120K, 99% used [0x00000000d7a80000,0x00000000d7f7f060,0x00000000d7f80000)
  to   space 5120K, 0% used [0x00000000d7f80000,0x00000000d7f80000,0x00000000d8480000)
 ParOldGen       total 87552K, used 2282K [0x0000000080e00000, 0x0000000086380000, 0x00000000d5a00000)
  object space 87552K, 2% used [0x0000000080e00000,0x000000008103a8d0,0x0000000086380000)
 Metaspace       used 15131K, capacity 15336K, committed 15488K, reserved 1062912K
  class space    used 1849K, capacity 1918K, committed 1920K, reserved 1048576K
}
Event: 7.045 GC heap before
{Heap before GC invocations=2 (full 0):
 PSYoungGen      total 38400K, used 38331K [0x00000000d5a00000, 0x00000000d8480000, 0x0000000100000000)
  eden space 33280K, 99% used [0x00000000d5a00000,0x00000000d7a6fca0,0x00000000d7a80000)
  from space 5120K, 99% used [0x00000000d7a80000,0x00000000d7f7f060,0x00000000d7f80000)
  to   space 5120K, 0% used [0x00000000d7f80000,0x00000000d7f80000,0x00000000d8480000)
 ParOldGen       total 87552K, used 2282K [0x0000000080e00000, 0x0000000086380000, 0x00000000d5a00000)
  object space 87552K, 2% used [0x0000000080e00000,0x000000008103a8d0,0x0000000086380000)
 Metaspace       used 15160K, capacity 15400K, committed 15488K, reserved 1062912K
  class space    used 1849K, capacity 1918K, committed 1920K, reserved 1048576K
Event: 7.049 GC heap after
Heap after GC invocations=2 (full 0):
 PSYoungGen      total 38400K, used 5116K [0x00000000d5a00000, 0x00000000d8480000, 0x0000000100000000)
  eden space 33280K, 0% used [0x00000000d5a00000,0x00000000d5a00000,0x00000000d7a80000)
  from space 5120K, 99% used [0x00000000d7f80000,0x00000000d847f060,0x00000000d8480000)
  to   space 5120K, 0% used [0x00000000d7a80000,0x00000000d7a80000,0x00000000d7f80000)
 ParOldGen       total 87552K, used 5038K [0x0000000080e00000, 0x0000000086380000, 0x00000000d5a00000)
  object space 87552K, 5% used [0x0000000080e00000,0x00000000812eb900,0x0000000086380000)
 Metaspace       used 15160K, capacity 15400K, committed 15488K, reserved 1062912K
  class space    used 1849K, capacity 1918K, committed 1920K, reserved 1048576K
}
Event: 7.607 GC heap before
{Heap before GC invocations=3 (full 0):
 PSYoungGen      total 38400K, used 38217K [0x00000000d5a00000, 0x00000000d8480000, 0x0000000100000000)
  eden space 33280K, 99% used [0x00000000d5a00000,0x00000000d7a53558,0x00000000d7a80000)
  from space 5120K, 99% used [0x00000000d7f80000,0x00000000d847f060,0x00000000d8480000)
  to   space 5120K, 0% used [0x00000000d7a80000,0x00000000d7a80000,0x00000000d7f80000)
 ParOldGen       total 87552K, used 5038K [0x0000000080e00000, 0x0000000086380000, 0x00000000d5a00000)
  object space 87552K, 5% used [0x0000000080e00000,0x00000000812eb900,0x0000000086380000)
 Metaspace       used 15174K, capacity 15400K, committed 15488K, reserved 1062912K
  class space    used 1849K, capacity 1918K, committed 1920K, reserved 1048576K
Event: 7.610 GC heap after
Heap after GC invocations=3 (full 0):
 PSYoungGen      total 38400K, used 5100K [0x00000000d5a00000, 0x00000000d8480000, 0x0000000100000000)
  eden space 33280K, 0% used [0x00000000d5a00000,0x00000000d5a00000,0x00000000d7a80000)
  from space 5120K, 99% used [0x00000000d7a80000,0x00000000d7f7b050,0x00000000d7f80000)
  to   space 5120K, 0% used [0x00000000d7f80000,0x00000000d7f80000,0x00000000d8480000)
 ParOldGen       total 87552K, used 8714K [0x0000000080e00000, 0x0000000086380000, 0x00000000d5a00000)
  object space 87552K, 9% used [0x0000000080e00000,0x0000000081682950,0x0000000086380000)
 Metaspace       used 15174K, capacity 15400K, committed 15488K, reserved 1062912K
  class space    used 1849K, capacity 1918K, committed 1920K, reserved 1048576K
}
Event: 8.179 GC heap before
{Heap before GC invocations=4 (full 0):
 PSYoungGen      total 38400K, used 37844K [0x00000000d5a00000, 0x00000000d8480000, 0x0000000100000000)
  eden space 33280K, 98% used [0x00000000d5a00000,0x00000000d79fa350,0x00000000d7a80000)
  from space 5120K, 99% used [0x00000000d7a80000,0x00000000d7f7b050,0x00000000d7f80000)
  to   space 5120K, 0% used [0x00000000d7f80000,0x00000000d7f80000,0x00000000d8480000)
 ParOldGen       total 87552K, used 8714K [0x0000000080e00000, 0x0000000086380000, 0x00000000d5a00000)
  object space 87552K, 9% used [0x0000000080e00000,0x0000000081682950,0x0000000086380000)
 Metaspace       used 15870K, capacity 16040K, committed 16384K, reserved 1062912K
  class space    used 1905K, capacity 1982K, committed 2048K, reserved 1048576K
Event: 8.182 GC heap after
Heap after GC invocations=4 (full 0):
 PSYoungGen      total 38400K, used 4619K [0x00000000d5a00000, 0x00000000d8480000, 0x0000000100000000)
  eden space 33280K, 0% used [0x00000000d5a00000,0x00000000d5a00000,0x00000000d7a80000)
  from space 5120K, 90% used [0x00000000d7f80000,0x00000000d8402c90,0x00000000d8480000)
  to   space 5120K, 0% used [0x00000000d7a80000,0x00000000d7a80000,0x00000000d7f80000)
 ParOldGen       total 87552K, used 8722K [0x0000000080e00000, 0x0000000086380000, 0x00000000d5a00000)
  object space 87552K, 9% used [0x0000000080e00000,0x0000000081684950,0x0000000086380000)
 Metaspace       used 15870K, capacity 16040K, committed 16384K, reserved 1062912K
  class space    used 1905K, capacity 1982K, committed 2048K, reserved 1048576K
}
Event: 8.619 GC heap before
{Heap before GC invocations=5 (full 0):
 PSYoungGen      total 38400K, used 37372K [0x00000000d5a00000, 0x00000000d8480000, 0x0000000100000000)
  eden space 33280K, 98% used [0x00000000d5a00000,0x00000000d79fc5e8,0x00000000d7a80000)
  from space 5120K, 90% used [0x00000000d7f80000,0x00000000d8402c90,0x00000000d8480000)
  to   space 5120K, 0% used [0x00000000d7a80000,0x00000000d7a80000,0x00000000d7f80000)
 ParOldGen       total 87552K, used 8722K [0x0000000080e00000, 0x0000000086380000, 0x00000000d5a00000)
  object space 87552K, 9% used [0x0000000080e00000,0x0000000081684950,0x0000000086380000)
 Metaspace       used 17339K, capacity 17512K, committed 17792K, reserved 1064960K
  class space    used 2097K, capacity 2174K, committed 2176K, reserved 1048576K
Event: 8.624 GC heap after
Heap after GC invocations=5 (full 0):
 PSYoungGen      total 37888K, used 5100K [0x00000000d5a00000, 0x00000000d8d00000, 0x0000000100000000)
  eden space 32768K, 0% used [0x00000000d5a00000,0x00000000d5a00000,0x00000000d7a00000)
  from space 5120K, 99% used [0x00000000d7a80000,0x00000000d7f7b050,0x00000000d7f80000)
  to   space 9728K, 0% used [0x00000000d8380000,0x00000000d8380000,0x00000000d8d00000)
 ParOldGen       total 87552K, used 9776K [0x0000000080e00000, 0x0000000086380000, 0x00000000d5a00000)
  object space 87552K, 11% used [0x0000000080e00000,0x000000008178c168,0x0000000086380000)
 Metaspace       used 17339K, capacity 17512K, committed 17792K, reserved 1064960K
  class space    used 2097K, capacity 2174K, committed 2176K, reserved 1048576K
}

Deoptimization events (10 events):
Event: 0.867 Thread 0x000000001aae2800 Uncommon trap: reason=class_check action=maybe_recompile pc=0x0000000002a197e8 method=java.lang.String.equals(Ljava/lang/Object;)Z @ 8
Event: 0.867 Thread 0x000000001aae2800 Uncommon trap: reason=class_check action=maybe_recompile pc=0x0000000002a197e8 method=java.lang.String.equals(Ljava/lang/Object;)Z @ 8
Event: 2.030 Thread 0x000000001aae2800 Uncommon trap: reason=unstable_if action=reinterpret pc=0x0000000002ae24cc method=java.util.Properties.loadConvert([CII[C)Ljava/lang/String; @ 4
Event: 2.036 Thread 0x000000001aae2800 Uncommon trap: reason=unstable_if action=reinterpret pc=0x0000000002b20ab8 method=java.util.Properties$LineReader.readLine()I @ 174
Event: 2.179 Thread 0x000000001aae2800 Uncommon trap: reason=unstable_if action=reinterpret pc=0x0000000002a3fc64 method=java.lang.String.indexOf([CII[CIII)I @ 3
Event: 7.953 Thread 0x000000001aae2800 Uncommon trap: reason=unstable_if action=reinterpret pc=0x0000000002b46e30 method=java.util.HashMap.getNode(ILjava/lang/Object;)Ljava/util/HashMap$Node; @ 62
Event: 7.953 Thread 0x000000001aae2800 Uncommon trap: reason=unstable_if action=reinterpret pc=0x0000000002b5e2dc method=java.util.HashMap.putVal(ILjava/lang/Object;Ljava/lang/Object;ZZ)Ljava/lang/Object; @ 94
Event: 7.953 Thread 0x000000001aae2800 Uncommon trap: reason=unstable_if action=reinterpret pc=0x0000000002b05a00 method=java.util.HashMap.getNode(ILjava/lang/Object;)Ljava/util/HashMap$Node; @ 62
Event: 7.963 Thread 0x000000001aae2800 Uncommon trap: reason=unstable_if action=reinterpret pc=0x0000000002b304b0 method=java.io.WinNTFileSystem.normalize(Ljava/lang/String;)Ljava/lang/String; @ 128
Event: 8.698 Thread 0x000000001aae2800 Uncommon trap: reason=unstable_if action=reinterpret pc=0x0000000002d3857c method=java.net.URI.match(CJJ)Z @ 45

Internal exceptions (10 events):
Event: 1.949 Thread 0x000000001aae2800 Exception <a 'java/security/PrivilegedActionException'> (0x00000000d640d620) thrown at [C:\re\workspace\8-2-build-windows-amd64-cygwin\jdk8u66\5298\hotspot\src\share\vm\prims\jvm.cpp, line 1386]
Event: 1.949 Thread 0x000000001aae2800 Exception <a 'java/security/PrivilegedActionException'> (0x00000000d640dc00) thrown at [C:\re\workspace\8-2-build-windows-amd64-cygwin\jdk8u66\5298\hotspot\src\share\vm\prims\jvm.cpp, line 1386]
Event: 1.954 Thread 0x000000001aae2800 Exception <a 'java/security/PrivilegedActionException'> (0x00000000d6464a58) thrown at [C:\re\workspace\8-2-build-windows-amd64-cygwin\jdk8u66\5298\hotspot\src\share\vm\prims\jvm.cpp, line 1386]
Event: 1.954 Thread 0x000000001aae2800 Exception <a 'java/security/PrivilegedActionException'> (0x00000000d6465038) thrown at [C:\re\workspace\8-2-build-windows-amd64-cygwin\jdk8u66\5298\hotspot\src\share\vm\prims\jvm.cpp, line 1386]
Event: 1.954 Thread 0x000000001aae2800 Exception <a 'java/security/PrivilegedActionException'> (0x00000000d6471810) thrown at [C:\re\workspace\8-2-build-windows-amd64-cygwin\jdk8u66\5298\hotspot\src\share\vm\prims\jvm.cpp, line 1386]
Event: 1.954 Thread 0x000000001aae2800 Exception <a 'java/security/PrivilegedActionException'> (0x00000000d6471df0) thrown at [C:\re\workspace\8-2-build-windows-amd64-cygwin\jdk8u66\5298\hotspot\src\share\vm\prims\jvm.cpp, line 1386]
Event: 1.955 Thread 0x000000001aae2800 Exception <a 'java/security/PrivilegedActionException'> (0x00000000d647edd8) thrown at [C:\re\workspace\8-2-build-windows-amd64-cygwin\jdk8u66\5298\hotspot\src\share\vm\prims\jvm.cpp, line 1386]
Event: 1.955 Thread 0x000000001aae2800 Exception <a 'java/security/PrivilegedActionException'> (0x00000000d647f3b8) thrown at [C:\re\workspace\8-2-build-windows-amd64-cygwin\jdk8u66\5298\hotspot\src\share\vm\prims\jvm.cpp, line 1386]
Event: 1.956 Thread 0x000000001aae2800 Exception <a 'java/security/PrivilegedActionException'> (0x00000000d648c020) thrown at [C:\re\workspace\8-2-build-windows-amd64-cygwin\jdk8u66\5298\hotspot\src\share\vm\prims\jvm.cpp, line 1386]
Event: 1.956 Thread 0x000000001aae2800 Exception <a 'java/security/PrivilegedActionException'> (0x00000000d648c600) thrown at [C:\re\workspace\8-2-build-windows-amd64-cygwin\jdk8u66\5298\hotspot\src\share\vm\prims\jvm.cpp, line 1386]

Events (10 events):
Event: 8.698 Thread 0x000000001aae2800 DEOPT PACKING pc=0x0000000002d3857c sp=0x000000001d128490
Event: 8.698 Thread 0x000000001aae2800 DEOPT UNPACKING pc=0x00000000028b582a sp=0x000000001d128420 mode 2
Event: 8.757 loading class com/zk/yuz_bul/YuzDAO
Event: 8.757 loading class com/zk/yuz_bul/YuzDAO done
Event: 8.762 loading class sun/nio/cs/MS1252
Event: 8.762 loading class sun/nio/cs/MS1252 done
Event: 8.763 loading class com/mysql/jdbc/OperationNotSupportedException
Event: 8.763 loading class com/mysql/jdbc/OperationNotSupportedException done
Event: 8.764 loading class com/zk/yuz_bul/Yuz
Event: 8.764 loading class com/zk/yuz_bul/Yuz done


Dynamic libraries:
0x00007ff6d7b50000 - 0x00007ff6d7b87000 	C:\Program Files\Java\jre1.8.0_66\bin\javaw.exe
0x00007ffbb3ff0000 - 0x00007ffbb419c000 	C:\Windows\SYSTEM32\ntdll.dll
0x00007ffbb3c00000 - 0x00007ffbb3d3e000 	C:\Windows\system32\KERNEL32.DLL
0x00007ffbb1260000 - 0x00007ffbb1375000 	C:\Windows\system32\KERNELBASE.dll
0x00007ffbafce0000 - 0x00007ffbafd6e000 	C:\Windows\system32\apphelp.dll
0x00007ffb9a6d0000 - 0x00007ffb9a723000 	C:\Windows\AppPatch\AppPatch64\AcGenral.DLL
0x00007ffbb3a40000 - 0x00007ffbb3aea000 	C:\Windows\system32\msvcrt.dll
0x00007ffbb0f90000 - 0x00007ffbb0fbe000 	C:\Windows\SYSTEM32\SspiCli.dll
0x00007ffbb35a0000 - 0x00007ffbb35f4000 	C:\Windows\system32\SHLWAPI.dll
0x00007ffbb3e70000 - 0x00007ffbb3fe7000 	C:\Windows\system32\USER32.dll
0x00007ffbb3620000 - 0x00007ffbb37b4000 	C:\Windows\system32\ole32.dll
0x00007ffbb1890000 - 0x00007ffbb2dbb000 	C:\Windows\system32\SHELL32.dll
0x00007ffbb06e0000 - 0x00007ffbb0701000 	C:\Windows\SYSTEM32\USERENV.dll
0x00007ffbb3b40000 - 0x00007ffbb3bea000 	C:\Windows\system32\ADVAPI32.dll
0x00007ffba8c90000 - 0x00007ffba8cae000 	C:\Windows\SYSTEM32\MPR.dll
0x00007ffbb2e30000 - 0x00007ffbb2f71000 	C:\Windows\system32\RPCRT4.dll
0x00007ffbb3920000 - 0x00007ffbb3979000 	C:\Windows\SYSTEM32\sechost.dll
0x00007ffbb1670000 - 0x00007ffbb1881000 	C:\Windows\SYSTEM32\combase.dll
0x00007ffbb3170000 - 0x00007ffbb32bf000 	C:\Windows\system32\GDI32.dll
0x00007ffbb1140000 - 0x00007ffbb1155000 	C:\Windows\SYSTEM32\profapi.dll
0x00007ffbaf4e0000 - 0x00007ffbaf592000 	C:\Windows\SYSTEM32\SHCORE.dll
0x00007ffbb3b00000 - 0x00007ffbb3b36000 	C:\Windows\system32\IMM32.DLL
0x00007ffbb37c0000 - 0x00007ffbb3912000 	C:\Windows\system32\MSCTF.dll
0x00007ffbaee00000 - 0x00007ffbaf07b000 	C:\Windows\WinSxS\amd64_microsoft.windows.common-controls_6595b64144ccf1df_6.0.9600.18006_none_623f33d3ecbe86e8\COMCTL32.dll
0x0000000059d40000 - 0x0000000059e12000 	C:\Program Files\Java\jre1.8.0_66\bin\msvcr100.dll
0x0000000058d00000 - 0x0000000059589000 	C:\Program Files\Java\jre1.8.0_66\bin\server\jvm.dll
0x00007ffb97e80000 - 0x00007ffb97e89000 	C:\Windows\SYSTEM32\WSOCK32.dll
0x00007ffbad970000 - 0x00007ffbad992000 	C:\Windows\SYSTEM32\WINMM.dll
0x00007ffbadba0000 - 0x00007ffbadbaa000 	C:\Windows\SYSTEM32\VERSION.dll
0x00007ffbb3bf0000 - 0x00007ffbb3bf7000 	C:\Windows\system32\PSAPI.DLL
0x00007ffbb32c0000 - 0x00007ffbb331a000 	C:\Windows\system32\WS2_32.dll
0x00007ffbad930000 - 0x00007ffbad95a000 	C:\Windows\SYSTEM32\WINMMBASE.dll
0x00007ffbb3af0000 - 0x00007ffbb3af9000 	C:\Windows\system32\NSI.dll
0x00007ffbb1210000 - 0x00007ffbb125f000 	C:\Windows\SYSTEM32\cfgmgr32.dll
0x00007ffbaff40000 - 0x00007ffbaff68000 	C:\Windows\SYSTEM32\DEVOBJ.dll
0x000000005b740000 - 0x000000005b74f000 	C:\Program Files\Java\jre1.8.0_66\bin\verify.dll
0x0000000059d10000 - 0x0000000059d39000 	C:\Program Files\Java\jre1.8.0_66\bin\java.dll
0x0000000059cf0000 - 0x0000000059d06000 	C:\Program Files\Java\jre1.8.0_66\bin\zip.dll
0x00007ffb68a60000 - 0x00007ffb6a2e5000 	C:\Users\pc\Documents\GitHub\yuz-tanima\target\natives\opencv_java300.dll
0x00007ffb99a80000 - 0x00007ffb99aa9000 	C:\Windows\SYSTEM32\MSVFW32.dll
0x00007ffb99870000 - 0x00007ffb99891000 	C:\Windows\SYSTEM32\AVIFIL32.dll
0x00007ffb99ba0000 - 0x00007ffb99bb7000 	C:\Windows\SYSTEM32\AVICAP32.dll
0x00007ffbb3da0000 - 0x00007ffbb3e61000 	C:\Windows\system32\OLEAUT32.dll
0x00007ffba8350000 - 0x00007ffba836c000 	C:\Windows\SYSTEM32\MSACM32.dll
0x0000000059b50000 - 0x0000000059ce8000 	C:\Program Files\Java\jre1.8.0_66\bin\awt.dll
0x00007ffbafdb0000 - 0x00007ffbafed9000 	C:\Windows\system32\uxtheme.dll
0x00007ffbaf080000 - 0x00007ffbaf0a1000 	C:\Windows\system32\dwmapi.dll
0x00007ffbaff30000 - 0x00007ffbaff3b000 	C:\Windows\SYSTEM32\kernel.appcore.dll
0x00007ffbb1030000 - 0x00007ffbb103b000 	C:\Windows\SYSTEM32\CRYPTBASE.dll
0x00007ffbb0fc0000 - 0x00007ffbb1023000 	C:\Windows\SYSTEM32\bcryptPrimitives.dll
0x00007ffb72660000 - 0x00007ffb72881000 	C:\Windows\system32\d3d9.dll
0x00007ffb6d0c0000 - 0x00007ffb6e1f7000 	C:\Windows\SYSTEM32\nvd3dumx.dll
0x00007ffbb1040000 - 0x00007ffbb1086000 	C:\Windows\SYSTEM32\powrprof.dll
0x0000000180000000 - 0x0000000180139000 	C:\Program Files (x86)\NVIDIA Corporation\3D Vision\nvSCPAPI64.dll
0x00007ffbb2f90000 - 0x00007ffbb316a000 	C:\Windows\system32\SETUPAPI.dll
0x0000000059b00000 - 0x0000000059b47000 	C:\Program Files\Java\jre1.8.0_66\bin\fontmanager.dll
0x00007ffbb3320000 - 0x00007ffbb33d6000 	C:\Windows\SYSTEM32\clbcatq.dll
0x00007ffbaf5a0000 - 0x00007ffbaf74e000 	C:\Windows\SYSTEM32\WindowsCodecs.dll
0x00007ffbb09b0000 - 0x00007ffbb09d0000 	C:\Windows\SYSTEM32\CRYPTSP.dll
0x00007ffbb05d0000 - 0x00007ffbb0606000 	C:\Windows\system32\rsaenh.dll
0x00007ffbb0c60000 - 0x00007ffbb0c86000 	C:\Windows\SYSTEM32\bcrypt.dll
0x0000000059ae0000 - 0x0000000059afa000 	C:\Program Files\Java\jre1.8.0_66\bin\net.dll
0x00007ffbb0950000 - 0x00007ffbb09a9000 	C:\Windows\system32\mswsock.dll
0x0000000059ac0000 - 0x0000000059ad1000 	C:\Program Files\Java\jre1.8.0_66\bin\nio.dll
0x0000000059a70000 - 0x0000000059ab2000 	C:\Program Files\Java\jre1.8.0_66\bin\t2k.dll
0x00007ffbb0750000 - 0x00007ffbb07f4000 	C:\Windows\SYSTEM32\DNSAPI.dll
0x000000005b590000 - 0x000000005b5b6000 	C:\Program Files\Bonjour\mdnsNSP.dll
0x00007ffbaaae0000 - 0x00007ffbaab0a000 	C:\Windows\SYSTEM32\Iphlpapi.DLL
0x00007ffbaaac0000 - 0x00007ffbaaaca000 	C:\Windows\SYSTEM32\WINNSI.DLL
0x00007ffbacfd0000 - 0x00007ffbacfda000 	C:\Windows\System32\rasadhlp.dll
0x00007ffbaa700000 - 0x00007ffbaa76b000 	C:\Windows\System32\fwpuclnt.dll
0x00007ffb999c0000 - 0x00007ffb999d3000 	C:\Windows\SYSTEM32\OpenCL.dll
0x00007ffb71ee0000 - 0x00007ffb72659000 	C:\Windows\SYSTEM32\nvopencl.dll
0x00007ffbad440000 - 0x00007ffbad716000 	C:\Windows\SYSTEM32\nvapi64.dll
0x00007ffbb1610000 - 0x00007ffbb1661000 	C:\Windows\system32\WINTRUST.dll
0x00007ffbb1430000 - 0x00007ffbb160f000 	C:\Windows\system32\CRYPT32.dll
0x00007ffbb11f0000 - 0x00007ffbb1201000 	C:\Windows\system32\MSASN1.dll
0x00007ffb99690000 - 0x00007ffb996a8000 	C:\Windows\System32\devenum.dll
0x00007ffbac100000 - 0x00007ffbac132000 	C:\Windows\SYSTEM32\ntmarta.dll
0x00007ffba82d0000 - 0x00007ffba82dd000 	C:\Windows\SYSTEM32\msdmo.dll
0x00007ffb91fa0000 - 0x00007ffb91fcd000 	C:\Windows\System32\qcap.dll
0x00007ffb71d00000 - 0x00007ffb71ed2000 	C:\Windows\System32\quartz.dll
0x00007ffb91f50000 - 0x00007ffb91f9b000 	C:\Windows\System32\ksproxy.ax
0x00007ffbaab30000 - 0x00007ffbaab38000 	C:\Windows\System32\ksuser.dll
0x00007ffba8260000 - 0x00007ffba826e000 	C:\Windows\System32\vidcap.ax
0x00007ffb91f20000 - 0x00007ffb91f46000 	C:\Windows\System32\kswdmcap.ax
0x00007ffb7cfa0000 - 0x00007ffb7d10f000 	C:\Windows\System32\MFC42.dll
0x00007ffb7efb0000 - 0x00007ffb7f072000 	C:\Windows\System32\ODBC32.dll
0x00007ffb7ea40000 - 0x00007ffb7eae8000 	C:\Windows\System32\qedit.dll
0x00007ffbb3980000 - 0x00007ffbb3a36000 	C:\Windows\system32\COMDLG32.dll
0x00007ffbad780000 - 0x00007ffbad930000 	C:\Windows\WinSxS\amd64_microsoft.windows.gdiplus_6595b64144ccf1df_1.1.9600.17415_none_932b3b5547500489\gdiplus.dll
0x00007ffb93010000 - 0x00007ffb93108000 	C:\Windows\System32\DDRAW.dll
0x00007ffb93000000 - 0x00007ffb93009000 	C:\Windows\System32\DCIMAN32.dll
0x00007ffb6cbe0000 - 0x00007ffb6d0b1000 	C:\Program Files (x86)\K-Lite Codec Pack\Filters\ffdshow64\ffdshow.ax
0x00007ffb91ef0000 - 0x00007ffb91f1e000 	C:\Windows\SYSTEM32\DINPUT.dll
0x00007ffb71b00000 - 0x00007ffb71cf2000 	C:\Program Files (x86)\K-Lite Codec Pack\Filters\vsfilter64.dll
0x00007ffbad3b0000 - 0x00007ffbad432000 	C:\Windows\SYSTEM32\WINSPOOL.DRV
0x00007ffba8f80000 - 0x00007ffba91e9000 	C:\Windows\SYSTEM32\WININET.dll
0x00007ffba91f0000 - 0x00007ffba94b7000 	C:\Windows\SYSTEM32\iertutil.dll
0x00007ffba8240000 - 0x00007ffba824c000 	C:\Windows\SYSTEM32\msyuv.dll
0x00007ffb7ae20000 - 0x00007ffb7af0f000 	C:\Users\pc\AppData\Local\Temp\javacpp1213202915225344\msvcr120.dll
0x00007ffb7b240000 - 0x00007ffb7b2e6000 	C:\Users\pc\AppData\Local\Temp\javacpp1213202915225344\msvcp120.dll
0x00007ffb6c360000 - 0x00007ffb6c5e1000 	C:\Users\pc\AppData\Local\Temp\javacpp1213202915225344\opencv_core300.dll
0x00007ffb6b7f0000 - 0x00007ffb6bb6f000 	C:\Users\pc\AppData\Local\Temp\javacpp1213202915225344\opencv_imgproc300.dll
0x00007ffb6b630000 - 0x00007ffb6b7e8000 	C:\Users\pc\AppData\Local\Temp\javacpp1213202915225344\jniopencv_core.dll
0x00007ffb7ad70000 - 0x00007ffb7ae15000 	C:\Users\pc\AppData\Local\Temp\javacpp1213202915225344\jniopencv_imgproc.dll
0x00007ffb6b370000 - 0x00007ffb6b627000 	C:\Users\pc\AppData\Local\Temp\javacpp1213202915225344\opencv_imgcodecs300.dll
0x00007ffb93640000 - 0x00007ffb9365b000 	C:\Users\pc\AppData\Local\Temp\javacpp1213202915225344\jniopencv_imgcodecs.dll
0x00007ffb9b030000 - 0x00007ffb9b1b9000 	C:\Windows\SYSTEM32\dbghelp.dll

VM Arguments:
jvm_args: -Djava.library.path=C:\Users\pc\Documents\GitHub\yuz-tanima\target\natives -Dfile.encoding=UTF-8 
java_command: com.zk.App
java_class_path (initial): C:\Users\pc\Documents\GitHub\yuz-tanima\target\classes;C:\Users\pc\.m2\repository\junit\junit\3.8.1\junit-3.8.1.jar;C:\Users\pc\.m2\repository\mysql\mysql-connector-java\5.1.6\mysql-connector-java-5.1.6.jar;C:\Users\pc\.m2\repository\com\zk\opencv\opencvjar\3.0.0\opencvjar-3.0.0.jar;C:\Users\pc\.m2\repository\com\zk\opencv\opencvjar-runtime\3.0.0\opencvjar-runtime-3.0.0-natives-windows.jar;C:\Users\pc\.m2\repository\org\bytedeco\javacv\1.1\javacv-1.1.jar;C:\Users\pc\.m2\repository\org\bytedeco\javacpp\1.1\javacpp-1.1.jar;C:\Users\pc\.m2\repository\org\bytedeco\javacpp-presets\opencv\3.0.0-1.1\opencv-3.0.0-1.1.jar;C:\Users\pc\.m2\repository\org\bytedeco\javacpp-presets\opencv\3.0.0-1.1\opencv-3.0.0-1.1-windows-x86_64.jar;C:\Users\pc\.m2\repository\org\bytedeco\javacpp-presets\ffmpeg\2.8.1-1.1\ffmpeg-2.8.1-1.1.jar;C:\Users\pc\.m2\repository\org\bytedeco\javacpp-presets\ffmpeg\2.8.1-1.1\ffmpeg-2.8.1-1.1-windows-x86_64.jar;C:\Users\pc\.m2\repository\org\bytedeco\javacpp-presets\flycapture\2.8.3.1-1.1\flycapture-2.8.3.1-1.1.jar;C:\Users\pc\.m2\repository\org\bytedeco\javacpp-presets\flycapture\2.8.3.1-1.1\flycapture-2.8.3.1-1.1-windows-x86_64.jar;C:\Users\pc\.m2\repository\org\bytedeco\javacpp-presets\libdc1394\2.2.3-1.1\libdc1394-2.2.3-1.1.jar;C:\Users\pc\.m2\repository\org\bytedeco\javacpp-presets\libdc1394\2.2.3-1.1\libdc1394-2.2.3-1.1-windows-x86_64.jar;C:\Users\pc\.m2\repository\org\bytedeco\javacpp-presets\libfreenect\0.5.3-1.1\libfreenect-0.5.3-1.1.jar;C:\Users\pc\.m2\repository\org\bytedeco\javacpp-presets\libfreenect\0.5.3-1.1\libfreenect-0.5.3-1.1-windows-x86_64.jar;C:\Users\pc\.m2\repository\org\bytedeco\javacpp-presets\videoinput\0.200-1.1\videoinput-0.200-1.1.jar;C:\Users\pc\.m2\repository\org\bytedeco\javacpp-presets\videoinput\0.200-1.1\videoinput-0.200-1.1-windows-x86_64.jar;C:\Users\pc\.m2\repository\org\bytedeco\javacpp-presets\artoolkitplus\2.3.1-1.1\artoolkitplus-2.3.1-1.1.jar;C:\Users\pc\.m2\repository\org\bytedeco\javacp
Launcher Type: SUN_STANDARD

Environment Variables:
JAVA_HOME=C:\Program Files\Java\jdk1.8.0_66
CLASSPATH=C:\Users\pc\jprg\classes;C:\Users\pc\Documents\zk\bin
PATH=C:/Program Files/Java/jdk1.8.0_66/bin/../jre/bin/server;C:/Program Files/Java/jdk1.8.0_66/bin/../jre/bin;C:/Program Files/Java/jdk1.8.0_66/bin/../jre/lib/amd64;C:\Program Files (x86)\EasyPHP-DevServer-14.1VC9\binaries\php\php_runningversion;C:\Program Files (x86)\Intel\iCLS Client\;C:\Program Files\Intel\iCLS Client\;C:\Program Files (x86)\NVIDIA Corporation\PhysX\Common;C:\Windows\system32;C:\Windows;C:\Windows\System32\Wbem;C:\Windows\System32\WindowsPowerShell\v1.0\;C:\Program Files\Intel\Intel(R) Management Engine Components\DAL;C:\Program Files\Intel\Intel(R) Management Engine Components\IPT;C:\Program Files (x86)\Intel\Intel(R) Management Engine Components\DAL;C:\Program Files (x86)\Intel\Intel(R) Management Engine Components\IPT;C:\Program Files (x86)\Windows Kits\8.0\Windows Performance Toolkit\;C:\Program Files\Microsoft SQL Server\120\Tools\Binn\;C:\Program Files\Microsoft SQL Server\Client SDK\ODBC\110\Tools\Binn\;C:\Program Files (x86)\Microsoft SQL Server\120\Tools\Binn\;C:\Program Files\Microsoft SQL Server\120\DTS\Binn\;C:\Program Files (x86)\Microsoft SQL Server\120\Tools\Binn\ManagementStudio\;C:\Program Files (x86)\Microsoft SQL Server\120\DTS\Binn\;C:\Program Files\Java\jdk1.8.0_66\bin\;C:\Program Files\MATLAB\R2012b\runtime\win64;C:\Program Files\MATLAB\R2012b\bin;C:\Program Files (x86)\Skype\Phone\;C:\MinGW\bin;C:\Program Files (x86)\CMake\bin;C:\apache-maven-3.3.3\bin;C:\eclipse;
USERNAME=pc
OS=Windows_NT
PROCESSOR_IDENTIFIER=Intel64 Family 6 Model 60 Stepping 3, GenuineIntel



---------------  S Y S T E M  ---------------

OS: Windows 8.1 , 64 bit Build 9600 (6.3.9600.17415)

CPU:total 8 (4 cores per cpu, 2 threads per core) family 6 model 60 stepping 3, cmov, cx8, fxsr, mmx, sse, sse2, sse3, ssse3, sse4.1, sse4.2, popcnt, avx, avx2, aes, clmul, erms, lzcnt, ht, tsc, tscinvbit, bmi1, bmi2

Memory: 4k page, physical 8326788k(3671172k free), swap 14580780k(2157784k free)

vm_info: Java HotSpot(TM) 64-Bit Server VM (25.66-b18) for windows-amd64 JRE (1.8.0_66-b18), built on Nov  9 2015 10:51:13 by "java_re" with MS VC++ 10.0 (VS2010)

time: Mon Dec 07 11:59:43 2015
elapsed time: 8 seconds (0d 0h 0m 8s)

