#
# A fatal error has been detected by the Java Runtime Environment:
#
#  EXCEPTION_ACCESS_VIOLATION (0xc0000005) at pc=0x00007ffb6ae12099, pid=10688, tid=6340
#
# JRE version: Java(TM) SE Runtime Environment (8.0_66-b18) (build 1.8.0_66-b18)
# Java VM: Java HotSpot(TM) 64-Bit Server VM (25.66-b18 mixed mode windows-amd64 compressed oops)
# Problematic frame:
# C  [jniopencv_core.dll+0x2099]
#
# Failed to write core dump. Minidumps are not enabled by default on client versions of Windows
#
# If you would like to submit a bug report, please visit:
#   http://bugreport.java.com/bugreport/crash.jsp
# The crash happened outside the Java Virtual Machine in native code.
# See problematic frame for where to report the bug.
#

---------------  T H R E A D  ---------------

Current thread (0x000000001a9c2000):  JavaThread "AWT-EventQueue-0" [_thread_in_native, id=6340, stack(0x000000001cff0000,0x000000001d0f0000)]

siginfo: ExceptionCode=0xc0000005, reading address 0x0000000000000038

Registers:
RAX=0x0000000000000001, RBX=0x0000000000000000, RCX=0x0000000000000000, RDX=0x000000001cef6bb0
RSP=0x000000001d0e9150, RBP=0x000000001cef6bb0, RSI=0x000000001d0e92b0, RDI=0x000000001cef6bb0
R8 =0x0000000000000032, R9 =0x00000000d7c2e9f0, R10=0x0000000000000036, R11=0x0000000059501258
R12=0x0000000000000000, R13=0x0000000024639530, R14=0x000000002082c660, R15=0x0000000000000000
RIP=0x00007ffb6ae12099, EFLAGS=0x0000000000010206

Top of Stack: (sp=0x000000001d0e9150)
0x000000001d0e9150:   0000000024639538 000000001d0e92b0
0x000000001d0e9160:   000000001aa2c450 0000000058dba2b6
0x000000001d0e9170:   0000000000000000 00007ffb6ae11db4
0x000000001d0e9180:   00000000000003d8 00000000199954b0
0x000000001d0e9190:   0000000024639538 000000001a9c2000
0x000000001d0e91a0:   000000001d0e9298 00007ffb6ae94658
0x000000001d0e91b0:   000000001a9c21f8 0000000002825cc6
0x000000001d0e91c0:   0000000000000000 000000001a9c2000
0x000000001d0e91d0:   000000001a9c2000 000000001d0e92b0
0x000000001d0e91e0:   00000000000004a8 0000000002825e34
0x000000001d0e91f0:   000000001d0e9278 0000000024639538
0x000000001d0e9200:   00000000000000a5 0000000002825bab
0x000000001d0e9210:   000000001a9c2000 0000000024639538
0x000000001d0e9220:   00000000000000a5 000000001a9c2000
0x000000001d0e9230:   0000000002825b62 000000001d0e9238
0x000000001d0e9240:   0000000024639530 000000001d0e92b0 

Instructions: (pc=0x00007ffb6ae12099)
0x00007ffb6ae12079:   30 ff 15 c8 63 0f 00 48 8b c3 48 83 c4 50 5b c3
0x00007ffb6ae12089:   cc cc cc cc cc cc cc 40 53 48 83 ec 20 48 8b d9
0x00007ffb6ae12099:   48 8b 49 38 48 85 c9 74 16 83 c8 ff f0 0f c1 41
0x00007ffb6ae120a9:   14 83 f8 01 75 09 48 8b cb ff 15 08 63 0f 00 45 


Register to memory mapping:

RAX=0x0000000000000001 is an unknown value
RBX=0x0000000000000000 is an unknown value
RCX=0x0000000000000000 is an unknown value
RDX=0x000000001cef6bb0 is an unknown value
RSP=0x000000001d0e9150 is pointing into the stack for thread: 0x000000001a9c2000
RBP=0x000000001cef6bb0 is an unknown value
RSI=0x000000001d0e92b0 is pointing into the stack for thread: 0x000000001a9c2000
RDI=0x000000001cef6bb0 is an unknown value
R8 =0x0000000000000032 is an unknown value
R9 =0x00000000d7c2e9f0 is an oop
org.bytedeco.javacpp.opencv_core$Mat 
 - klass: 'org/bytedeco/javacpp/opencv_core$Mat'
R10=0x0000000000000036 is an unknown value
R11=0x0000000059501258 is an unknown value
R12=0x0000000000000000 is an unknown value
R13=0x0000000024639530 is pointing into metadata
R14=0x000000002082c660 is an unknown value
R15=0x0000000000000000 is an unknown value


Stack: [0x000000001cff0000,0x000000001d0f0000],  sp=0x000000001d0e9150,  free space=996k
Native frames: (J=compiled Java code, j=interpreted, Vv=VM code, C=native code)
C  [jniopencv_core.dll+0x2099]
C  [jniopencv_core.dll+0x1db4]
C  [jniopencv_core.dll+0x84658]
C  0x0000000002825e34

Java frames: (J=compiled Java code, j=interpreted, Vv=VM code)
j  org.bytedeco.javacpp.opencv_core$MatVector.put(JLorg/bytedeco/javacpp/opencv_core$Mat;)Lorg/bytedeco/javacpp/opencv_core$MatVector;+0
j  com.zk.yuz_tanima.YuzTaniyici.tani()V+226
j  com.zk.App$4.actionPerformed(Ljava/awt/event/ActionEvent;)V+0
j  javax.swing.AbstractButton.fireActionPerformed(Ljava/awt/event/ActionEvent;)V+83
j  javax.swing.AbstractButton$Handler.actionPerformed(Ljava/awt/event/ActionEvent;)V+5
j  javax.swing.DefaultButtonModel.fireActionPerformed(Ljava/awt/event/ActionEvent;)V+34
j  javax.swing.DefaultButtonModel.setPressed(Z)V+117
j  javax.swing.plaf.basic.BasicButtonListener.mouseReleased(Ljava/awt/event/MouseEvent;)V+35
j  java.awt.Component.processMouseEvent(Ljava/awt/event/MouseEvent;)V+64
j  javax.swing.JComponent.processMouseEvent(Ljava/awt/event/MouseEvent;)V+23
j  java.awt.Component.processEvent(Ljava/awt/AWTEvent;)V+81
j  java.awt.Container.processEvent(Ljava/awt/AWTEvent;)V+18
J 1080 C1 java.awt.Component.dispatchEventImpl(Ljava/awt/AWTEvent;)V (883 bytes) @ 0x0000000002baecdc [0x0000000002ba9800+0x54dc]
J 945 C1 java.awt.Container.dispatchEventImpl(Ljava/awt/AWTEvent;)V (129 bytes) @ 0x0000000002b499c4 [0x0000000002b49880+0x144]
J 944 C1 java.awt.Component.dispatchEvent(Ljava/awt/AWTEvent;)V (6 bytes) @ 0x0000000002b49504 [0x0000000002b49400+0x104]
j  java.awt.LightweightDispatcher.retargetMouseEvent(Ljava/awt/Component;ILjava/awt/event/MouseEvent;)V+327
j  java.awt.LightweightDispatcher.processMouseEvent(Ljava/awt/event/MouseEvent;)Z+155
J 1093 C1 java.awt.LightweightDispatcher.dispatchEvent(Ljava/awt/AWTEvent;)Z (73 bytes) @ 0x0000000002bc0c7c [0x0000000002bc0840+0x43c]
J 945 C1 java.awt.Container.dispatchEventImpl(Ljava/awt/AWTEvent;)V (129 bytes) @ 0x0000000002b49964 [0x0000000002b49880+0xe4]
J 1081 C1 java.awt.Window.dispatchEventImpl(Ljava/awt/AWTEvent;)V (23 bytes) @ 0x0000000002bb59a4 [0x0000000002bb53c0+0x5e4]
J 1007 C1 java.awt.EventQueue.dispatchEventImpl(Ljava/awt/AWTEvent;Ljava/lang/Object;)V (149 bytes) @ 0x0000000002b81abc [0x0000000002b80280+0x183c]
J 1005 C1 java.awt.EventQueue$3.run()Ljava/lang/Void; (60 bytes) @ 0x0000000002b7f68c [0x0000000002b7f480+0x20c]
J 924 C1 java.awt.EventQueue$3.run()Ljava/lang/Object; (5 bytes) @ 0x0000000002b3cc4c [0x0000000002b3cbc0+0x8c]
v  ~StubRoutines::call_stub
J 566  java.security.AccessController.doPrivileged(Ljava/security/PrivilegedAction;Ljava/security/AccessControlContext;)Ljava/lang/Object; (0 bytes) @ 0x0000000002a49526 [0x0000000002a494c0+0x66]
J 1067 C1 java.awt.EventQueue$4.run()Ljava/lang/Object; (5 bytes) @ 0x0000000002b9e7ac [0x0000000002b9e380+0x42c]
v  ~StubRoutines::call_stub
J 566  java.security.AccessController.doPrivileged(Ljava/security/PrivilegedAction;Ljava/security/AccessControlContext;)Ljava/lang/Object; (0 bytes) @ 0x0000000002a49526 [0x0000000002a494c0+0x66]
J 922 C1 java.awt.EventQueue.dispatchEvent(Ljava/awt/AWTEvent;)V (80 bytes) @ 0x0000000002b3b37c [0x0000000002b3a500+0xe7c]
J 927 C1 java.awt.EventDispatchThread.pumpOneEventForFilters(I)V (295 bytes) @ 0x0000000002b40e64 [0x0000000002b3f300+0x1b64]
j  java.awt.EventDispatchThread.pumpEventsForFilter(ILjava/awt/Conditional;Ljava/awt/EventFilter;)V+35
j  java.awt.EventDispatchThread.pumpEventsForFilter(Ljava/awt/Conditional;Ljava/awt/EventFilter;)V+4
j  java.awt.WaitDispatchSupport$2.run()V+59
j  java.awt.WaitDispatchSupport$4.run()Ljava/lang/Void;+4
j  java.awt.WaitDispatchSupport$4.run()Ljava/lang/Object;+1
v  ~StubRoutines::call_stub
J 433  java.security.AccessController.doPrivileged(Ljava/security/PrivilegedAction;)Ljava/lang/Object; (0 bytes) @ 0x0000000002a11e12 [0x0000000002a11dc0+0x52]
j  java.awt.WaitDispatchSupport.enter()Z+279
j  java.awt.Dialog.show()V+233
j  java.awt.Component.show(Z)V+5
j  java.awt.Component.setVisible(Z)V+2
j  java.awt.Window.setVisible(Z)V+2
j  java.awt.Dialog.setVisible(Z)V+2
j  com.zk.yuz_tanima.YuzTaniAcAction.actionPerformed(Ljava/awt/event/ActionEvent;)V+20
j  javax.swing.AbstractButton.fireActionPerformed(Ljava/awt/event/ActionEvent;)V+83
j  javax.swing.AbstractButton$Handler.actionPerformed(Ljava/awt/event/ActionEvent;)V+5
j  javax.swing.DefaultButtonModel.fireActionPerformed(Ljava/awt/event/ActionEvent;)V+34
j  javax.swing.DefaultButtonModel.setPressed(Z)V+117
j  javax.swing.AbstractButton.doClick(I)V+64
j  javax.swing.plaf.basic.BasicMenuItemUI.doClick(Ljavax/swing/MenuSelectionManager;)V+53
j  javax.swing.plaf.basic.BasicMenuItemUI$Handler.mouseReleased(Ljava/awt/event/MouseEvent;)V+76
j  java.awt.AWTEventMulticaster.mouseReleased(Ljava/awt/event/MouseEvent;)V+8
j  java.awt.Component.processMouseEvent(Ljava/awt/event/MouseEvent;)V+64
j  javax.swing.JComponent.processMouseEvent(Ljava/awt/event/MouseEvent;)V+23
j  java.awt.Component.processEvent(Ljava/awt/AWTEvent;)V+81
j  java.awt.Container.processEvent(Ljava/awt/AWTEvent;)V+18
j  java.awt.Component.dispatchEventImpl(Ljava/awt/AWTEvent;)V+589
J 945 C1 java.awt.Container.dispatchEventImpl(Ljava/awt/AWTEvent;)V (129 bytes) @ 0x0000000002b499c4 [0x0000000002b49880+0x144]
J 944 C1 java.awt.Component.dispatchEvent(Ljava/awt/AWTEvent;)V (6 bytes) @ 0x0000000002b49504 [0x0000000002b49400+0x104]
j  java.awt.LightweightDispatcher.retargetMouseEvent(Ljava/awt/Component;ILjava/awt/event/MouseEvent;)V+327
j  java.awt.LightweightDispatcher.processMouseEvent(Ljava/awt/event/MouseEvent;)Z+155
j  java.awt.LightweightDispatcher.dispatchEvent(Ljava/awt/AWTEvent;)Z+50
J 945 C1 java.awt.Container.dispatchEventImpl(Ljava/awt/AWTEvent;)V (129 bytes) @ 0x0000000002b49964 [0x0000000002b49880+0xe4]
j  java.awt.Window.dispatchEventImpl(Ljava/awt/AWTEvent;)V+19
J 1007 C1 java.awt.EventQueue.dispatchEventImpl(Ljava/awt/AWTEvent;Ljava/lang/Object;)V (149 bytes) @ 0x0000000002b81abc [0x0000000002b80280+0x183c]
J 1005 C1 java.awt.EventQueue$3.run()Ljava/lang/Void; (60 bytes) @ 0x0000000002b7f68c [0x0000000002b7f480+0x20c]
J 924 C1 java.awt.EventQueue$3.run()Ljava/lang/Object; (5 bytes) @ 0x0000000002b3cc4c [0x0000000002b3cbc0+0x8c]
v  ~StubRoutines::call_stub
J 566  java.security.AccessController.doPrivileged(Ljava/security/PrivilegedAction;Ljava/security/AccessControlContext;)Ljava/lang/Object; (0 bytes) @ 0x0000000002a49526 [0x0000000002a494c0+0x66]
J 575 C1 java.security.ProtectionDomain$JavaSecurityAccessImpl.doIntersectionPrivilege(Ljava/security/PrivilegedAction;Ljava/security/AccessControlContext;Ljava/security/AccessControlContext;)Ljava/lang/Object; (22 bytes) @ 0x0000000002a4a96c [0x0000000002a4a500+0x46c]
j  java.security.ProtectionDomain$JavaSecurityAccessImpl.doIntersectionPrivilege(Ljava/security/PrivilegedAction;Ljava/security/AccessControlContext;)Ljava/lang/Object;+6
j  java.awt.EventQueue$4.run()Ljava/lang/Void;+11
j  java.awt.EventQueue$4.run()Ljava/lang/Object;+1
v  ~StubRoutines::call_stub
J 566  java.security.AccessController.doPrivileged(Ljava/security/PrivilegedAction;Ljava/security/AccessControlContext;)Ljava/lang/Object; (0 bytes) @ 0x0000000002a49526 [0x0000000002a494c0+0x66]
J 922 C1 java.awt.EventQueue.dispatchEvent(Ljava/awt/AWTEvent;)V (80 bytes) @ 0x0000000002b3b37c [0x0000000002b3a500+0xe7c]
J 927 C1 java.awt.EventDispatchThread.pumpOneEventForFilters(I)V (295 bytes) @ 0x0000000002b40e64 [0x0000000002b3f300+0x1b64]
j  java.awt.EventDispatchThread.pumpEventsForFilter(ILjava/awt/Conditional;Ljava/awt/EventFilter;)V+35
j  java.awt.EventDispatchThread.pumpEventsForHierarchy(ILjava/awt/Conditional;Ljava/awt/Component;)V+11
j  java.awt.EventDispatchThread.pumpEvents(ILjava/awt/Conditional;)V+4
j  java.awt.EventDispatchThread.pumpEvents(Ljava/awt/Conditional;)V+3
j  java.awt.EventDispatchThread.run()V+9
v  ~StubRoutines::call_stub

---------------  P R O C E S S  ---------------

Java Threads: ( => current thread )
  0x000000001acec000 JavaThread "MySQL Statement Cancellation Timer" daemon [_thread_blocked, id=7344, stack(0x000000001e5a0000,0x000000001e6a0000)]
  0x000000001ab0e000 JavaThread "TimerQueue" daemon [_thread_blocked, id=2720, stack(0x000000001e260000,0x000000001e360000)]
  0x000000001aaee800 JavaThread "D3D Screen Updater" daemon [_thread_blocked, id=5004, stack(0x000000001dc00000,0x000000001dd00000)]
=>0x000000001a9c2000 JavaThread "AWT-EventQueue-0" [_thread_in_native, id=6340, stack(0x000000001cff0000,0x000000001d0f0000)]
  0x000000001aa18000 JavaThread "AWT-Windows" daemon [_thread_in_native, id=6188, stack(0x000000001b2b0000,0x000000001b3b0000)]
  0x000000001aa15800 JavaThread "AWT-Shutdown" [_thread_blocked, id=7784, stack(0x000000001b1b0000,0x000000001b2b0000)]
  0x000000001a9a2800 JavaThread "Java2D Disposer" daemon [_thread_blocked, id=6672, stack(0x000000001b0b0000,0x000000001b1b0000)]
  0x00000000199d4800 JavaThread "Service Thread" daemon [_thread_blocked, id=9324, stack(0x000000001a310000,0x000000001a410000)]
  0x000000001994e000 JavaThread "C1 CompilerThread3" daemon [_thread_blocked, id=10564, stack(0x000000001a210000,0x000000001a310000)]
  0x000000001994b000 JavaThread "C2 CompilerThread2" daemon [_thread_blocked, id=7596, stack(0x000000001a110000,0x000000001a210000)]
  0x0000000019947000 JavaThread "C2 CompilerThread1" daemon [_thread_blocked, id=10036, stack(0x000000001a010000,0x000000001a110000)]
  0x000000001993d000 JavaThread "C2 CompilerThread0" daemon [_thread_blocked, id=10920, stack(0x0000000019f10000,0x000000001a010000)]
  0x0000000019938000 JavaThread "Attach Listener" daemon [_thread_blocked, id=9128, stack(0x0000000019e10000,0x0000000019f10000)]
  0x0000000019937800 JavaThread "Signal Dispatcher" daemon [_thread_blocked, id=6952, stack(0x0000000019d10000,0x0000000019e10000)]
  0x000000000280b800 JavaThread "Finalizer" daemon [_thread_blocked, id=11248, stack(0x0000000019740000,0x0000000019840000)]
  0x000000001782d800 JavaThread "Reference Handler" daemon [_thread_blocked, id=9268, stack(0x0000000019640000,0x0000000019740000)]
  0x00000000026de000 JavaThread "main" [_thread_in_native, id=9528, stack(0x00000000025c0000,0x00000000026c0000)]

Other Threads:
  0x0000000017829000 VMThread [stack: 0x0000000019540000,0x0000000019640000] [id=9540]
  0x00000000199e6800 WatcherThread [stack: 0x000000001a410000,0x000000001a510000] [id=2768]

VM state:not at safepoint (normal execution)

VM Mutex/Monitor currently owned by a thread: None

Heap:
 PSYoungGen      total 38400K, used 16969K [0x00000000d5a00000, 0x00000000d8480000, 0x0000000100000000)
  eden space 33280K, 35% used [0x00000000d5a00000,0x00000000d65927d0,0x00000000d7a80000)
  from space 5120K, 99% used [0x00000000d7a80000,0x00000000d7f7fc50,0x00000000d7f80000)
  to   space 5120K, 0% used [0x00000000d7f80000,0x00000000d7f80000,0x00000000d8480000)
 ParOldGen       total 87552K, used 5947K [0x0000000080e00000, 0x0000000086380000, 0x00000000d5a00000)
  object space 87552K, 6% used [0x0000000080e00000,0x00000000813ced78,0x0000000086380000)
 Metaspace       used 17206K, capacity 17448K, committed 17536K, reserved 1064960K
  class space    used 2090K, capacity 2174K, committed 2176K, reserved 1048576K

Card table byte_map: [0x0000000011bd0000,0x0000000011fd0000] byte_map_base: 0x00000000117c9000

Marking Bits: (ParMarkBitMap*) 0x000000005950a5b0
 Begin Bits: [0x0000000012a80000, 0x0000000014a48000)
 End Bits:   [0x0000000014a48000, 0x0000000016a10000)

Polling page: 0x0000000000e50000

CodeCache: size=245760Kb used=5097Kb max_used=5097Kb free=240662Kb
 bounds [0x0000000002810000, 0x0000000002d10000, 0x0000000011810000]
 total_blobs=2126 nmethods=1426 adapters=612
 compilation: enabled

Compilation events (10 events):
Event: 7.435 Thread 0x000000001994e000 1422   !   3       java.lang.ref.Finalizer::remove (94 bytes)
Event: 7.436 Thread 0x000000001994e000 nmethod 1422 0x0000000002d08450 code [0x0000000002d085c0, 0x0000000002d08a90]
Event: 7.436 Thread 0x000000001994e000 1423       3       java.lang.System$2::invokeFinalize (5 bytes)
Event: 7.436 Thread 0x000000001994e000 nmethod 1423 0x0000000002d08bd0 code [0x0000000002d08d40, 0x0000000002d08f68]
Event: 7.436 Thread 0x000000001994e000 1417       3       com.mysql.jdbc.Buffer::readFieldLength (76 bytes)
Event: 7.436 Thread 0x000000001994e000 nmethod 1417 0x0000000002d09010 code [0x0000000002d091a0, 0x0000000002d095a8]
Event: 7.436 Thread 0x000000001994e000 1418       3       com.mysql.jdbc.Buffer::setPosition (6 bytes)
Event: 7.436 Thread 0x000000001994e000 nmethod 1418 0x0000000002d096d0 code [0x0000000002d09820, 0x0000000002d09970]
Event: 7.436 Thread 0x000000001994e000 1415       3       java.net.URLStreamHandler::hostsEqual (75 bytes)
Event: 7.437 Thread 0x000000001994e000 nmethod 1415 0x0000000002d09a10 code [0x0000000002d09bc0, 0x0000000002d0a538]

GC Heap History (6 events):
Event: 6.451 GC heap before
{Heap before GC invocations=1 (full 0):
 PSYoungGen      total 38400K, used 33247K [0x00000000d5a00000, 0x00000000d8480000, 0x0000000100000000)
  eden space 33280K, 99% used [0x00000000d5a00000,0x00000000d7a77f78,0x00000000d7a80000)
  from space 5120K, 0% used [0x00000000d7f80000,0x00000000d7f80000,0x00000000d8480000)
  to   space 5120K, 0% used [0x00000000d7a80000,0x00000000d7a80000,0x00000000d7f80000)
 ParOldGen       total 87552K, used 0K [0x0000000080e00000, 0x0000000086380000, 0x00000000d5a00000)
  object space 87552K, 0% used [0x0000000080e00000,0x0000000080e00000,0x0000000086380000)
 Metaspace       used 15585K, capacity 15784K, committed 16128K, reserved 1062912K
  class space    used 1889K, capacity 1982K, committed 2048K, reserved 1048576K
Event: 6.456 GC heap after
Heap after GC invocations=1 (full 0):
 PSYoungGen      total 38400K, used 5116K [0x00000000d5a00000, 0x00000000d8480000, 0x0000000100000000)
  eden space 33280K, 0% used [0x00000000d5a00000,0x00000000d5a00000,0x00000000d7a80000)
  from space 5120K, 99% used [0x00000000d7a80000,0x00000000d7f7f060,0x00000000d7f80000)
  to   space 5120K, 0% used [0x00000000d7f80000,0x00000000d7f80000,0x00000000d8480000)
 ParOldGen       total 87552K, used 2489K [0x0000000080e00000, 0x0000000086380000, 0x00000000d5a00000)
  object space 87552K, 2% used [0x0000000080e00000,0x000000008106e680,0x0000000086380000)
 Metaspace       used 15585K, capacity 15784K, committed 16128K, reserved 1062912K
  class space    used 1889K, capacity 1982K, committed 2048K, reserved 1048576K
}
Event: 6.996 GC heap before
{Heap before GC invocations=2 (full 0):
 PSYoungGen      total 38400K, used 38129K [0x00000000d5a00000, 0x00000000d8480000, 0x0000000100000000)
  eden space 33280K, 99% used [0x00000000d5a00000,0x00000000d7a3d588,0x00000000d7a80000)
  from space 5120K, 99% used [0x00000000d7a80000,0x00000000d7f7f060,0x00000000d7f80000)
  to   space 5120K, 0% used [0x00000000d7f80000,0x00000000d7f80000,0x00000000d8480000)
 ParOldGen       total 87552K, used 2489K [0x0000000080e00000, 0x0000000086380000, 0x00000000d5a00000)
  object space 87552K, 2% used [0x0000000080e00000,0x000000008106e680,0x0000000086380000)
 Metaspace       used 15892K, capacity 16072K, committed 16384K, reserved 1062912K
  class space    used 1925K, capacity 2014K, committed 2048K, reserved 1048576K
Event: 6.999 GC heap after
Heap after GC invocations=2 (full 0):
 PSYoungGen      total 38400K, used 5100K [0x00000000d5a00000, 0x00000000d8480000, 0x0000000100000000)
  eden space 33280K, 0% used [0x00000000d5a00000,0x00000000d5a00000,0x00000000d7a80000)
  from space 5120K, 99% used [0x00000000d7f80000,0x00000000d847b070,0x00000000d8480000)
  to   space 5120K, 0% used [0x00000000d7a80000,0x00000000d7a80000,0x00000000d7f80000)
 ParOldGen       total 87552K, used 3764K [0x0000000080e00000, 0x0000000086380000, 0x00000000d5a00000)
  object space 87552K, 4% used [0x0000000080e00000,0x00000000811ad310,0x0000000086380000)
 Metaspace       used 15892K, capacity 16072K, committed 16384K, reserved 1062912K
  class space    used 1925K, capacity 2014K, committed 2048K, reserved 1048576K
}
Event: 7.428 GC heap before
{Heap before GC invocations=3 (full 0):
 PSYoungGen      total 38400K, used 37707K [0x00000000d5a00000, 0x00000000d8480000, 0x0000000100000000)
  eden space 33280K, 97% used [0x00000000d5a00000,0x00000000d79d7b90,0x00000000d7a80000)
  from space 5120K, 99% used [0x00000000d7f80000,0x00000000d847b070,0x00000000d8480000)
  to   space 5120K, 0% used [0x00000000d7a80000,0x00000000d7a80000,0x00000000d7f80000)
 ParOldGen       total 87552K, used 3764K [0x0000000080e00000, 0x0000000086380000, 0x00000000d5a00000)
  object space 87552K, 4% used [0x0000000080e00000,0x00000000811ad310,0x0000000086380000)
 Metaspace       used 17198K, capacity 17448K, committed 17536K, reserved 1064960K
  class space    used 2090K, capacity 2174K, committed 2176K, reserved 1048576K
Event: 7.432 GC heap after
Heap after GC invocations=3 (full 0):
 PSYoungGen      total 38400K, used 5119K [0x00000000d5a00000, 0x00000000d8480000, 0x0000000100000000)
  eden space 33280K, 0% used [0x00000000d5a00000,0x00000000d5a00000,0x00000000d7a80000)
  from space 5120K, 99% used [0x00000000d7a80000,0x00000000d7f7fc50,0x00000000d7f80000)
  to   space 5120K, 0% used [0x00000000d7f80000,0x00000000d7f80000,0x00000000d8480000)
 ParOldGen       total 87552K, used 5947K [0x0000000080e00000, 0x0000000086380000, 0x00000000d5a00000)
  object space 87552K, 6% used [0x0000000080e00000,0x00000000813ced78,0x0000000086380000)
 Metaspace       used 17198K, capacity 17448K, committed 17536K, reserved 1064960K
  class space    used 2090K, capacity 2174K, committed 2176K, reserved 1048576K
}

Deoptimization events (10 events):
Event: 1.098 Thread 0x000000001a9c2000 Uncommon trap: reason=class_check action=maybe_recompile pc=0x00000000029b4d68 method=java.lang.String.equals(Ljava/lang/Object;)Z @ 8
Event: 2.032 Thread 0x000000001a9c2000 Uncommon trap: reason=unstable_if action=reinterpret pc=0x0000000002a7cdcc method=java.util.Properties.loadConvert([CII[C)Ljava/lang/String; @ 4
Event: 2.032 Thread 0x000000001a9c2000 Uncommon trap: reason=unstable_if action=reinterpret pc=0x0000000002a7bc48 method=java.util.Properties$LineReader.readLine()I @ 252
Event: 2.147 Thread 0x000000001a9c2000 Uncommon trap: reason=unstable_if action=reinterpret pc=0x0000000002ab9794 method=java.util.Properties$LineReader.readLine()I @ 377
Event: 2.150 Thread 0x000000001a9c2000 Uncommon trap: reason=unstable_if action=reinterpret pc=0x00000000029deba4 method=java.lang.String.indexOf([CII[CIII)I @ 3
Event: 6.413 Thread 0x000000001a9c2000 Uncommon trap: reason=unstable_if action=reinterpret pc=0x0000000002adbe94 method=java.util.HashMap.getNode(ILjava/lang/Object;)Ljava/util/HashMap$Node; @ 62
Event: 6.413 Thread 0x000000001a9c2000 Uncommon trap: reason=unstable_if action=reinterpret pc=0x0000000002af6d9c method=java.util.HashMap.putVal(ILjava/lang/Object;Ljava/lang/Object;ZZ)Ljava/lang/Object; @ 94
Event: 6.413 Thread 0x000000001a9c2000 Uncommon trap: reason=unstable_if action=reinterpret pc=0x0000000002aa4730 method=java.util.HashMap.getNode(ILjava/lang/Object;)Ljava/util/HashMap$Node; @ 62
Event: 6.425 Thread 0x000000001a9c2000 Uncommon trap: reason=unstable_if action=reinterpret pc=0x0000000002ac68c0 method=java.io.WinNTFileSystem.normalize(Ljava/lang/String;)Ljava/lang/String; @ 128
Event: 7.293 Thread 0x000000001a9c2000 Uncommon trap: reason=unstable_if action=reinterpret pc=0x0000000002c855fc method=java.net.URI.match(CJJ)Z @ 45

Internal exceptions (10 events):
Event: 1.960 Thread 0x000000001a9c2000 Exception <a 'java/security/PrivilegedActionException'> (0x00000000d64080f8) thrown at [C:\re\workspace\8-2-build-windows-amd64-cygwin\jdk8u66\5298\hotspot\src\share\vm\prims\jvm.cpp, line 1386]
Event: 1.960 Thread 0x000000001a9c2000 Exception <a 'java/security/PrivilegedActionException'> (0x00000000d64086d8) thrown at [C:\re\workspace\8-2-build-windows-amd64-cygwin\jdk8u66\5298\hotspot\src\share\vm\prims\jvm.cpp, line 1386]
Event: 1.965 Thread 0x000000001a9c2000 Exception <a 'java/security/PrivilegedActionException'> (0x00000000d645f640) thrown at [C:\re\workspace\8-2-build-windows-amd64-cygwin\jdk8u66\5298\hotspot\src\share\vm\prims\jvm.cpp, line 1386]
Event: 1.965 Thread 0x000000001a9c2000 Exception <a 'java/security/PrivilegedActionException'> (0x00000000d645fc20) thrown at [C:\re\workspace\8-2-build-windows-amd64-cygwin\jdk8u66\5298\hotspot\src\share\vm\prims\jvm.cpp, line 1386]
Event: 1.965 Thread 0x000000001a9c2000 Exception <a 'java/security/PrivilegedActionException'> (0x00000000d646c400) thrown at [C:\re\workspace\8-2-build-windows-amd64-cygwin\jdk8u66\5298\hotspot\src\share\vm\prims\jvm.cpp, line 1386]
Event: 1.965 Thread 0x000000001a9c2000 Exception <a 'java/security/PrivilegedActionException'> (0x00000000d646c9e0) thrown at [C:\re\workspace\8-2-build-windows-amd64-cygwin\jdk8u66\5298\hotspot\src\share\vm\prims\jvm.cpp, line 1386]
Event: 1.966 Thread 0x000000001a9c2000 Exception <a 'java/security/PrivilegedActionException'> (0x00000000d64799c8) thrown at [C:\re\workspace\8-2-build-windows-amd64-cygwin\jdk8u66\5298\hotspot\src\share\vm\prims\jvm.cpp, line 1386]
Event: 1.966 Thread 0x000000001a9c2000 Exception <a 'java/security/PrivilegedActionException'> (0x00000000d6479fa8) thrown at [C:\re\workspace\8-2-build-windows-amd64-cygwin\jdk8u66\5298\hotspot\src\share\vm\prims\jvm.cpp, line 1386]
Event: 1.967 Thread 0x000000001a9c2000 Exception <a 'java/security/PrivilegedActionException'> (0x00000000d6486c10) thrown at [C:\re\workspace\8-2-build-windows-amd64-cygwin\jdk8u66\5298\hotspot\src\share\vm\prims\jvm.cpp, line 1386]
Event: 1.967 Thread 0x000000001a9c2000 Exception <a 'java/security/PrivilegedActionException'> (0x00000000d64871f0) thrown at [C:\re\workspace\8-2-build-windows-amd64-cygwin\jdk8u66\5298\hotspot\src\share\vm\prims\jvm.cpp, line 1386]

Events (10 events):
Event: 7.433 Executing VM operation: RevokeBias
Event: 7.434 Executing VM operation: RevokeBias done
Event: 7.434 Executing VM operation: RevokeBias
Event: 7.434 Executing VM operation: RevokeBias done
Event: 7.434 Executing VM operation: RevokeBias
Event: 7.434 Executing VM operation: RevokeBias done
Event: 7.434 Executing VM operation: RevokeBias
Event: 7.434 Executing VM operation: RevokeBias done
Event: 7.434 Executing VM operation: RevokeBias
Event: 7.434 Executing VM operation: RevokeBias done


Dynamic libraries:
0x00007ff686780000 - 0x00007ff6867b7000 	C:\Program Files\Java\jre1.8.0_66\bin\javaw.exe
0x00007ffbb3ff0000 - 0x00007ffbb419c000 	C:\Windows\SYSTEM32\ntdll.dll
0x00007ffbb3c00000 - 0x00007ffbb3d3e000 	C:\Windows\system32\KERNEL32.DLL
0x00007ffbb1260000 - 0x00007ffbb1375000 	C:\Windows\system32\KERNELBASE.dll
0x00007ffbafce0000 - 0x00007ffbafd6e000 	C:\Windows\system32\apphelp.dll
0x00007ffb9a6d0000 - 0x00007ffb9a723000 	C:\Windows\AppPatch\AppPatch64\AcGenral.DLL
0x00007ffbb3a40000 - 0x00007ffbb3aea000 	C:\Windows\system32\msvcrt.dll
0x00007ffbb0f90000 - 0x00007ffbb0fbe000 	C:\Windows\SYSTEM32\SspiCli.dll
0x00007ffbb35a0000 - 0x00007ffbb35f4000 	C:\Windows\system32\SHLWAPI.dll
0x00007ffbb3e70000 - 0x00007ffbb3fe7000 	C:\Windows\system32\USER32.dll
0x00007ffbb3620000 - 0x00007ffbb37b4000 	C:\Windows\system32\ole32.dll
0x00007ffbb1890000 - 0x00007ffbb2dbb000 	C:\Windows\system32\SHELL32.dll
0x00007ffbb06e0000 - 0x00007ffbb0701000 	C:\Windows\SYSTEM32\USERENV.dll
0x00007ffbb3b40000 - 0x00007ffbb3bea000 	C:\Windows\system32\ADVAPI32.dll
0x00007ffba8c90000 - 0x00007ffba8cae000 	C:\Windows\SYSTEM32\MPR.dll
0x00007ffbb2e30000 - 0x00007ffbb2f71000 	C:\Windows\system32\RPCRT4.dll
0x00007ffbb3920000 - 0x00007ffbb3979000 	C:\Windows\SYSTEM32\sechost.dll
0x00007ffbb1670000 - 0x00007ffbb1881000 	C:\Windows\SYSTEM32\combase.dll
0x00007ffbb3170000 - 0x00007ffbb32bf000 	C:\Windows\system32\GDI32.dll
0x00007ffbb1140000 - 0x00007ffbb1155000 	C:\Windows\SYSTEM32\profapi.dll
0x00007ffbaf4e0000 - 0x00007ffbaf592000 	C:\Windows\SYSTEM32\SHCORE.dll
0x00007ffbb3b00000 - 0x00007ffbb3b36000 	C:\Windows\system32\IMM32.DLL
0x00007ffbb37c0000 - 0x00007ffbb3912000 	C:\Windows\system32\MSCTF.dll
0x00007ffbaee00000 - 0x00007ffbaf07b000 	C:\Windows\WinSxS\amd64_microsoft.windows.common-controls_6595b64144ccf1df_6.0.9600.18006_none_623f33d3ecbe86e8\COMCTL32.dll
0x0000000059d60000 - 0x0000000059e32000 	C:\Program Files\Java\jre1.8.0_66\bin\msvcr100.dll
0x0000000058d00000 - 0x0000000059589000 	C:\Program Files\Java\jre1.8.0_66\bin\server\jvm.dll
0x00007ffb97e80000 - 0x00007ffb97e89000 	C:\Windows\SYSTEM32\WSOCK32.dll
0x00007ffbad970000 - 0x00007ffbad992000 	C:\Windows\SYSTEM32\WINMM.dll
0x00007ffbadba0000 - 0x00007ffbadbaa000 	C:\Windows\SYSTEM32\VERSION.dll
0x00007ffbb3bf0000 - 0x00007ffbb3bf7000 	C:\Windows\system32\PSAPI.DLL
0x00007ffbb32c0000 - 0x00007ffbb331a000 	C:\Windows\system32\WS2_32.dll
0x00007ffbad930000 - 0x00007ffbad95a000 	C:\Windows\SYSTEM32\WINMMBASE.dll
0x00007ffbb3af0000 - 0x00007ffbb3af9000 	C:\Windows\system32\NSI.dll
0x00007ffbb1210000 - 0x00007ffbb125f000 	C:\Windows\SYSTEM32\cfgmgr32.dll
0x00007ffbaff40000 - 0x00007ffbaff68000 	C:\Windows\SYSTEM32\DEVOBJ.dll
0x000000005b740000 - 0x000000005b74f000 	C:\Program Files\Java\jre1.8.0_66\bin\verify.dll
0x0000000059d30000 - 0x0000000059d59000 	C:\Program Files\Java\jre1.8.0_66\bin\java.dll
0x0000000059d10000 - 0x0000000059d26000 	C:\Program Files\Java\jre1.8.0_66\bin\zip.dll
0x00007ffb6cf20000 - 0x00007ffb6e7a5000 	C:\Users\pc\Documents\GitHub\yuz-tanima\target\natives\opencv_java300.dll
0x00007ffb99510000 - 0x00007ffb99539000 	C:\Windows\SYSTEM32\MSVFW32.dll
0x00007ffb922a0000 - 0x00007ffb922c1000 	C:\Windows\SYSTEM32\AVIFIL32.dll
0x00007ffb999c0000 - 0x00007ffb999d7000 	C:\Windows\SYSTEM32\AVICAP32.dll
0x00007ffbb3da0000 - 0x00007ffbb3e61000 	C:\Windows\system32\OLEAUT32.dll
0x00007ffba8350000 - 0x00007ffba836c000 	C:\Windows\SYSTEM32\MSACM32.dll
0x00000000599d0000 - 0x0000000059b68000 	C:\Program Files\Java\jre1.8.0_66\bin\awt.dll
0x00007ffbafdb0000 - 0x00007ffbafed9000 	C:\Windows\system32\uxtheme.dll
0x00007ffbaf080000 - 0x00007ffbaf0a1000 	C:\Windows\system32\dwmapi.dll
0x00007ffbaff30000 - 0x00007ffbaff3b000 	C:\Windows\SYSTEM32\kernel.appcore.dll
0x00007ffbb1030000 - 0x00007ffbb103b000 	C:\Windows\SYSTEM32\CRYPTBASE.dll
0x00007ffbb0fc0000 - 0x00007ffbb1023000 	C:\Windows\SYSTEM32\bcryptPrimitives.dll
0x00007ffb7cf80000 - 0x00007ffb7d1a1000 	C:\Windows\system32\d3d9.dll
0x00007ffb719d0000 - 0x00007ffb72b07000 	C:\Windows\SYSTEM32\nvd3dumx.dll
0x00007ffbb1040000 - 0x00007ffbb1086000 	C:\Windows\SYSTEM32\powrprof.dll
0x0000000180000000 - 0x0000000180139000 	C:\Program Files (x86)\NVIDIA Corporation\3D Vision\nvSCPAPI64.dll
0x00007ffbb2f90000 - 0x00007ffbb316a000 	C:\Windows\system32\SETUPAPI.dll
0x0000000059cc0000 - 0x0000000059d07000 	C:\Program Files\Java\jre1.8.0_66\bin\fontmanager.dll
0x00007ffbb3320000 - 0x00007ffbb33d6000 	C:\Windows\SYSTEM32\clbcatq.dll
0x00007ffbaf5a0000 - 0x00007ffbaf74e000 	C:\Windows\SYSTEM32\WindowsCodecs.dll
0x00007ffbb09b0000 - 0x00007ffbb09d0000 	C:\Windows\SYSTEM32\CRYPTSP.dll
0x00007ffbb05d0000 - 0x00007ffbb0606000 	C:\Windows\system32\rsaenh.dll
0x00007ffbb0c60000 - 0x00007ffbb0c86000 	C:\Windows\SYSTEM32\bcrypt.dll
0x0000000059ca0000 - 0x0000000059cba000 	C:\Program Files\Java\jre1.8.0_66\bin\net.dll
0x00007ffbb0950000 - 0x00007ffbb09a9000 	C:\Windows\system32\mswsock.dll
0x0000000059c80000 - 0x0000000059c91000 	C:\Program Files\Java\jre1.8.0_66\bin\nio.dll
0x0000000059c30000 - 0x0000000059c72000 	C:\Program Files\Java\jre1.8.0_66\bin\t2k.dll
0x00007ffbb0750000 - 0x00007ffbb07f4000 	C:\Windows\SYSTEM32\DNSAPI.dll
0x000000005b590000 - 0x000000005b5b6000 	C:\Program Files\Bonjour\mdnsNSP.dll
0x00007ffbaaae0000 - 0x00007ffbaab0a000 	C:\Windows\SYSTEM32\Iphlpapi.DLL
0x00007ffbaaac0000 - 0x00007ffbaaaca000 	C:\Windows\SYSTEM32\WINNSI.DLL
0x00007ffbacfd0000 - 0x00007ffbacfda000 	C:\Windows\System32\rasadhlp.dll
0x00007ffbaa700000 - 0x00007ffbaa76b000 	C:\Windows\System32\fwpuclnt.dll
0x00007ffb99870000 - 0x00007ffb99883000 	C:\Windows\SYSTEM32\OpenCL.dll
0x00007ffb6c7a0000 - 0x00007ffb6cf19000 	C:\Windows\SYSTEM32\nvopencl.dll
0x00007ffbad440000 - 0x00007ffbad716000 	C:\Windows\SYSTEM32\nvapi64.dll
0x00007ffbb1610000 - 0x00007ffbb1661000 	C:\Windows\system32\WINTRUST.dll
0x00007ffbb1430000 - 0x00007ffbb160f000 	C:\Windows\system32\CRYPT32.dll
0x00007ffbb11f0000 - 0x00007ffbb1201000 	C:\Windows\system32\MSASN1.dll
0x00007ffb99690000 - 0x00007ffb996a8000 	C:\Windows\System32\devenum.dll
0x00007ffbac100000 - 0x00007ffbac132000 	C:\Windows\SYSTEM32\ntmarta.dll
0x00007ffba82d0000 - 0x00007ffba82dd000 	C:\Windows\SYSTEM32\msdmo.dll
0x00007ffb80200000 - 0x00007ffb8022d000 	C:\Windows\System32\qcap.dll
0x00007ffb6eaf0000 - 0x00007ffb6ecc2000 	C:\Windows\System32\quartz.dll
0x00007ffb7f030000 - 0x00007ffb7f07b000 	C:\Windows\System32\ksproxy.ax
0x00007ffbaab30000 - 0x00007ffbaab38000 	C:\Windows\System32\ksuser.dll
0x00007ffb99ba0000 - 0x00007ffb99bae000 	C:\Windows\System32\vidcap.ax
0x00007ffb7f000000 - 0x00007ffb7f026000 	C:\Windows\System32\kswdmcap.ax
0x00007ffb6c630000 - 0x00007ffb6c79f000 	C:\Windows\System32\MFC42.dll
0x00007ffb73fe0000 - 0x00007ffb740a2000 	C:\Windows\System32\ODBC32.dll
0x00007ffb6fd90000 - 0x00007ffb6fe38000 	C:\Windows\System32\qedit.dll
0x00007ffbb3980000 - 0x00007ffbb3a36000 	C:\Windows\system32\COMDLG32.dll
0x00007ffbad780000 - 0x00007ffbad930000 	C:\Windows\WinSxS\amd64_microsoft.windows.gdiplus_6595b64144ccf1df_1.1.9600.17415_none_932b3b5547500489\gdiplus.dll
0x00007ffb93010000 - 0x00007ffb93108000 	C:\Windows\System32\DDRAW.dll
0x00007ffb93000000 - 0x00007ffb93009000 	C:\Windows\System32\DCIMAN32.dll
0x00007ffb6b690000 - 0x00007ffb6bb61000 	C:\Program Files (x86)\K-Lite Codec Pack\Filters\ffdshow64\ffdshow.ax
0x00007ffb7ddc0000 - 0x00007ffb7ddee000 	C:\Windows\SYSTEM32\DINPUT.dll
0x00007ffb6c430000 - 0x00007ffb6c622000 	C:\Program Files (x86)\K-Lite Codec Pack\Filters\vsfilter64.dll
0x00007ffbad3b0000 - 0x00007ffbad432000 	C:\Windows\SYSTEM32\WINSPOOL.DRV
0x00007ffba8f80000 - 0x00007ffba91e9000 	C:\Windows\SYSTEM32\WININET.dll
0x00007ffba91f0000 - 0x00007ffba94b7000 	C:\Windows\SYSTEM32\iertutil.dll
0x00007ffb99500000 - 0x00007ffb9950c000 	C:\Windows\SYSTEM32\msyuv.dll
0x00007ffb6c340000 - 0x00007ffb6c42f000 	C:\Users\pc\AppData\Local\Temp\javacpp524568136280991\msvcr120.dll
0x00007ffb6b5e0000 - 0x00007ffb6b686000 	C:\Users\pc\AppData\Local\Temp\javacpp524568136280991\msvcp120.dll
0x00007ffb6b350000 - 0x00007ffb6b5d1000 	C:\Users\pc\AppData\Local\Temp\javacpp524568136280991\opencv_core300.dll
0x00007ffb6afd0000 - 0x00007ffb6b34f000 	C:\Users\pc\AppData\Local\Temp\javacpp524568136280991\opencv_imgproc300.dll
0x00007ffb6ae10000 - 0x00007ffb6afc8000 	C:\Users\pc\AppData\Local\Temp\javacpp524568136280991\jniopencv_core.dll
0x00007ffb6ad60000 - 0x00007ffb6ae05000 	C:\Users\pc\AppData\Local\Temp\javacpp524568136280991\jniopencv_imgproc.dll
0x00007ffb6aaa0000 - 0x00007ffb6ad57000 	C:\Users\pc\AppData\Local\Temp\javacpp524568136280991\opencv_imgcodecs300.dll
0x00007ffb93640000 - 0x00007ffb9365b000 	C:\Users\pc\AppData\Local\Temp\javacpp524568136280991\jniopencv_imgcodecs.dll
0x00007ffb9b030000 - 0x00007ffb9b1b9000 	C:\Windows\SYSTEM32\dbghelp.dll

VM Arguments:
jvm_args: -Djava.library.path=C:\Users\pc\Documents\GitHub\yuz-tanima\target\natives -Dfile.encoding=UTF-8 
java_command: com.zk.App
java_class_path (initial): C:\Users\pc\Documents\GitHub\yuz-tanima\target\classes;C:\Users\pc\.m2\repository\junit\junit\3.8.1\junit-3.8.1.jar;C:\Users\pc\.m2\repository\mysql\mysql-connector-java\5.1.6\mysql-connector-java-5.1.6.jar;C:\Users\pc\.m2\repository\com\zk\opencv\opencvjar\3.0.0\opencvjar-3.0.0.jar;C:\Users\pc\.m2\repository\com\zk\opencv\opencvjar-runtime\3.0.0\opencvjar-runtime-3.0.0-natives-windows.jar;C:\Users\pc\.m2\repository\org\bytedeco\javacv\1.1\javacv-1.1.jar;C:\Users\pc\.m2\repository\org\bytedeco\javacpp\1.1\javacpp-1.1.jar;C:\Users\pc\.m2\repository\org\bytedeco\javacpp-presets\opencv\3.0.0-1.1\opencv-3.0.0-1.1.jar;C:\Users\pc\.m2\repository\org\bytedeco\javacpp-presets\opencv\3.0.0-1.1\opencv-3.0.0-1.1-windows-x86_64.jar;C:\Users\pc\.m2\repository\org\bytedeco\javacpp-presets\ffmpeg\2.8.1-1.1\ffmpeg-2.8.1-1.1.jar;C:\Users\pc\.m2\repository\org\bytedeco\javacpp-presets\ffmpeg\2.8.1-1.1\ffmpeg-2.8.1-1.1-windows-x86_64.jar;C:\Users\pc\.m2\repository\org\bytedeco\javacpp-presets\flycapture\2.8.3.1-1.1\flycapture-2.8.3.1-1.1.jar;C:\Users\pc\.m2\repository\org\bytedeco\javacpp-presets\flycapture\2.8.3.1-1.1\flycapture-2.8.3.1-1.1-windows-x86_64.jar;C:\Users\pc\.m2\repository\org\bytedeco\javacpp-presets\libdc1394\2.2.3-1.1\libdc1394-2.2.3-1.1.jar;C:\Users\pc\.m2\repository\org\bytedeco\javacpp-presets\libdc1394\2.2.3-1.1\libdc1394-2.2.3-1.1-windows-x86_64.jar;C:\Users\pc\.m2\repository\org\bytedeco\javacpp-presets\libfreenect\0.5.3-1.1\libfreenect-0.5.3-1.1.jar;C:\Users\pc\.m2\repository\org\bytedeco\javacpp-presets\libfreenect\0.5.3-1.1\libfreenect-0.5.3-1.1-windows-x86_64.jar;C:\Users\pc\.m2\repository\org\bytedeco\javacpp-presets\videoinput\0.200-1.1\videoinput-0.200-1.1.jar;C:\Users\pc\.m2\repository\org\bytedeco\javacpp-presets\videoinput\0.200-1.1\videoinput-0.200-1.1-windows-x86_64.jar;C:\Users\pc\.m2\repository\org\bytedeco\javacpp-presets\artoolkitplus\2.3.1-1.1\artoolkitplus-2.3.1-1.1.jar;C:\Users\pc\.m2\repository\org\bytedeco\javacp
Launcher Type: SUN_STANDARD

Environment Variables:
JAVA_HOME=C:\Program Files\Java\jdk1.8.0_66
CLASSPATH=C:\Users\pc\jprg\classes;C:\Users\pc\Documents\zk\bin
PATH=C:/Program Files/Java/jdk1.8.0_66/bin/../jre/bin/server;C:/Program Files/Java/jdk1.8.0_66/bin/../jre/bin;C:/Program Files/Java/jdk1.8.0_66/bin/../jre/lib/amd64;C:\Program Files (x86)\EasyPHP-DevServer-14.1VC9\binaries\php\php_runningversion;C:\Program Files (x86)\Intel\iCLS Client\;C:\Program Files\Intel\iCLS Client\;C:\Program Files (x86)\NVIDIA Corporation\PhysX\Common;C:\Windows\system32;C:\Windows;C:\Windows\System32\Wbem;C:\Windows\System32\WindowsPowerShell\v1.0\;C:\Program Files\Intel\Intel(R) Management Engine Components\DAL;C:\Program Files\Intel\Intel(R) Management Engine Components\IPT;C:\Program Files (x86)\Intel\Intel(R) Management Engine Components\DAL;C:\Program Files (x86)\Intel\Intel(R) Management Engine Components\IPT;C:\Program Files (x86)\Windows Kits\8.0\Windows Performance Toolkit\;C:\Program Files\Microsoft SQL Server\120\Tools\Binn\;C:\Program Files\Microsoft SQL Server\Client SDK\ODBC\110\Tools\Binn\;C:\Program Files (x86)\Microsoft SQL Server\120\Tools\Binn\;C:\Program Files\Microsoft SQL Server\120\DTS\Binn\;C:\Program Files (x86)\Microsoft SQL Server\120\Tools\Binn\ManagementStudio\;C:\Program Files (x86)\Microsoft SQL Server\120\DTS\Binn\;C:\Program Files\Java\jdk1.8.0_66\bin\;C:\Program Files\MATLAB\R2012b\runtime\win64;C:\Program Files\MATLAB\R2012b\bin;C:\Program Files (x86)\Skype\Phone\;C:\MinGW\bin;C:\Program Files (x86)\CMake\bin;C:\apache-maven-3.3.3\bin;C:\eclipse;
USERNAME=pc
OS=Windows_NT
PROCESSOR_IDENTIFIER=Intel64 Family 6 Model 60 Stepping 3, GenuineIntel



---------------  S Y S T E M  ---------------

OS: Windows 8.1 , 64 bit Build 9600 (6.3.9600.17415)

CPU:total 8 (4 cores per cpu, 2 threads per core) family 6 model 60 stepping 3, cmov, cx8, fxsr, mmx, sse, sse2, sse3, ssse3, sse4.1, sse4.2, popcnt, avx, avx2, aes, clmul, erms, lzcnt, ht, tsc, tscinvbit, bmi1, bmi2

Memory: 4k page, physical 8326788k(4800264k free), swap 14580780k(3595732k free)

vm_info: Java HotSpot(TM) 64-Bit Server VM (25.66-b18) for windows-amd64 JRE (1.8.0_66-b18), built on Nov  9 2015 10:51:13 by "java_re" with MS VC++ 10.0 (VS2010)

time: Sun Nov 29 12:42:29 2015
elapsed time: 7 seconds (0d 0h 0m 7s)

