#
# A fatal error has been detected by the Java Runtime Environment:
#
#  EXCEPTION_ACCESS_VIOLATION (0xc0000005) at pc=0x00007ffc613a2099, pid=3640, tid=9816
#
# JRE version: Java(TM) SE Runtime Environment (8.0_45-b14) (build 1.8.0_45-b14)
# Java VM: Java HotSpot(TM) 64-Bit Server VM (25.45-b02 mixed mode windows-amd64 compressed oops)
# Problematic frame:
# C  [jniopencv_core.dll+0x2099]
#
# Failed to write core dump. Minidumps are not enabled by default on client versions of Windows
#
# If you would like to submit a bug report, please visit:
#   http://bugreport.java.com/bugreport/crash.jsp
# The crash happened outside the Java Virtual Machine in native code.
# See problematic frame for where to report the bug.
#

---------------  T H R E A D  ---------------

Current thread (0x0000000019124800):  JavaThread "AWT-EventQueue-0" [_thread_in_native, id=9816, stack(0x000000001ac20000,0x000000001ad20000)]

siginfo: ExceptionCode=0xc0000005, reading address 0x0000000000000038

Registers:
RAX=0x0000000000000000, RBX=0x0000000000000000, RCX=0x0000000000000000, RDX=0x000000001e1c9400
RSP=0x000000001ad19690, RBP=0x000000001e1c9400, RSI=0x000000001ad197e8, RDI=0x000000001e1c9400
R8 =0x0000000000000032, R9 =0x00000000d7238cd8, R10=0x000000000000005c, R11=0x0000000077f6acd8
R12=0x0000000000000000, R13=0x000000001debe700, R14=0x000000001ab9b3a0, R15=0x0000000000000000
RIP=0x00007ffc613a2099, EFLAGS=0x0000000000010206

Top of Stack: (sp=0x000000001ad19690)
0x000000001ad19690:   000000001debe708 000000001ad197e8
0x000000001ad196a0:   00000000191c0cc0 0000000077829816
0x000000001ad196b0:   0000000000000000 00007ffc613a1db4
0x000000001ad196c0:   00000000000003d8 0000000016e07f70
0x000000001ad196d0:   000000001debe708 0000000019124800
0x000000001ad196e0:   000000001ad197d0 00007ffc61424658
0x000000001ad196f0:   00000000191249f8 00000000022a5cc6
0x000000001ad19700:   00000000191c0c00 0000000019124800
0x000000001ad19710:   0000000019124800 000000001ad197e8
0x000000001ad19720:   0000000002297a70 00000000022a5e34
0x000000001ad19730:   000000001ad197b0 000000001debe708
0x000000001ad19740:   000000000000000b 000000001debe708
0x000000001ad19750:   000000000000000b 0000000019124800
0x000000001ad19760:   000000001ad198a0 00000000022a5b62
0x000000001ad19770:   000000001ad19770 000000001debe700
0x000000001ad19780:   000000001ad197e8 000000001df32690 

Instructions: (pc=0x00007ffc613a2099)
0x00007ffc613a2079:   30 ff 15 c8 63 0f 00 48 8b c3 48 83 c4 50 5b c3
0x00007ffc613a2089:   cc cc cc cc cc cc cc 40 53 48 83 ec 20 48 8b d9
0x00007ffc613a2099:   48 8b 49 38 48 85 c9 74 16 83 c8 ff f0 0f c1 41
0x00007ffc613a20a9:   14 83 f8 01 75 09 48 8b cb ff 15 08 63 0f 00 45 


Register to memory mapping:

RAX=0x0000000000000000 is an unknown value
RBX=0x0000000000000000 is an unknown value
RCX=0x0000000000000000 is an unknown value
RDX=0x000000001e1c9400 is an unknown value
RSP=0x000000001ad19690 is pointing into the stack for thread: 0x0000000019124800
RBP=0x000000001e1c9400 is an unknown value
RSI=0x000000001ad197e8 is pointing into the stack for thread: 0x0000000019124800
RDI=0x000000001e1c9400 is an unknown value
R8 =0x0000000000000032 is an unknown value
R9 =0x00000000d7238cd8 is an oop
org.bytedeco.javacpp.opencv_core$Mat 
 - klass: 'org/bytedeco/javacpp/opencv_core$Mat'
R10=0x000000000000005c is an unknown value
R11=0x0000000077f6acd8 is an unknown value
R12=0x0000000000000000 is an unknown value
R13=0x000000001debe700 is pointing into metadata
R14=0x000000001ab9b3a0 is an unknown value
R15=0x0000000000000000 is an unknown value


Stack: [0x000000001ac20000,0x000000001ad20000],  sp=0x000000001ad19690,  free space=997k
Native frames: (J=compiled Java code, j=interpreted, Vv=VM code, C=native code)
C  [jniopencv_core.dll+0x2099]
C  [jniopencv_core.dll+0x1db4]
C  [jniopencv_core.dll+0x84658]
C  0x00000000022a5e34

Java frames: (J=compiled Java code, j=interpreted, Vv=VM code)
j  org.bytedeco.javacpp.opencv_core$MatVector.put(JLorg/bytedeco/javacpp/opencv_core$Mat;)Lorg/bytedeco/javacpp/opencv_core$MatVector;+0
j  com.zk.yuz_tanima.YuzTaniyici.tani()V+181
j  com.zk.App$4.actionPerformed(Ljava/awt/event/ActionEvent;)V+0
j  javax.swing.AbstractButton.fireActionPerformed(Ljava/awt/event/ActionEvent;)V+83
j  javax.swing.AbstractButton$Handler.actionPerformed(Ljava/awt/event/ActionEvent;)V+5
j  javax.swing.DefaultButtonModel.fireActionPerformed(Ljava/awt/event/ActionEvent;)V+34
j  javax.swing.DefaultButtonModel.setPressed(Z)V+117
j  javax.swing.plaf.basic.BasicButtonListener.mouseReleased(Ljava/awt/event/MouseEvent;)V+35
j  java.awt.Component.processMouseEvent(Ljava/awt/event/MouseEvent;)V+64
j  javax.swing.JComponent.processMouseEvent(Ljava/awt/event/MouseEvent;)V+23
j  java.awt.Component.processEvent(Ljava/awt/AWTEvent;)V+81
j  java.awt.Container.processEvent(Ljava/awt/AWTEvent;)V+18
J 1082 C1 java.awt.Component.dispatchEventImpl(Ljava/awt/AWTEvent;)V (883 bytes) @ 0x000000000265995c [0x0000000002654480+0x54dc]
J 950 C1 java.awt.Container.dispatchEventImpl(Ljava/awt/AWTEvent;)V (129 bytes) @ 0x00000000025d7bc4 [0x00000000025d7a80+0x144]
J 949 C1 java.awt.Component.dispatchEvent(Ljava/awt/AWTEvent;)V (6 bytes) @ 0x00000000025d7704 [0x00000000025d7600+0x104]
j  java.awt.LightweightDispatcher.retargetMouseEvent(Ljava/awt/Component;ILjava/awt/event/MouseEvent;)V+327
J 1224 C1 java.awt.LightweightDispatcher.processMouseEvent(Ljava/awt/event/MouseEvent;)Z (301 bytes) @ 0x00000000026b7ff4 [0x00000000026b6ce0+0x1314]
J 1105 C1 java.awt.LightweightDispatcher.dispatchEvent(Ljava/awt/AWTEvent;)Z (73 bytes) @ 0x000000000266963c [0x0000000002669200+0x43c]
J 950 C1 java.awt.Container.dispatchEventImpl(Ljava/awt/AWTEvent;)V (129 bytes) @ 0x00000000025d7b64 [0x00000000025d7a80+0xe4]
J 1084 C1 java.awt.Window.dispatchEventImpl(Ljava/awt/AWTEvent;)V (23 bytes) @ 0x00000000026633e4 [0x0000000002662e00+0x5e4]
J 989 C1 java.awt.EventQueue.dispatchEventImpl(Ljava/awt/AWTEvent;Ljava/lang/Object;)V (149 bytes) @ 0x00000000025f743c [0x00000000025f5c00+0x183c]
J 1088 C1 java.awt.EventQueue$3.run()Ljava/lang/Void; (60 bytes) @ 0x000000000266160c [0x0000000002661400+0x20c]
J 881 C1 java.awt.EventQueue$3.run()Ljava/lang/Object; (5 bytes) @ 0x00000000025a580c [0x00000000025a5780+0x8c]
v  ~StubRoutines::call_stub
J 586  java.security.AccessController.doPrivileged(Ljava/security/PrivilegedAction;Ljava/security/AccessControlContext;)Ljava/lang/Object; (0 bytes) @ 0x00000000024e84e6 [0x00000000024e8480+0x66]
J 595 C1 java.security.ProtectionDomain$1.doIntersectionPrivilege(Ljava/security/PrivilegedAction;Ljava/security/AccessControlContext;Ljava/security/AccessControlContext;)Ljava/lang/Object; (32 bytes) @ 0x00000000024ea0fc [0x00000000024e9e00+0x2fc]
J 1074 C1 java.awt.EventQueue$4.run()Ljava/lang/Object; (5 bytes) @ 0x000000000264b00c [0x000000000264ac20+0x3ec]
v  ~StubRoutines::call_stub
J 586  java.security.AccessController.doPrivileged(Ljava/security/PrivilegedAction;Ljava/security/AccessControlContext;)Ljava/lang/Object; (0 bytes) @ 0x00000000024e84e6 [0x00000000024e8480+0x66]
J 879 C1 java.awt.EventQueue.dispatchEvent(Ljava/awt/AWTEvent;)V (80 bytes) @ 0x00000000025b2334 [0x00000000025b1680+0xcb4]
J 1002 C1 java.awt.EventDispatchThread.pumpOneEventForFilters(I)V (295 bytes) @ 0x00000000026031e4 [0x0000000002601680+0x1b64]
j  java.awt.EventDispatchThread.pumpEventsForFilter(ILjava/awt/Conditional;Ljava/awt/EventFilter;)V+35
j  java.awt.EventDispatchThread.pumpEventsForFilter(Ljava/awt/Conditional;Ljava/awt/EventFilter;)V+4
j  java.awt.WaitDispatchSupport$2.run()V+59
j  java.awt.WaitDispatchSupport$4.run()Ljava/lang/Void;+4
j  java.awt.WaitDispatchSupport$4.run()Ljava/lang/Object;+1
v  ~StubRoutines::call_stub
J 491  java.security.AccessController.doPrivileged(Ljava/security/PrivilegedAction;)Ljava/lang/Object; (0 bytes) @ 0x00000000024c2792 [0x00000000024c2740+0x52]
j  java.awt.WaitDispatchSupport.enter()Z+279
j  java.awt.Dialog.show()V+233
j  java.awt.Component.show(Z)V+5
j  java.awt.Component.setVisible(Z)V+2
j  java.awt.Window.setVisible(Z)V+2
j  java.awt.Dialog.setVisible(Z)V+2
j  com.zk.yuz_tanima.YuzTaniAcAction.actionPerformed(Ljava/awt/event/ActionEvent;)V+20
j  javax.swing.AbstractButton.fireActionPerformed(Ljava/awt/event/ActionEvent;)V+83
j  javax.swing.AbstractButton$Handler.actionPerformed(Ljava/awt/event/ActionEvent;)V+5
j  javax.swing.DefaultButtonModel.fireActionPerformed(Ljava/awt/event/ActionEvent;)V+34
j  javax.swing.DefaultButtonModel.setPressed(Z)V+117
j  javax.swing.AbstractButton.doClick(I)V+64
j  javax.swing.plaf.basic.BasicMenuItemUI.doClick(Ljavax/swing/MenuSelectionManager;)V+53
j  javax.swing.plaf.basic.BasicMenuItemUI$Handler.mouseReleased(Ljava/awt/event/MouseEvent;)V+76
j  java.awt.AWTEventMulticaster.mouseReleased(Ljava/awt/event/MouseEvent;)V+8
j  java.awt.Component.processMouseEvent(Ljava/awt/event/MouseEvent;)V+64
j  javax.swing.JComponent.processMouseEvent(Ljava/awt/event/MouseEvent;)V+23
j  java.awt.Component.processEvent(Ljava/awt/AWTEvent;)V+81
j  java.awt.Container.processEvent(Ljava/awt/AWTEvent;)V+18
j  java.awt.Component.dispatchEventImpl(Ljava/awt/AWTEvent;)V+589
J 950 C1 java.awt.Container.dispatchEventImpl(Ljava/awt/AWTEvent;)V (129 bytes) @ 0x00000000025d7bc4 [0x00000000025d7a80+0x144]
J 949 C1 java.awt.Component.dispatchEvent(Ljava/awt/AWTEvent;)V (6 bytes) @ 0x00000000025d7704 [0x00000000025d7600+0x104]
j  java.awt.LightweightDispatcher.retargetMouseEvent(Ljava/awt/Component;ILjava/awt/event/MouseEvent;)V+327
j  java.awt.LightweightDispatcher.processMouseEvent(Ljava/awt/event/MouseEvent;)Z+143
j  java.awt.LightweightDispatcher.dispatchEvent(Ljava/awt/AWTEvent;)Z+50
J 950 C1 java.awt.Container.dispatchEventImpl(Ljava/awt/AWTEvent;)V (129 bytes) @ 0x00000000025d7b64 [0x00000000025d7a80+0xe4]
j  java.awt.Window.dispatchEventImpl(Ljava/awt/AWTEvent;)V+19
J 989 C1 java.awt.EventQueue.dispatchEventImpl(Ljava/awt/AWTEvent;Ljava/lang/Object;)V (149 bytes) @ 0x00000000025f743c [0x00000000025f5c00+0x183c]
J 988 C1 java.awt.EventQueue.access$500(Ljava/awt/EventQueue;Ljava/awt/AWTEvent;Ljava/lang/Object;)V (7 bytes) @ 0x00000000025f569c [0x00000000025f5640+0x5c]
j  java.awt.EventQueue$3.run()Ljava/lang/Void;+32
J 881 C1 java.awt.EventQueue$3.run()Ljava/lang/Object; (5 bytes) @ 0x00000000025a580c [0x00000000025a5780+0x8c]
v  ~StubRoutines::call_stub
J 586  java.security.AccessController.doPrivileged(Ljava/security/PrivilegedAction;Ljava/security/AccessControlContext;)Ljava/lang/Object; (0 bytes) @ 0x00000000024e84e6 [0x00000000024e8480+0x66]
J 595 C1 java.security.ProtectionDomain$1.doIntersectionPrivilege(Ljava/security/PrivilegedAction;Ljava/security/AccessControlContext;Ljava/security/AccessControlContext;)Ljava/lang/Object; (32 bytes) @ 0x00000000024ea0fc [0x00000000024e9e00+0x2fc]
j  java.security.ProtectionDomain$1.doIntersectionPrivilege(Ljava/security/PrivilegedAction;Ljava/security/AccessControlContext;)Ljava/lang/Object;+6
j  java.awt.EventQueue$4.run()Ljava/lang/Void;+11
j  java.awt.EventQueue$4.run()Ljava/lang/Object;+1
v  ~StubRoutines::call_stub
J 586  java.security.AccessController.doPrivileged(Ljava/security/PrivilegedAction;Ljava/security/AccessControlContext;)Ljava/lang/Object; (0 bytes) @ 0x00000000024e84e6 [0x00000000024e8480+0x66]
J 879 C1 java.awt.EventQueue.dispatchEvent(Ljava/awt/AWTEvent;)V (80 bytes) @ 0x00000000025b2334 [0x00000000025b1680+0xcb4]
J 1002 C1 java.awt.EventDispatchThread.pumpOneEventForFilters(I)V (295 bytes) @ 0x00000000026031e4 [0x0000000002601680+0x1b64]
j  java.awt.EventDispatchThread.pumpEventsForFilter(ILjava/awt/Conditional;Ljava/awt/EventFilter;)V+35
j  java.awt.EventDispatchThread.pumpEventsForHierarchy(ILjava/awt/Conditional;Ljava/awt/Component;)V+11
j  java.awt.EventDispatchThread.pumpEvents(ILjava/awt/Conditional;)V+4
j  java.awt.EventDispatchThread.pumpEvents(Ljava/awt/Conditional;)V+3
j  java.awt.EventDispatchThread.run()V+9
v  ~StubRoutines::call_stub

---------------  P R O C E S S  ---------------

Java Threads: ( => current thread )
  0x00000000194cd800 JavaThread "MySQL Statement Cancellation Timer" daemon [_thread_blocked, id=5292, stack(0x000000001c710000,0x000000001c810000)]
  0x000000001920f800 JavaThread "TimerQueue" daemon [_thread_blocked, id=5900, stack(0x000000001c310000,0x000000001c410000)]
  0x00000000191f1000 JavaThread "D3D Screen Updater" daemon [_thread_blocked, id=10056, stack(0x000000001b760000,0x000000001b860000)]
=>0x0000000019124800 JavaThread "AWT-EventQueue-0" [_thread_in_native, id=9816, stack(0x000000001ac20000,0x000000001ad20000)]
  0x000000001917e800 JavaThread "AWT-Windows" daemon [_thread_in_native, id=9656, stack(0x0000000019a30000,0x0000000019b30000)]
  0x0000000019119800 JavaThread "AWT-Shutdown" [_thread_blocked, id=10136, stack(0x0000000019930000,0x0000000019a30000)]
  0x0000000019152000 JavaThread "Java2D Disposer" daemon [_thread_blocked, id=3044, stack(0x0000000019830000,0x0000000019930000)]
  0x0000000018691800 JavaThread "Service Thread" daemon [_thread_blocked, id=2884, stack(0x0000000018a70000,0x0000000018b70000)]
  0x0000000016e0c000 JavaThread "C1 CompilerThread2" daemon [_thread_blocked, id=1248, stack(0x0000000018570000,0x0000000018670000)]
  0x0000000016e07000 JavaThread "C2 CompilerThread1" daemon [_thread_blocked, id=10092, stack(0x0000000018470000,0x0000000018570000)]
  0x0000000016e00000 JavaThread "C2 CompilerThread0" daemon [_thread_blocked, id=2620, stack(0x0000000018370000,0x0000000018470000)]
  0x0000000016dfe800 JavaThread "Attach Listener" daemon [_thread_blocked, id=5160, stack(0x0000000018270000,0x0000000018370000)]
  0x0000000016dfd800 JavaThread "Signal Dispatcher" daemon [_thread_blocked, id=4344, stack(0x0000000018170000,0x0000000018270000)]
  0x0000000002286800 JavaThread "Finalizer" daemon [_thread_blocked, id=5988, stack(0x0000000018070000,0x0000000018170000)]
  0x000000000227e000 JavaThread "Reference Handler" daemon [_thread_blocked, id=7668, stack(0x0000000017f70000,0x0000000018070000)]
  0x000000000218e000 JavaThread "main" [_thread_in_native, id=5388, stack(0x0000000001fa0000,0x00000000020a0000)]

Other Threads:
  0x0000000016dc7000 VMThread [stack: 0x0000000017e70000,0x0000000017f70000] [id=6740]
  0x0000000018692800 WatcherThread [stack: 0x0000000018b70000,0x0000000018c70000] [id=2652]

VM state:not at safepoint (normal execution)

VM Mutex/Monitor currently owned by a thread: None

Heap:
 PSYoungGen      total 39424K, used 28719K [0x00000000d5c00000, 0x00000000d8b00000, 0x0000000100000000)
  eden space 31744K, 83% used [0x00000000d5c00000,0x00000000d75c9f60,0x00000000d7b00000)
  from space 7680K, 30% used [0x00000000d7b80000,0x00000000d7dc2020,0x00000000d8300000)
  to   space 8192K, 0% used [0x00000000d8300000,0x00000000d8300000,0x00000000d8b00000)
 ParOldGen       total 87552K, used 7991K [0x0000000081400000, 0x0000000086980000, 0x00000000d5c00000)
  object space 87552K, 9% used [0x0000000081400000,0x0000000081bcde98,0x0000000086980000)
 Metaspace       used 17590K, capacity 17792K, committed 18176K, reserved 1064960K
  class space    used 2113K, capacity 2204K, committed 2304K, reserved 1048576K

Card table byte_map: [0x0000000011650000,0x0000000011a50000] byte_map_base: 0x0000000011246000

Marking Bits: (ParMarkBitMap*) 0x0000000077f74040
 Begin Bits: [0x0000000012100000, 0x00000000140b0000)
 End Bits:   [0x00000000140b0000, 0x0000000016060000)

Polling page: 0x00000000006e0000

CodeCache: size=245760Kb used=5576Kb max_used=5576Kb free=240184Kb
 bounds [0x0000000002290000, 0x0000000002810000, 0x0000000011290000]
 total_blobs=2386 nmethods=1606 adapters=692
 compilation: enabled

Compilation events (10 events):
Event: 13.950 Thread 0x0000000016e0c000 1588       3       com.mysql.jdbc.RowDataStatic::next (54 bytes)
Event: 13.950 Thread 0x0000000016e0c000 nmethod 1588 0x00000000027fc210 code [0x00000000027fc3a0, 0x00000000027fc8a8]
Event: 13.950 Thread 0x0000000016e0c000 1589       3       com.mysql.jdbc.ResultSetImpl::setRowPositionValidity (110 bytes)
Event: 13.951 Thread 0x0000000016e0c000 nmethod 1589 0x00000000027fca10 code [0x00000000027fcc20, 0x00000000027fd578]
Event: 13.951 Thread 0x0000000016e0c000 1590       3       com.mysql.jdbc.RowDataStatic::isBeforeFirst (26 bytes)
Event: 13.951 Thread 0x0000000016e0c000 nmethod 1590 0x00000000027fd8d0 code [0x00000000027fda40, 0x00000000027fdce8]
Event: 13.951 Thread 0x0000000016e0c000 1598   !   3       com.mysql.jdbc.ResultSetImpl::getInt (456 bytes)
Event: 13.954 Thread 0x0000000016e0c000 nmethod 1598 0x00000000027fdd90 code [0x00000000027fe360, 0x00000000028024c8]
Event: 13.954 Thread 0x0000000016e0c000 1605       1       com.mysql.jdbc.Buffer::getBufLength (5 bytes)
Event: 13.954 Thread 0x0000000016e0c000 nmethod 1605 0x0000000002804750 code [0x00000000028048a0, 0x00000000028049b0]

GC Heap History (10 events):
Event: 8.841 GC heap before
{Heap before GC invocations=3 (full 0):
 PSYoungGen      total 38400K, used 38295K [0x00000000d5c00000, 0x00000000d8680000, 0x0000000100000000)
  eden space 33280K, 99% used [0x00000000d5c00000,0x00000000d7c6ae10,0x00000000d7c80000)
  from space 5120K, 99% used [0x00000000d8180000,0x00000000d867b050,0x00000000d8680000)
  to   space 5120K, 0% used [0x00000000d7c80000,0x00000000d7c80000,0x00000000d8180000)
 ParOldGen       total 87552K, used 2817K [0x0000000081400000, 0x0000000086980000, 0x00000000d5c00000)
  object space 87552K, 3% used [0x0000000081400000,0x00000000816c06f8,0x0000000086980000)
 Metaspace       used 15054K, capacity 15256K, committed 15488K, reserved 1062912K
  class space    used 1848K, capacity 1916K, committed 1920K, reserved 1048576K
Event: 8.850 GC heap after
Heap after GC invocations=3 (full 0):
 PSYoungGen      total 38400K, used 4264K [0x00000000d5c00000, 0x00000000d8680000, 0x0000000100000000)
  eden space 33280K, 0% used [0x00000000d5c00000,0x00000000d5c00000,0x00000000d7c80000)
  from space 5120K, 83% used [0x00000000d7c80000,0x00000000d80aa040,0x00000000d8180000)
  to   space 5120K, 0% used [0x00000000d8180000,0x00000000d8180000,0x00000000d8680000)
 ParOldGen       total 87552K, used 2825K [0x0000000081400000, 0x0000000086980000, 0x00000000d5c00000)
  object space 87552K, 3% used [0x0000000081400000,0x00000000816c26f8,0x0000000086980000)
 Metaspace       used 15054K, capacity 15256K, committed 15488K, reserved 1062912K
  class space    used 1848K, capacity 1916K, committed 1920K, reserved 1048576K
}
Event: 10.040 GC heap before
{Heap before GC invocations=4 (full 0):
 PSYoungGen      total 38400K, used 36947K [0x00000000d5c00000, 0x00000000d8680000, 0x0000000100000000)
  eden space 33280K, 98% used [0x00000000d5c00000,0x00000000d7beaf48,0x00000000d7c80000)
  from space 5120K, 83% used [0x00000000d7c80000,0x00000000d80aa040,0x00000000d8180000)
  to   space 5120K, 0% used [0x00000000d8180000,0x00000000d8180000,0x00000000d8680000)
 ParOldGen       total 87552K, used 2825K [0x0000000081400000, 0x0000000086980000, 0x00000000d5c00000)
  object space 87552K, 3% used [0x0000000081400000,0x00000000816c26f8,0x0000000086980000)
 Metaspace       used 15226K, capacity 15448K, committed 15744K, reserved 1062912K
  class space    used 1855K, capacity 1916K, committed 1920K, reserved 1048576K
Event: 10.044 GC heap after
Heap after GC invocations=4 (full 0):
 PSYoungGen      total 38400K, used 5100K [0x00000000d5c00000, 0x00000000d8680000, 0x0000000100000000)
  eden space 33280K, 0% used [0x00000000d5c00000,0x00000000d5c00000,0x00000000d7c80000)
  from space 5120K, 99% used [0x00000000d8180000,0x00000000d867b050,0x00000000d8680000)
  to   space 5120K, 0% used [0x00000000d7c80000,0x00000000d7c80000,0x00000000d8180000)
 ParOldGen       total 87552K, used 2902K [0x0000000081400000, 0x0000000086980000, 0x00000000d5c00000)
  object space 87552K, 3% used [0x0000000081400000,0x00000000816d5a68,0x0000000086980000)
 Metaspace       used 15226K, capacity 15448K, committed 15744K, reserved 1062912K
  class space    used 1855K, capacity 1916K, committed 1920K, reserved 1048576K
}
Event: 11.241 GC heap before
{Heap before GC invocations=5 (full 0):
 PSYoungGen      total 38400K, used 37708K [0x00000000d5c00000, 0x00000000d8680000, 0x0000000100000000)
  eden space 33280K, 97% used [0x00000000d5c00000,0x00000000d7bd81c0,0x00000000d7c80000)
  from space 5120K, 99% used [0x00000000d8180000,0x00000000d867b050,0x00000000d8680000)
  to   space 5120K, 0% used [0x00000000d7c80000,0x00000000d7c80000,0x00000000d8180000)
 ParOldGen       total 87552K, used 2902K [0x0000000081400000, 0x0000000086980000, 0x00000000d5c00000)
  object space 87552K, 3% used [0x0000000081400000,0x00000000816d5a68,0x0000000086980000)
 Metaspace       used 15261K, capacity 15456K, committed 15744K, reserved 1062912K
  class space    used 1855K, capacity 1916K, committed 1920K, reserved 1048576K
Event: 11.251 GC heap after
Heap after GC invocations=5 (full 0):
 PSYoungGen      total 37888K, used 4264K [0x00000000d5c00000, 0x00000000d8c00000, 0x0000000100000000)
  eden space 32768K, 0% used [0x00000000d5c00000,0x00000000d5c00000,0x00000000d7c00000)
  from space 5120K, 83% used [0x00000000d7c80000,0x00000000d80aa040,0x00000000d8180000)
  to   space 8192K, 0% used [0x00000000d8400000,0x00000000d8400000,0x00000000d8c00000)
 ParOldGen       total 87552K, used 2910K [0x0000000081400000, 0x0000000086980000, 0x00000000d5c00000)
  object space 87552K, 3% used [0x0000000081400000,0x00000000816d7a68,0x0000000086980000)
 Metaspace       used 15261K, capacity 15456K, committed 15744K, reserved 1062912K
  class space    used 1855K, capacity 1916K, committed 1920K, reserved 1048576K
}
Event: 12.307 GC heap before
{Heap before GC invocations=6 (full 0):
 PSYoungGen      total 37888K, used 36894K [0x00000000d5c00000, 0x00000000d8c00000, 0x0000000100000000)
  eden space 32768K, 99% used [0x00000000d5c00000,0x00000000d7bddb50,0x00000000d7c00000)
  from space 5120K, 83% used [0x00000000d7c80000,0x00000000d80aa040,0x00000000d8180000)
  to   space 8192K, 0% used [0x00000000d8400000,0x00000000d8400000,0x00000000d8c00000)
 ParOldGen       total 87552K, used 2910K [0x0000000081400000, 0x0000000086980000, 0x00000000d5c00000)
  object space 87552K, 3% used [0x0000000081400000,0x00000000816d7a68,0x0000000086980000)
 Metaspace       used 15967K, capacity 16224K, committed 16384K, reserved 1062912K
  class space    used 1910K, capacity 1980K, committed 2048K, reserved 1048576K
Event: 12.311 GC heap after
Heap after GC invocations=6 (full 0):
 PSYoungGen      total 38912K, used 5423K [0x00000000d5c00000, 0x00000000d8a80000, 0x0000000100000000)
  eden space 32256K, 0% used [0x00000000d5c00000,0x00000000d5c00000,0x00000000d7b80000)
  from space 6656K, 81% used [0x00000000d8400000,0x00000000d894bca0,0x00000000d8a80000)
  to   space 7680K, 0% used [0x00000000d7b80000,0x00000000d7b80000,0x00000000d8300000)
 ParOldGen       total 87552K, used 2918K [0x0000000081400000, 0x0000000086980000, 0x00000000d5c00000)
  object space 87552K, 3% used [0x0000000081400000,0x00000000816d9a68,0x0000000086980000)
 Metaspace       used 15967K, capacity 16224K, committed 16384K, reserved 1062912K
  class space    used 1910K, capacity 1980K, committed 2048K, reserved 1048576K
}
Event: 13.379 GC heap before
{Heap before GC invocations=7 (full 0):
 PSYoungGen      total 38912K, used 36957K [0x00000000d5c00000, 0x00000000d8a80000, 0x0000000100000000)
  eden space 32256K, 97% used [0x00000000d5c00000,0x00000000d7acb7b0,0x00000000d7b80000)
  from space 6656K, 81% used [0x00000000d8400000,0x00000000d894bca0,0x00000000d8a80000)
  to   space 7680K, 0% used [0x00000000d7b80000,0x00000000d7b80000,0x00000000d8300000)
 ParOldGen       total 87552K, used 2918K [0x0000000081400000, 0x0000000086980000, 0x00000000d5c00000)
  object space 87552K, 3% used [0x0000000081400000,0x00000000816d9a68,0x0000000086980000)
 Metaspace       used 16429K, capacity 16672K, committed 16896K, reserved 1064960K
  class space    used 1964K, capacity 2044K, committed 2048K, reserved 1048576K
Event: 13.385 GC heap after
Heap after GC invocations=7 (full 0):
 PSYoungGen      total 39424K, used 2312K [0x00000000d5c00000, 0x00000000d8b00000, 0x0000000100000000)
  eden space 31744K, 0% used [0x00000000d5c00000,0x00000000d5c00000,0x00000000d7b00000)
  from space 7680K, 30% used [0x00000000d7b80000,0x00000000d7dc2020,0x00000000d8300000)
  to   space 8192K, 0% used [0x00000000d8300000,0x00000000d8300000,0x00000000d8b00000)
 ParOldGen       total 87552K, used 7991K [0x0000000081400000, 0x0000000086980000, 0x00000000d5c00000)
  object space 87552K, 9% used [0x0000000081400000,0x0000000081bcde98,0x0000000086980000)
 Metaspace       used 16429K, capacity 16672K, committed 16896K, reserved 1064960K
  class space    used 1964K, capacity 2044K, committed 2048K, reserved 1048576K
}

Deoptimization events (10 events):
Event: 3.788 Thread 0x0000000019124800 Uncommon trap: reason=unstable_if action=reinterpret pc=0x000000000245eae4 method=java.lang.String.indexOf([CII[CIII)I @ 3
Event: 3.791 Thread 0x0000000019124800 Uncommon trap: reason=bimorphic action=maybe_recompile pc=0x000000000253efdc method=java.util.HashMap.getNode(ILjava/lang/Object;)Ljava/util/HashMap$Node; @ 126
Event: 3.791 Thread 0x0000000019124800 Uncommon trap: reason=bimorphic action=maybe_recompile pc=0x000000000253efdc method=java.util.HashMap.getNode(ILjava/lang/Object;)Ljava/util/HashMap$Node; @ 126
Event: 3.791 Thread 0x0000000019124800 Uncommon trap: reason=bimorphic action=maybe_recompile pc=0x000000000253efdc method=java.util.HashMap.getNode(ILjava/lang/Object;)Ljava/util/HashMap$Node; @ 126
Event: 3.791 Thread 0x0000000019124800 Uncommon trap: reason=bimorphic action=maybe_recompile pc=0x000000000253efdc method=java.util.HashMap.getNode(ILjava/lang/Object;)Ljava/util/HashMap$Node; @ 126
Event: 12.001 Thread 0x0000000019124800 Uncommon trap: reason=unstable_if action=reinterpret pc=0x0000000002581f54 method=java.util.HashMap.getNode(ILjava/lang/Object;)Ljava/util/HashMap$Node; @ 62
Event: 12.001 Thread 0x0000000019124800 Uncommon trap: reason=unstable_if action=reinterpret pc=0x0000000002593b08 method=java.util.HashMap.putVal(ILjava/lang/Object;Ljava/lang/Object;ZZ)Ljava/lang/Object; @ 94
Event: 12.002 Thread 0x0000000019124800 Uncommon trap: reason=unstable_if action=reinterpret pc=0x000000000255d2d8 method=java.util.HashMap.getNode(ILjava/lang/Object;)Ljava/util/HashMap$Node; @ 62
Event: 12.023 Thread 0x0000000019124800 Uncommon trap: reason=unstable_if action=reinterpret pc=0x0000000002567234 method=java.io.WinNTFileSystem.normalize(Ljava/lang/String;)Ljava/lang/String; @ 128
Event: 13.922 Thread 0x0000000019124800 Uncommon trap: reason=unstable_if action=reinterpret pc=0x0000000002785ebc method=java.net.URI.match(CJJ)Z @ 45

Internal exceptions (10 events):
Event: 3.504 Thread 0x0000000019124800 Exception <a 'java/security/PrivilegedActionException'> (0x00000000d65d60f8) thrown at [C:\re\workspace\8-2-build-windows-amd64-cygwin\jdk8u45\3457\hotspot\src\share\vm\prims\jvm.cpp, line 1382]
Event: 3.504 Thread 0x0000000019124800 Exception <a 'java/security/PrivilegedActionException'> (0x00000000d65d65d0) thrown at [C:\re\workspace\8-2-build-windows-amd64-cygwin\jdk8u45\3457\hotspot\src\share\vm\prims\jvm.cpp, line 1382]
Event: 3.515 Thread 0x0000000019124800 Exception <a 'java/security/PrivilegedActionException'> (0x00000000d662e848) thrown at [C:\re\workspace\8-2-build-windows-amd64-cygwin\jdk8u45\3457\hotspot\src\share\vm\prims\jvm.cpp, line 1382]
Event: 3.515 Thread 0x0000000019124800 Exception <a 'java/security/PrivilegedActionException'> (0x00000000d662ed20) thrown at [C:\re\workspace\8-2-build-windows-amd64-cygwin\jdk8u45\3457\hotspot\src\share\vm\prims\jvm.cpp, line 1382]
Event: 3.516 Thread 0x0000000019124800 Exception <a 'java/security/PrivilegedActionException'> (0x00000000d663be30) thrown at [C:\re\workspace\8-2-build-windows-amd64-cygwin\jdk8u45\3457\hotspot\src\share\vm\prims\jvm.cpp, line 1382]
Event: 3.516 Thread 0x0000000019124800 Exception <a 'java/security/PrivilegedActionException'> (0x00000000d663c308) thrown at [C:\re\workspace\8-2-build-windows-amd64-cygwin\jdk8u45\3457\hotspot\src\share\vm\prims\jvm.cpp, line 1382]
Event: 3.518 Thread 0x0000000019124800 Exception <a 'java/security/PrivilegedActionException'> (0x00000000d6649c50) thrown at [C:\re\workspace\8-2-build-windows-amd64-cygwin\jdk8u45\3457\hotspot\src\share\vm\prims\jvm.cpp, line 1382]
Event: 3.518 Thread 0x0000000019124800 Exception <a 'java/security/PrivilegedActionException'> (0x00000000d664a128) thrown at [C:\re\workspace\8-2-build-windows-amd64-cygwin\jdk8u45\3457\hotspot\src\share\vm\prims\jvm.cpp, line 1382]
Event: 3.518 Thread 0x0000000019124800 Exception <a 'java/security/PrivilegedActionException'> (0x00000000d66576f0) thrown at [C:\re\workspace\8-2-build-windows-amd64-cygwin\jdk8u45\3457\hotspot\src\share\vm\prims\jvm.cpp, line 1382]
Event: 3.519 Thread 0x0000000019124800 Exception <a 'java/security/PrivilegedActionException'> (0x00000000d6657bc8) thrown at [C:\re\workspace\8-2-build-windows-amd64-cygwin\jdk8u45\3457\hotspot\src\share\vm\prims\jvm.cpp, line 1382]

Events (10 events):
Event: 13.920 loading class java/nio/DirectIntBufferU done
Event: 13.922 Thread 0x0000000019124800 Uncommon trap: trap_request=0xffffff65 fr.pc=0x0000000002785ebc
Event: 13.922 Thread 0x0000000019124800 DEOPT PACKING pc=0x0000000002785ebc sp=0x000000001ad181d0
Event: 13.922 Thread 0x0000000019124800 DEOPT UNPACKING pc=0x00000000022d582a sp=0x000000001ad18160 mode 2
Event: 13.932 loading class com/zk/yuz_bul/YuzDAO
Event: 13.932 loading class com/zk/yuz_bul/YuzDAO done
Event: 13.944 loading class com/mysql/jdbc/OperationNotSupportedException
Event: 13.944 loading class com/mysql/jdbc/OperationNotSupportedException done
Event: 13.945 loading class com/zk/yuz_bul/Yuz
Event: 13.945 loading class com/zk/yuz_bul/Yuz done


Dynamic libraries:
0x00007ff764d10000 - 0x00007ff764d47000 	C:\Program Files\Java\jre1.8.0_45\bin\javaw.exe
0x00007ffc876a0000 - 0x00007ffc8784c000 	C:\Windows\SYSTEM32\ntdll.dll
0x00007ffc851f0000 - 0x00007ffc8532e000 	C:\Windows\system32\KERNEL32.DLL
0x00007ffc84a30000 - 0x00007ffc84b45000 	C:\Windows\system32\KERNELBASE.dll
0x00007ffc83360000 - 0x00007ffc833ee000 	C:\Windows\system32\apphelp.dll
0x00007ffc72a40000 - 0x00007ffc72a93000 	C:\Windows\AppPatch\AppPatch64\AcGenral.DLL
0x00007ffc85bb0000 - 0x00007ffc85c5a000 	C:\Windows\system32\msvcrt.dll
0x00007ffc845d0000 - 0x00007ffc845fe000 	C:\Windows\SYSTEM32\SspiCli.dll
0x00007ffc87420000 - 0x00007ffc87474000 	C:\Windows\system32\SHLWAPI.dll
0x00007ffc85c60000 - 0x00007ffc85dd7000 	C:\Windows\system32\USER32.dll
0x00007ffc85440000 - 0x00007ffc855d4000 	C:\Windows\system32\ole32.dll
0x00007ffc85ea0000 - 0x00007ffc873b9000 	C:\Windows\system32\SHELL32.dll
0x00007ffc83da0000 - 0x00007ffc83dc1000 	C:\Windows\SYSTEM32\USERENV.dll
0x00007ffc85390000 - 0x00007ffc8543a000 	C:\Windows\system32\ADVAPI32.dll
0x00007ffc72290000 - 0x00007ffc722ae000 	C:\Windows\SYSTEM32\MPR.dll
0x00007ffc857c0000 - 0x00007ffc85901000 	C:\Windows\system32\RPCRT4.dll
0x00007ffc87480000 - 0x00007ffc874d9000 	C:\Windows\SYSTEM32\sechost.dll
0x00007ffc84f10000 - 0x00007ffc85121000 	C:\Windows\SYSTEM32\combase.dll
0x00007ffc85910000 - 0x00007ffc85a5f000 	C:\Windows\system32\GDI32.dll
0x00007ffc84800000 - 0x00007ffc84815000 	C:\Windows\SYSTEM32\profapi.dll
0x00007ffc82b60000 - 0x00007ffc82c12000 	C:\Windows\SYSTEM32\SHCORE.dll
0x00007ffc873d0000 - 0x00007ffc87406000 	C:\Windows\system32\IMM32.DLL
0x00007ffc87540000 - 0x00007ffc87692000 	C:\Windows\system32\MSCTF.dll
0x00007ffc82190000 - 0x00007ffc8240b000 	C:\Windows\WinSxS\amd64_microsoft.windows.common-controls_6595b64144ccf1df_6.0.9600.18006_none_623f33d3ecbe86e8\COMCTL32.dll
0x0000000076f00000 - 0x0000000076fd2000 	C:\Program Files\Java\jre1.8.0_45\bin\msvcr100.dll
0x0000000077770000 - 0x0000000077ff3000 	C:\Program Files\Java\jre1.8.0_45\bin\server\jvm.dll
0x00007ffc78420000 - 0x00007ffc78429000 	C:\Windows\SYSTEM32\WSOCK32.dll
0x00007ffc7fd60000 - 0x00007ffc7fd82000 	C:\Windows\SYSTEM32\WINMM.dll
0x00007ffc7fed0000 - 0x00007ffc7feda000 	C:\Windows\SYSTEM32\VERSION.dll
0x00007ffc873c0000 - 0x00007ffc873c7000 	C:\Windows\system32\PSAPI.DLL
0x00007ffc874e0000 - 0x00007ffc8753a000 	C:\Windows\system32\WS2_32.dll
0x00007ffc7fd30000 - 0x00007ffc7fd5a000 	C:\Windows\SYSTEM32\WINMMBASE.dll
0x00007ffc87410000 - 0x00007ffc87419000 	C:\Windows\system32\NSI.dll
0x00007ffc849e0000 - 0x00007ffc84a2f000 	C:\Windows\SYSTEM32\cfgmgr32.dll
0x00007ffc835b0000 - 0x00007ffc835d8000 	C:\Windows\SYSTEM32\DEVOBJ.dll
0x0000000051fa0000 - 0x0000000051faf000 	C:\Program Files\Java\jre1.8.0_45\bin\verify.dll
0x0000000050a60000 - 0x0000000050a89000 	C:\Program Files\Java\jre1.8.0_45\bin\java.dll
0x0000000050a40000 - 0x0000000050a56000 	C:\Program Files\Java\jre1.8.0_45\bin\zip.dll
0x00007ffc4b510000 - 0x00007ffc4cd95000 	C:\Users\kaya\Documents\GitHub\yuz-tanima\target\natives\opencv_java300.dll
0x00007ffc72ca0000 - 0x00007ffc72cc9000 	C:\Windows\SYSTEM32\MSVFW32.dll
0x00007ffc729c0000 - 0x00007ffc729e1000 	C:\Windows\SYSTEM32\AVIFIL32.dll
0x00007ffc72e90000 - 0x00007ffc72ea7000 	C:\Windows\SYSTEM32\AVICAP32.dll
0x00007ffc85a60000 - 0x00007ffc85b21000 	C:\Windows\system32\OLEAUT32.dll
0x00007ffc7ddf0000 - 0x00007ffc7de0c000 	C:\Windows\SYSTEM32\MSACM32.dll
0x0000000076d60000 - 0x0000000076ef8000 	C:\Program Files\Java\jre1.8.0_45\bin\awt.dll
0x00007ffc83420000 - 0x00007ffc83549000 	C:\Windows\system32\uxtheme.dll
0x00007ffc82710000 - 0x00007ffc82731000 	C:\Windows\system32\dwmapi.dll
0x00007ffc83600000 - 0x00007ffc8360b000 	C:\Windows\SYSTEM32\kernel.appcore.dll
0x00007ffc84770000 - 0x00007ffc8477b000 	C:\Windows\SYSTEM32\CRYPTBASE.dll
0x00007ffc84600000 - 0x00007ffc84663000 	C:\Windows\SYSTEM32\bcryptPrimitives.dll
0x00007ffc75ab0000 - 0x00007ffc75cd1000 	C:\Windows\system32\d3d9.dll
0x00007ffc6eaa0000 - 0x00007ffc6ecff000 	C:\Windows\SYSTEM32\d3d10warp.dll
0x0000000077620000 - 0x0000000077667000 	C:\Program Files\Java\jre1.8.0_45\bin\fontmanager.dll
0x00007ffc85130000 - 0x00007ffc851e6000 	C:\Windows\SYSTEM32\clbcatq.dll
0x00007ffc82c20000 - 0x00007ffc82dce000 	C:\Windows\SYSTEM32\WindowsCodecs.dll
0x00007ffc84070000 - 0x00007ffc84090000 	C:\Windows\SYSTEM32\CRYPTSP.dll
0x00007ffc83c90000 - 0x00007ffc83cc6000 	C:\Windows\system32\rsaenh.dll
0x00007ffc842c0000 - 0x00007ffc842e6000 	C:\Windows\SYSTEM32\bcrypt.dll
0x0000000050a20000 - 0x0000000050a3a000 	C:\Program Files\Java\jre1.8.0_45\bin\net.dll
0x00007ffc84010000 - 0x00007ffc84069000 	C:\Windows\system32\mswsock.dll
0x0000000050a00000 - 0x0000000050a11000 	C:\Program Files\Java\jre1.8.0_45\bin\nio.dll
0x00000000775d0000 - 0x0000000077611000 	C:\Program Files\Java\jre1.8.0_45\bin\t2k.dll
0x00007ffc83e10000 - 0x00007ffc83eb4000 	C:\Windows\SYSTEM32\DNSAPI.dll
0x00007ffc75790000 - 0x00007ffc7579a000 	C:\Windows\System32\rasadhlp.dll
0x00007ffc7d740000 - 0x00007ffc7d7ab000 	C:\Windows\System32\fwpuclnt.dll
0x00007ffc72e50000 - 0x00007ffc72e65000 	C:\Windows\SYSTEM32\OpenCL.dll
0x00007ffc6b770000 - 0x00007ffc6b7c1000 	C:\Windows\SYSTEM32\IntelOpenCL64.dll
0x00007ffc66a50000 - 0x00007ffc66b4d000 	C:\Program Files (x86)\Common Files\Intel\OpenCL\bin\x64\intelocl64.dll
0x00007ffc66580000 - 0x00007ffc665f6000 	C:\Program Files (x86)\Common Files\Intel\OpenCL\bin\x64\task_executor64.dll
0x00007ffc67c30000 - 0x00007ffc67d5b000 	C:\Windows\SYSTEM32\OPENGL32.dll
0x00007ffc67c00000 - 0x00007ffc67c2e000 	C:\Windows\SYSTEM32\GLU32.dll
0x00007ffc70380000 - 0x00007ffc70478000 	C:\Windows\SYSTEM32\DDRAW.dll
0x00007ffc80ce0000 - 0x00007ffc80ce9000 	C:\Windows\SYSTEM32\DCIMAN32.dll
0x00007ffc83a60000 - 0x00007ffc83a92000 	C:\Windows\SYSTEM32\ntmarta.dll
0x00007ffc664f0000 - 0x00007ffc6657e000 	C:\Program Files (x86)\Common Files\Intel\OpenCL\bin\x64\cpu_device64.dll
0x00007ffc65a20000 - 0x00007ffc65a8b000 	C:\Program Files (x86)\Common Files\Intel\OpenCL\bin\x64\tbb\tbb.dll
0x00007ffc7fe30000 - 0x00007ffc7feb2000 	C:\Windows\SYSTEM32\winspool.drv
0x00007ffc4ad80000 - 0x00007ffc4b50e000 	C:\Windows\SYSTEM32\nvopencl.dll
0x00007ffc84d30000 - 0x00007ffc84f0a000 	C:\Windows\system32\SETUPAPI.dll
0x00007ffc7fa30000 - 0x00007ffc7fd30000 	C:\Windows\SYSTEM32\nvapi64.dll
0x00007ffc848d0000 - 0x00007ffc84921000 	C:\Windows\system32\WINTRUST.dll
0x00007ffc84b50000 - 0x00007ffc84d2f000 	C:\Windows\system32\CRYPT32.dll
0x00007ffc848b0000 - 0x00007ffc848c1000 	C:\Windows\system32\MSASN1.dll
0x00007ffc71f50000 - 0x00007ffc71f68000 	C:\Windows\System32\devenum.dll
0x00007ffc7e320000 - 0x00007ffc7e32d000 	C:\Windows\SYSTEM32\msdmo.dll
0x00007ffc71d40000 - 0x00007ffc71d6d000 	C:\Windows\System32\qcap.dll
0x00007ffc64d40000 - 0x00007ffc64f12000 	C:\Windows\System32\quartz.dll
0x00007ffc71cb0000 - 0x00007ffc71cfb000 	C:\Windows\System32\ksproxy.ax
0x00007ffc7f310000 - 0x00007ffc7f318000 	C:\Windows\System32\ksuser.dll
0x00007ffc729b0000 - 0x00007ffc729be000 	C:\Windows\System32\vidcap.ax
0x00007ffc70f70000 - 0x00007ffc70f96000 	C:\Windows\System32\kswdmcap.ax
0x00007ffc656e0000 - 0x00007ffc6584f000 	C:\Windows\System32\MFC42.dll
0x00007ffc66230000 - 0x00007ffc662f2000 	C:\Windows\System32\ODBC32.dll
0x00007ffc64b70000 - 0x00007ffc64c18000 	C:\Windows\System32\qedit.dll
0x00007ffc85de0000 - 0x00007ffc85e96000 	C:\Windows\system32\COMDLG32.dll
0x00007ffc7ff00000 - 0x00007ffc800b0000 	C:\Windows\WinSxS\amd64_microsoft.windows.gdiplus_6595b64144ccf1df_1.1.9600.17415_none_932b3b5547500489\gdiplus.dll
0x00007ffc71140000 - 0x00007ffc7114c000 	C:\Windows\SYSTEM32\msyuv.dll
0x00007ffc64a80000 - 0x00007ffc64b6f000 	C:\Users\kaya\AppData\Local\Temp\javacpp712001425905927\msvcr120.dll
0x00007ffc649d0000 - 0x00007ffc64a76000 	C:\Users\kaya\AppData\Local\Temp\javacpp712001425905927\msvcp120.dll
0x00007ffc61560000 - 0x00007ffc617e1000 	C:\Users\kaya\AppData\Local\Temp\javacpp712001425905927\opencv_core300.dll
0x00007ffc605d0000 - 0x00007ffc6094f000 	C:\Users\kaya\AppData\Local\Temp\javacpp712001425905927\opencv_imgproc300.dll
0x00007ffc613a0000 - 0x00007ffc61558000 	C:\Users\kaya\AppData\Local\Temp\javacpp712001425905927\jniopencv_core.dll
0x00007ffc647c0000 - 0x00007ffc64865000 	C:\Users\kaya\AppData\Local\Temp\javacpp712001425905927\jniopencv_imgproc.dll
0x00007ffc60310000 - 0x00007ffc605c7000 	C:\Users\kaya\AppData\Local\Temp\javacpp712001425905927\opencv_imgcodecs300.dll
0x00007ffc6d720000 - 0x00007ffc6d73b000 	C:\Users\kaya\AppData\Local\Temp\javacpp712001425905927\jniopencv_imgcodecs.dll
0x00007ffc7e960000 - 0x00007ffc7eae9000 	C:\Windows\SYSTEM32\dbghelp.dll

VM Arguments:
jvm_args: -Djava.library.path=C:\Users\kaya\Documents\GitHub\yuz-tanima\target\natives -Dfile.encoding=UTF-8 
java_command: com.zk.App
java_class_path (initial): C:\Users\kaya\Documents\GitHub\yuz-tanima\target;C:\Users\kaya\Documents\GitHub\yuz-tanima\target\classes;C:\Users\kaya\.m2\repository\junit\junit\3.8.1\junit-3.8.1.jar;C:\Users\kaya\.m2\repository\mysql\mysql-connector-java\5.1.6\mysql-connector-java-5.1.6.jar;C:\Users\kaya\.m2\repository\com\zk\opencv\opencvjar\3.0.0\opencvjar-3.0.0.jar;C:\Users\kaya\.m2\repository\com\zk\opencv\opencvjar-runtime\3.0.0\opencvjar-runtime-3.0.0-natives-windows.jar;C:\Users\kaya\.m2\repository\org\bytedeco\javacv\1.1\javacv-1.1.jar;C:\Users\kaya\.m2\repository\org\bytedeco\javacpp\1.1\javacpp-1.1.jar;C:\Users\kaya\.m2\repository\org\bytedeco\javacpp-presets\opencv\3.0.0-1.1\opencv-3.0.0-1.1.jar;C:\Users\kaya\.m2\repository\org\bytedeco\javacpp-presets\opencv\3.0.0-1.1\opencv-3.0.0-1.1-windows-x86_64.jar;C:\Users\kaya\.m2\repository\org\bytedeco\javacpp-presets\ffmpeg\2.8.1-1.1\ffmpeg-2.8.1-1.1.jar;C:\Users\kaya\.m2\repository\org\bytedeco\javacpp-presets\ffmpeg\2.8.1-1.1\ffmpeg-2.8.1-1.1-windows-x86_64.jar;C:\Users\kaya\.m2\repository\org\bytedeco\javacpp-presets\flycapture\2.8.3.1-1.1\flycapture-2.8.3.1-1.1.jar;C:\Users\kaya\.m2\repository\org\bytedeco\javacpp-presets\flycapture\2.8.3.1-1.1\flycapture-2.8.3.1-1.1-windows-x86_64.jar;C:\Users\kaya\.m2\repository\org\bytedeco\javacpp-presets\libdc1394\2.2.3-1.1\libdc1394-2.2.3-1.1.jar;C:\Users\kaya\.m2\repository\org\bytedeco\javacpp-presets\libdc1394\2.2.3-1.1\libdc1394-2.2.3-1.1-windows-x86_64.jar;C:\Users\kaya\.m2\repository\org\bytedeco\javacpp-presets\libfreenect\0.5.3-1.1\libfreenect-0.5.3-1.1.jar;C:\Users\kaya\.m2\repository\org\bytedeco\javacpp-presets\libfreenect\0.5.3-1.1\libfreenect-0.5.3-1.1-windows-x86_64.jar;C:\Users\kaya\.m2\repository\org\bytedeco\javacpp-presets\videoinput\0.200-1.1\videoinput-0.200-1.1.jar;C:\Users\kaya\.m2\repository\org\bytedeco\javacpp-presets\videoinput\0.200-1.1\videoinput-0.200-1.1-windows-x86_64.jar;C:\Users\kaya\.m2\repository\org\bytedeco\javacpp-presets\artoolkit
Launcher Type: SUN_STANDARD

Environment Variables:
JAVA_HOME=C:\Program Files\Java\jdk1.8.0_45
PATH=C:/Program Files/Java/jre1.8.0_45/bin/server;C:/Program Files/Java/jre1.8.0_45/bin;C:/Program Files/Java/jre1.8.0_45/lib/amd64;C:\ProgramData\Oracle\Java\javapath;C:\Program Files (x86)\NVIDIA Corporation\PhysX\Common;C:\Program Files (x86)\Intel\iCLS Client\;C:\Program Files\Intel\iCLS Client\;C:\Windows\system32;C:\Windows;C:\Windows\System32\Wbem;C:\Windows\System32\WindowsPowerShell\v1.0\;C:\Program Files\Intel\Intel(R) Management Engine Components\DAL;C:\Program Files\Intel\Intel(R) Management Engine Components\IPT;C:\Program Files (x86)\Intel\Intel(R) Management Engine Components\DAL;C:\Program Files (x86)\Intel\Intel(R) Management Engine Components\IPT;C:\Program Files\Intel\WiFi\bin\;C:\Program Files\Common Files\Intel\WirelessCommon\;C:\Program Files (x86)\MySQL\MySQL Fabric 1.5.4 & MySQL Utilities 1.5.4 1.5\;C:\Program Files (x86)\MySQL\MySQL Fabric 1.5.4 & MySQL Utilities 1.5.4 1.5\Doctrine extensions for PHP\;C:\Program Files\MATLAB\R2012b\runtime\win64;C:\Program Files\MATLAB\R2012b\bin;C:\apache-maven-3.3.3\bin;;C:\eclipse;
USERNAME=kaya
OS=Windows_NT
PROCESSOR_IDENTIFIER=Intel64 Family 6 Model 69 Stepping 1, GenuineIntel



---------------  S Y S T E M  ---------------

OS: Windows 8.1 , 64 bit Build 9600 (6.3.9600.17415)

CPU:total 4 (2 cores per cpu, 2 threads per core) family 6 model 69 stepping 1, cmov, cx8, fxsr, mmx, sse, sse2, sse3, ssse3, sse4.1, sse4.2, popcnt, avx, avx2, aes, clmul, erms, lzcnt, ht, tsc, tscinvbit, bmi1, bmi2

Memory: 4k page, physical 8302188k(4128700k free), swap 9612908k(3722820k free)

vm_info: Java HotSpot(TM) 64-Bit Server VM (25.45-b02) for windows-amd64 JRE (1.8.0_45-b14), built on Apr 10 2015 10:34:15 by "java_re" with MS VC++ 10.0 (VS2010)

time: Sun Nov 29 20:25:57 2015
elapsed time: 14 seconds (0d 0h 0m 14s)

