#
# A fatal error has been detected by the Java Runtime Environment:
#
#  EXCEPTION_ACCESS_VIOLATION (0xc0000005) at pc=0x00007ffb6c792099, pid=8680, tid=9344
#
# JRE version: Java(TM) SE Runtime Environment (8.0_66-b18) (build 1.8.0_66-b18)
# Java VM: Java HotSpot(TM) 64-Bit Server VM (25.66-b18 mixed mode windows-amd64 compressed oops)
# Problematic frame:
# C  [jniopencv_core.dll+0x2099]
#
# Failed to write core dump. Minidumps are not enabled by default on client versions of Windows
#
# If you would like to submit a bug report, please visit:
#   http://bugreport.java.com/bugreport/crash.jsp
# The crash happened outside the Java Virtual Machine in native code.
# See problematic frame for where to report the bug.
#

---------------  T H R E A D  ---------------

Current thread (0x000000001a454800):  JavaThread "AWT-EventQueue-0" [_thread_in_native, id=9344, stack(0x000000001c880000,0x000000001c980000)]

siginfo: ExceptionCode=0xc0000005, reading address 0x0000000000000038

Registers:
RAX=0x0000000000000000, RBX=0x0000000000000000, RCX=0x0000000000000000, RDX=0x000000001f55a900
RSP=0x000000001c9795a0, RBP=0x000000001f55a900, RSI=0x000000001c9796f8, RDI=0x000000001f55a900
R8 =0x0000000000000032, R9 =0x00000000d6ee5cf0, R10=0x0000000000000046, R11=0x0000000059501258
R12=0x0000000000000000, R13=0x000000002405b438, R14=0x000000001c81cd80, R15=0x0000000000000000
RIP=0x00007ffb6c792099, EFLAGS=0x0000000000010206

Top of Stack: (sp=0x000000001c9795a0)
0x000000001c9795a0:   000000002405b440 000000001c9796f8
0x000000001c9795b0:   000000001a3b5b60 0000000058dba2b6
0x000000001c9795c0:   0000000000000000 00007ffb6c791db4
0x000000001c9795d0:   00000000000003d8 00000000192e1ba0
0x000000001c9795e0:   000000002405b440 000000001a454800
0x000000001c9795f0:   000000001c9796e0 00007ffb6c814658
0x000000001c979600:   000000001a4549f8 0000000002285cc6
0x000000001c979610:   000000001a3b5b00 000000001a454800
0x000000001c979620:   000000001a454800 000000001c9796f8
0x000000001c979630:   0000000000000002 0000000002285e34
0x000000001c979640:   000000001c9796c0 000000002405b440
0x000000001c979650:   0000000000000458 000000002405b440
0x000000001c979660:   0000000000000458 000000001a454800
0x000000001c979670:   000000001c9797c0 0000000002285b62
0x000000001c979680:   000000001c979680 000000002405b438
0x000000001c979690:   000000001c9796f8 00000000240df5b8 

Instructions: (pc=0x00007ffb6c792099)
0x00007ffb6c792079:   30 ff 15 c8 63 0f 00 48 8b c3 48 83 c4 50 5b c3
0x00007ffb6c792089:   cc cc cc cc cc cc cc 40 53 48 83 ec 20 48 8b d9
0x00007ffb6c792099:   48 8b 49 38 48 85 c9 74 16 83 c8 ff f0 0f c1 41
0x00007ffb6c7920a9:   14 83 f8 01 75 09 48 8b cb ff 15 08 63 0f 00 45 


Register to memory mapping:

RAX=0x0000000000000000 is an unknown value
RBX=0x0000000000000000 is an unknown value
RCX=0x0000000000000000 is an unknown value
RDX=0x000000001f55a900 is an unknown value
RSP=0x000000001c9795a0 is pointing into the stack for thread: 0x000000001a454800
RBP=0x000000001f55a900 is an unknown value
RSI=0x000000001c9796f8 is pointing into the stack for thread: 0x000000001a454800
RDI=0x000000001f55a900 is an unknown value
R8 =0x0000000000000032 is an unknown value
R9 =0x00000000d6ee5cf0 is an oop
org.bytedeco.javacpp.opencv_core$Mat 
 - klass: 'org/bytedeco/javacpp/opencv_core$Mat'
R10=0x0000000000000046 is an unknown value
R11=0x0000000059501258 is an unknown value
R12=0x0000000000000000 is an unknown value
R13=0x000000002405b438 is pointing into metadata
R14=0x000000001c81cd80 is an unknown value
R15=0x0000000000000000 is an unknown value


Stack: [0x000000001c880000,0x000000001c980000],  sp=0x000000001c9795a0,  free space=997k
Native frames: (J=compiled Java code, j=interpreted, Vv=VM code, C=native code)
C  [jniopencv_core.dll+0x2099]
C  [jniopencv_core.dll+0x1db4]
C  [jniopencv_core.dll+0x84658]
C  0x0000000002285e34

Java frames: (J=compiled Java code, j=interpreted, Vv=VM code)
j  org.bytedeco.javacpp.opencv_core$MatVector.put(JLorg/bytedeco/javacpp/opencv_core$Mat;)Lorg/bytedeco/javacpp/opencv_core$MatVector;+0
j  com.zk.yuz_tanima.YuzTaniyici.tani()V+260
j  com.zk.App$4.actionPerformed(Ljava/awt/event/ActionEvent;)V+0
j  javax.swing.AbstractButton.fireActionPerformed(Ljava/awt/event/ActionEvent;)V+83
j  javax.swing.AbstractButton$Handler.actionPerformed(Ljava/awt/event/ActionEvent;)V+5
j  javax.swing.DefaultButtonModel.fireActionPerformed(Ljava/awt/event/ActionEvent;)V+34
j  javax.swing.DefaultButtonModel.setPressed(Z)V+117
j  javax.swing.plaf.basic.BasicButtonListener.mouseReleased(Ljava/awt/event/MouseEvent;)V+35
j  java.awt.Component.processMouseEvent(Ljava/awt/event/MouseEvent;)V+64
j  javax.swing.JComponent.processMouseEvent(Ljava/awt/event/MouseEvent;)V+23
j  java.awt.Component.processEvent(Ljava/awt/AWTEvent;)V+81
J 1112 C1 java.awt.Container.processEvent(Ljava/awt/AWTEvent;)V (22 bytes) @ 0x000000000264ab4c [0x000000000264a820+0x32c]
J 1052 C1 java.awt.Component.dispatchEventImpl(Ljava/awt/AWTEvent;)V (883 bytes) @ 0x000000000261612c [0x0000000002610c40+0x54ec]
J 953 C1 java.awt.Container.dispatchEventImpl(Ljava/awt/AWTEvent;)V (129 bytes) @ 0x00000000025b41c4 [0x00000000025b4080+0x144]
J 1117 C1 java.awt.LightweightDispatcher.retargetMouseEvent(Ljava/awt/Component;ILjava/awt/event/MouseEvent;)V (350 bytes) @ 0x000000000264fb5c [0x000000000264d600+0x255c]
J 1241 C1 java.awt.LightweightDispatcher.processMouseEvent(Ljava/awt/event/MouseEvent;)Z (286 bytes) @ 0x00000000026bf04c [0x00000000026bd940+0x170c]
J 1089 C1 java.awt.LightweightDispatcher.dispatchEvent(Ljava/awt/AWTEvent;)Z (73 bytes) @ 0x0000000002639c7c [0x0000000002639840+0x43c]
J 953 C1 java.awt.Container.dispatchEventImpl(Ljava/awt/AWTEvent;)V (129 bytes) @ 0x00000000025b4164 [0x00000000025b4080+0xe4]
J 1053 C1 java.awt.Window.dispatchEventImpl(Ljava/awt/AWTEvent;)V (23 bytes) @ 0x000000000261d624 [0x000000000261d040+0x5e4]
J 999 C1 java.awt.EventQueue.dispatchEventImpl(Ljava/awt/AWTEvent;Ljava/lang/Object;)V (149 bytes) @ 0x00000000025cfafc [0x00000000025ce2c0+0x183c]
J 997 C1 java.awt.EventQueue$3.run()Ljava/lang/Void; (60 bytes) @ 0x00000000025cb14c [0x00000000025caf40+0x20c]
J 996 C1 java.awt.EventQueue$3.run()Ljava/lang/Object; (5 bytes) @ 0x00000000025ccc8c [0x00000000025ccc00+0x8c]
v  ~StubRoutines::call_stub
J 618  java.security.AccessController.doPrivileged(Ljava/security/PrivilegedAction;Ljava/security/AccessControlContext;)Ljava/lang/Object; (0 bytes) @ 0x00000000024beb66 [0x00000000024beb00+0x66]
J 1044 C1 java.awt.EventQueue$4.run()Ljava/lang/Object; (5 bytes) @ 0x000000000260c1ac [0x000000000260bd80+0x42c]
v  ~StubRoutines::call_stub
J 618  java.security.AccessController.doPrivileged(Ljava/security/PrivilegedAction;Ljava/security/AccessControlContext;)Ljava/lang/Object; (0 bytes) @ 0x00000000024beb66 [0x00000000024beb00+0x66]
J 647 C1 java.awt.EventQueue.dispatchEvent(Ljava/awt/AWTEvent;)V (80 bytes) @ 0x00000000024ccebc [0x00000000024cc040+0xe7c]
J 650 C1 java.awt.EventDispatchThread.pumpOneEventForFilters(I)V (295 bytes) @ 0x00000000024d0064 [0x00000000024ce500+0x1b64]
j  java.awt.EventDispatchThread.pumpEventsForFilter(ILjava/awt/Conditional;Ljava/awt/EventFilter;)V+35
j  java.awt.EventDispatchThread.pumpEventsForFilter(Ljava/awt/Conditional;Ljava/awt/EventFilter;)V+4
j  java.awt.WaitDispatchSupport$2.run()V+59
j  java.awt.WaitDispatchSupport$4.run()Ljava/lang/Void;+4
j  java.awt.WaitDispatchSupport$4.run()Ljava/lang/Object;+1
v  ~StubRoutines::call_stub
J 434  java.security.AccessController.doPrivileged(Ljava/security/PrivilegedAction;)Ljava/lang/Object; (0 bytes) @ 0x0000000002475d52 [0x0000000002475d00+0x52]
j  java.awt.WaitDispatchSupport.enter()Z+279
j  java.awt.Dialog.show()V+233
j  java.awt.Component.show(Z)V+5
j  java.awt.Component.setVisible(Z)V+2
j  java.awt.Window.setVisible(Z)V+2
j  java.awt.Dialog.setVisible(Z)V+2
j  com.zk.yuz_tanima.YuzTaniAcAction.actionPerformed(Ljava/awt/event/ActionEvent;)V+20
j  javax.swing.AbstractButton.fireActionPerformed(Ljava/awt/event/ActionEvent;)V+83
j  javax.swing.AbstractButton$Handler.actionPerformed(Ljava/awt/event/ActionEvent;)V+5
j  javax.swing.DefaultButtonModel.fireActionPerformed(Ljava/awt/event/ActionEvent;)V+34
j  javax.swing.DefaultButtonModel.setPressed(Z)V+117
j  javax.swing.AbstractButton.doClick(I)V+64
j  javax.swing.plaf.basic.BasicMenuItemUI.doClick(Ljavax/swing/MenuSelectionManager;)V+53
j  javax.swing.plaf.basic.BasicMenuItemUI$Handler.mouseReleased(Ljava/awt/event/MouseEvent;)V+76
j  java.awt.AWTEventMulticaster.mouseReleased(Ljava/awt/event/MouseEvent;)V+8
j  java.awt.Component.processMouseEvent(Ljava/awt/event/MouseEvent;)V+64
j  javax.swing.JComponent.processMouseEvent(Ljava/awt/event/MouseEvent;)V+23
j  java.awt.Component.processEvent(Ljava/awt/AWTEvent;)V+81
J 1112 C1 java.awt.Container.processEvent(Ljava/awt/AWTEvent;)V (22 bytes) @ 0x000000000264ab4c [0x000000000264a820+0x32c]
J 1052 C1 java.awt.Component.dispatchEventImpl(Ljava/awt/AWTEvent;)V (883 bytes) @ 0x000000000261612c [0x0000000002610c40+0x54ec]
J 953 C1 java.awt.Container.dispatchEventImpl(Ljava/awt/AWTEvent;)V (129 bytes) @ 0x00000000025b41c4 [0x00000000025b4080+0x144]
J 1117 C1 java.awt.LightweightDispatcher.retargetMouseEvent(Ljava/awt/Component;ILjava/awt/event/MouseEvent;)V (350 bytes) @ 0x000000000264fb5c [0x000000000264d600+0x255c]
j  java.awt.LightweightDispatcher.processMouseEvent(Ljava/awt/event/MouseEvent;)Z+155
J 1089 C1 java.awt.LightweightDispatcher.dispatchEvent(Ljava/awt/AWTEvent;)Z (73 bytes) @ 0x0000000002639c7c [0x0000000002639840+0x43c]
J 953 C1 java.awt.Container.dispatchEventImpl(Ljava/awt/AWTEvent;)V (129 bytes) @ 0x00000000025b4164 [0x00000000025b4080+0xe4]
J 1053 C1 java.awt.Window.dispatchEventImpl(Ljava/awt/AWTEvent;)V (23 bytes) @ 0x000000000261d624 [0x000000000261d040+0x5e4]
J 999 C1 java.awt.EventQueue.dispatchEventImpl(Ljava/awt/AWTEvent;Ljava/lang/Object;)V (149 bytes) @ 0x00000000025cfafc [0x00000000025ce2c0+0x183c]
J 997 C1 java.awt.EventQueue$3.run()Ljava/lang/Void; (60 bytes) @ 0x00000000025cb14c [0x00000000025caf40+0x20c]
J 996 C1 java.awt.EventQueue$3.run()Ljava/lang/Object; (5 bytes) @ 0x00000000025ccc8c [0x00000000025ccc00+0x8c]
v  ~StubRoutines::call_stub
J 618  java.security.AccessController.doPrivileged(Ljava/security/PrivilegedAction;Ljava/security/AccessControlContext;)Ljava/lang/Object; (0 bytes) @ 0x00000000024beb66 [0x00000000024beb00+0x66]
J 1044 C1 java.awt.EventQueue$4.run()Ljava/lang/Object; (5 bytes) @ 0x000000000260c1ac [0x000000000260bd80+0x42c]
v  ~StubRoutines::call_stub
J 618  java.security.AccessController.doPrivileged(Ljava/security/PrivilegedAction;Ljava/security/AccessControlContext;)Ljava/lang/Object; (0 bytes) @ 0x00000000024beb66 [0x00000000024beb00+0x66]
J 647 C1 java.awt.EventQueue.dispatchEvent(Ljava/awt/AWTEvent;)V (80 bytes) @ 0x00000000024ccebc [0x00000000024cc040+0xe7c]
J 650 C1 java.awt.EventDispatchThread.pumpOneEventForFilters(I)V (295 bytes) @ 0x00000000024d0064 [0x00000000024ce500+0x1b64]
j  java.awt.EventDispatchThread.pumpEventsForFilter(ILjava/awt/Conditional;Ljava/awt/EventFilter;)V+35
j  java.awt.EventDispatchThread.pumpEventsForHierarchy(ILjava/awt/Conditional;Ljava/awt/Component;)V+11
j  java.awt.EventDispatchThread.pumpEvents(ILjava/awt/Conditional;)V+4
j  java.awt.EventDispatchThread.pumpEvents(Ljava/awt/Conditional;)V+3
j  java.awt.EventDispatchThread.run()V+9
v  ~StubRoutines::call_stub

---------------  P R O C E S S  ---------------

Java Threads: ( => current thread )
  0x000000001a77e000 JavaThread "MySQL Statement Cancellation Timer" daemon [_thread_blocked, id=4212, stack(0x000000001def0000,0x000000001dff0000)]
  0x000000001a4d3800 JavaThread "TimerQueue" daemon [_thread_blocked, id=9404, stack(0x000000001dbb0000,0x000000001dcb0000)]
  0x000000001a4dc800 JavaThread "D3D Screen Updater" daemon [_thread_blocked, id=9964, stack(0x000000001d550000,0x000000001d650000)]
=>0x000000001a454800 JavaThread "AWT-EventQueue-0" [_thread_in_native, id=9344, stack(0x000000001c880000,0x000000001c980000)]
  0x000000001a40b800 JavaThread "AWT-Windows" daemon [_thread_in_native, id=11692, stack(0x000000001ac00000,0x000000001ad00000)]
  0x000000001a408800 JavaThread "AWT-Shutdown" [_thread_blocked, id=2600, stack(0x000000001ab00000,0x000000001ac00000)]
  0x000000001a375000 JavaThread "Java2D Disposer" daemon [_thread_blocked, id=11456, stack(0x000000001aa00000,0x000000001ab00000)]
  0x000000001932b000 JavaThread "Service Thread" daemon [_thread_blocked, id=4896, stack(0x0000000019c60000,0x0000000019d60000)]
  0x000000001929c000 JavaThread "C1 CompilerThread3" daemon [_thread_blocked, id=3744, stack(0x0000000019b60000,0x0000000019c60000)]
  0x0000000019298800 JavaThread "C2 CompilerThread2" daemon [_thread_blocked, id=2660, stack(0x0000000019a60000,0x0000000019b60000)]
  0x0000000019291000 JavaThread "C2 CompilerThread1" daemon [_thread_blocked, id=9904, stack(0x0000000019960000,0x0000000019a60000)]
  0x0000000019288800 JavaThread "C2 CompilerThread0" daemon [_thread_blocked, id=4952, stack(0x0000000019860000,0x0000000019960000)]
  0x0000000019287000 JavaThread "Attach Listener" daemon [_thread_blocked, id=5568, stack(0x0000000019760000,0x0000000019860000)]
  0x0000000019286000 JavaThread "Signal Dispatcher" daemon [_thread_blocked, id=12264, stack(0x0000000019660000,0x0000000019760000)]
  0x0000000002269800 JavaThread "Finalizer" daemon [_thread_blocked, id=11748, stack(0x0000000019160000,0x0000000019260000)]
  0x0000000002263000 JavaThread "Reference Handler" daemon [_thread_blocked, id=11164, stack(0x0000000019060000,0x0000000019160000)]
  0x000000000084e000 JavaThread "main" [_thread_in_native, id=5224, stack(0x0000000001f80000,0x0000000002080000)]

Other Threads:
  0x0000000017259000 VMThread [stack: 0x0000000018f60000,0x0000000019060000] [id=9280]
  0x000000001933c800 WatcherThread [stack: 0x0000000019d60000,0x0000000019e60000] [id=7716]

VM state:not at safepoint (normal execution)

VM Mutex/Monitor currently owned by a thread: None

Heap:
 PSYoungGen      total 41472K, used 30410K [0x00000000d5a00000, 0x00000000d8d80000, 0x0000000100000000)
  eden space 32256K, 83% used [0x00000000d5a00000,0x00000000d7449b58,0x00000000d7980000)
  from space 9216K, 37% used [0x00000000d8480000,0x00000000d87e9040,0x00000000d8d80000)
  to   space 10240K, 0% used [0x00000000d7980000,0x00000000d7980000,0x00000000d8380000)
 ParOldGen       total 87552K, used 5179K [0x0000000080e00000, 0x0000000086380000, 0x00000000d5a00000)
  object space 87552K, 5% used [0x0000000080e00000,0x000000008130ef38,0x0000000086380000)
 Metaspace       used 17518K, capacity 17744K, committed 17920K, reserved 1064960K
  class space    used 2120K, capacity 2206K, committed 2304K, reserved 1048576K

Card table byte_map: [0x0000000011630000,0x0000000011a30000] byte_map_base: 0x0000000011229000

Marking Bits: (ParMarkBitMap*) 0x000000005950a5b0
 Begin Bits: [0x00000000124e0000, 0x00000000144a8000)
 End Bits:   [0x00000000144a8000, 0x0000000016470000)

Polling page: 0x0000000000670000

CodeCache: size=245760Kb used=5464Kb max_used=5464Kb free=240295Kb
 bounds [0x0000000002270000, 0x00000000027d0000, 0x0000000011270000]
 total_blobs=2348 nmethods=1559 adapters=701
 compilation: enabled

Compilation events (10 events):
Event: 10.417 Thread 0x000000001929c000 1542       3       com.mysql.jdbc.ResultSetImpl::setRowPositionValidity (110 bytes)
Event: 10.418 Thread 0x000000001929c000 nmethod 1542 0x00000000027c6790 code [0x00000000027c69a0, 0x00000000027c72f8]
Event: 10.418 Thread 0x000000001929c000 1543       3       com.mysql.jdbc.RowDataStatic::isBeforeFirst (26 bytes)
Event: 10.418 Thread 0x000000001929c000 nmethod 1543 0x00000000027c7650 code [0x00000000027c77c0, 0x00000000027c7a68]
Event: 10.418 Thread 0x000000001929c000 1544       3       com.mysql.jdbc.RowDataStatic::isAfterLast (22 bytes)
Event: 10.418 Thread 0x000000001929c000 nmethod 1544 0x00000000027c7b10 code [0x00000000027c7c80, 0x00000000027c7f08]
Event: 10.418 Thread 0x000000001929c000 1558       1       com.mysql.jdbc.ConnectionPropertiesImpl::getMaintainTimeStats (5 bytes)
Event: 10.418 Thread 0x000000001929c000 nmethod 1558 0x00000000027c7fd0 code [0x00000000027c8120, 0x00000000027c8230]
Event: 10.418 Thread 0x000000001929c000 1557       1       com.mysql.jdbc.Buffer::getBufLength (5 bytes)
Event: 10.418 Thread 0x000000001929c000 nmethod 1557 0x00000000027c8290 code [0x00000000027c83e0, 0x00000000027c84f0]

GC Heap History (10 events):
Event: 7.890 GC heap before
{Heap before GC invocations=2 (full 0):
 PSYoungGen      total 38400K, used 37986K [0x00000000d5a00000, 0x00000000d8480000, 0x0000000100000000)
  eden space 33280K, 98% used [0x00000000d5a00000,0x00000000d7a1caa8,0x00000000d7a80000)
  from space 5120K, 99% used [0x00000000d7a80000,0x00000000d7f7c050,0x00000000d7f80000)
  to   space 5120K, 0% used [0x00000000d7f80000,0x00000000d7f80000,0x00000000d8480000)
 ParOldGen       total 87552K, used 5011K [0x0000000080e00000, 0x0000000086380000, 0x00000000d5a00000)
  object space 87552K, 5% used [0x0000000080e00000,0x00000000812e4f38,0x0000000086380000)
 Metaspace       used 15181K, capacity 15432K, committed 15616K, reserved 1062912K
  class space    used 1864K, capacity 1950K, committed 2048K, reserved 1048576K
Event: 7.893 GC heap after
Heap after GC invocations=2 (full 0):
 PSYoungGen      total 38400K, used 5104K [0x00000000d5a00000, 0x00000000d8480000, 0x0000000100000000)
  eden space 33280K, 0% used [0x00000000d5a00000,0x00000000d5a00000,0x00000000d7a80000)
  from space 5120K, 99% used [0x00000000d7f80000,0x00000000d847c070,0x00000000d8480000)
  to   space 5120K, 0% used [0x00000000d7a80000,0x00000000d7a80000,0x00000000d7f80000)
 ParOldGen       total 87552K, used 5147K [0x0000000080e00000, 0x0000000086380000, 0x00000000d5a00000)
  object space 87552K, 5% used [0x0000000080e00000,0x0000000081306f38,0x0000000086380000)
 Metaspace       used 15181K, capacity 15432K, committed 15616K, reserved 1062912K
  class space    used 1864K, capacity 1950K, committed 2048K, reserved 1048576K
}
Event: 8.450 GC heap before
{Heap before GC invocations=3 (full 0):
 PSYoungGen      total 38400K, used 37644K [0x00000000d5a00000, 0x00000000d8480000, 0x0000000100000000)
  eden space 33280K, 97% used [0x00000000d5a00000,0x00000000d79c70f8,0x00000000d7a80000)
  from space 5120K, 99% used [0x00000000d7f80000,0x00000000d847c070,0x00000000d8480000)
  to   space 5120K, 0% used [0x00000000d7a80000,0x00000000d7a80000,0x00000000d7f80000)
 ParOldGen       total 87552K, used 5147K [0x0000000080e00000, 0x0000000086380000, 0x00000000d5a00000)
  object space 87552K, 5% used [0x0000000080e00000,0x0000000081306f38,0x0000000086380000)
 Metaspace       used 15209K, capacity 15432K, committed 15616K, reserved 1062912K
  class space    used 1864K, capacity 1950K, committed 2048K, reserved 1048576K
Event: 8.452 GC heap after
Heap after GC invocations=3 (full 0):
 PSYoungGen      total 38400K, used 3352K [0x00000000d5a00000, 0x00000000d8480000, 0x0000000100000000)
  eden space 33280K, 0% used [0x00000000d5a00000,0x00000000d5a00000,0x00000000d7a80000)
  from space 5120K, 65% used [0x00000000d7a80000,0x00000000d7dc6040,0x00000000d7f80000)
  to   space 5120K, 0% used [0x00000000d7f80000,0x00000000d7f80000,0x00000000d8480000)
 ParOldGen       total 87552K, used 5155K [0x0000000080e00000, 0x0000000086380000, 0x00000000d5a00000)
  object space 87552K, 5% used [0x0000000080e00000,0x0000000081308f38,0x0000000086380000)
 Metaspace       used 15209K, capacity 15432K, committed 15616K, reserved 1062912K
  class space    used 1864K, capacity 1950K, committed 2048K, reserved 1048576K
}
Event: 9.025 GC heap before
{Heap before GC invocations=4 (full 0):
 PSYoungGen      total 38400K, used 36087K [0x00000000d5a00000, 0x00000000d8480000, 0x0000000100000000)
  eden space 33280K, 98% used [0x00000000d5a00000,0x00000000d79f7d60,0x00000000d7a80000)
  from space 5120K, 65% used [0x00000000d7a80000,0x00000000d7dc6040,0x00000000d7f80000)
  to   space 5120K, 0% used [0x00000000d7f80000,0x00000000d7f80000,0x00000000d8480000)
 ParOldGen       total 87552K, used 5155K [0x0000000080e00000, 0x0000000086380000, 0x00000000d5a00000)
  object space 87552K, 5% used [0x0000000080e00000,0x0000000081308f38,0x0000000086380000)
 Metaspace       used 15910K, capacity 16144K, committed 16384K, reserved 1062912K
  class space    used 1919K, capacity 2014K, committed 2048K, reserved 1048576K
Event: 9.027 GC heap after
Heap after GC invocations=4 (full 0):
 PSYoungGen      total 38400K, used 2693K [0x00000000d5a00000, 0x00000000d8480000, 0x0000000100000000)
  eden space 33280K, 0% used [0x00000000d5a00000,0x00000000d5a00000,0x00000000d7a80000)
  from space 5120K, 52% used [0x00000000d7f80000,0x00000000d8221650,0x00000000d8480000)
  to   space 5120K, 0% used [0x00000000d7a80000,0x00000000d7a80000,0x00000000d7f80000)
 ParOldGen       total 87552K, used 5163K [0x0000000080e00000, 0x0000000086380000, 0x00000000d5a00000)
  object space 87552K, 5% used [0x0000000080e00000,0x000000008130af38,0x0000000086380000)
 Metaspace       used 15910K, capacity 16144K, committed 16384K, reserved 1062912K
  class space    used 1919K, capacity 2014K, committed 2048K, reserved 1048576K
}
Event: 9.588 GC heap before
{Heap before GC invocations=5 (full 0):
 PSYoungGen      total 38400K, used 35261K [0x00000000d5a00000, 0x00000000d8480000, 0x0000000100000000)
  eden space 33280K, 97% used [0x00000000d5a00000,0x00000000d79ce038,0x00000000d7a80000)
  from space 5120K, 52% used [0x00000000d7f80000,0x00000000d8221650,0x00000000d8480000)
  to   space 5120K, 0% used [0x00000000d7a80000,0x00000000d7a80000,0x00000000d7f80000)
 ParOldGen       total 87552K, used 5163K [0x0000000080e00000, 0x0000000086380000, 0x00000000d5a00000)
  object space 87552K, 5% used [0x0000000080e00000,0x000000008130af38,0x0000000086380000)
 Metaspace       used 15912K, capacity 16144K, committed 16384K, reserved 1062912K
  class space    used 1919K, capacity 2014K, committed 2048K, reserved 1048576K
Event: 9.590 GC heap after
Heap after GC invocations=5 (full 0):
 PSYoungGen      total 37888K, used 3464K [0x00000000d5a00000, 0x00000000d8f00000, 0x0000000100000000)
  eden space 32768K, 0% used [0x00000000d5a00000,0x00000000d5a00000,0x00000000d7a00000)
  from space 5120K, 67% used [0x00000000d7a80000,0x00000000d7de2050,0x00000000d7f80000)
  to   space 10752K, 0% used [0x00000000d8480000,0x00000000d8480000,0x00000000d8f00000)
 ParOldGen       total 87552K, used 5171K [0x0000000080e00000, 0x0000000086380000, 0x00000000d5a00000)
  object space 87552K, 5% used [0x0000000080e00000,0x000000008130cf38,0x0000000086380000)
 Metaspace       used 15912K, capacity 16144K, committed 16384K, reserved 1062912K
  class space    used 1919K, capacity 2014K, committed 2048K, reserved 1048576K
}
Event: 10.073 GC heap before
{Heap before GC invocations=6 (full 0):
 PSYoungGen      total 37888K, used 35945K [0x00000000d5a00000, 0x00000000d8f00000, 0x0000000100000000)
  eden space 32768K, 99% used [0x00000000d5a00000,0x00000000d79b8790,0x00000000d7a00000)
  from space 5120K, 67% used [0x00000000d7a80000,0x00000000d7de2050,0x00000000d7f80000)
  to   space 10752K, 0% used [0x00000000d8480000,0x00000000d8480000,0x00000000d8f00000)
 ParOldGen       total 87552K, used 5171K [0x0000000080e00000, 0x0000000086380000, 0x00000000d5a00000)
  object space 87552K, 5% used [0x0000000080e00000,0x000000008130cf38,0x0000000086380000)
 Metaspace       used 17384K, capacity 17616K, committed 17920K, reserved 1064960K
  class space    used 2111K, capacity 2206K, committed 2304K, reserved 1048576K
Event: 10.079 GC heap after
Heap after GC invocations=6 (full 0):
 PSYoungGen      total 41472K, used 3492K [0x00000000d5a00000, 0x00000000d8d80000, 0x0000000100000000)
  eden space 32256K, 0% used [0x00000000d5a00000,0x00000000d5a00000,0x00000000d7980000)
  from space 9216K, 37% used [0x00000000d8480000,0x00000000d87e9040,0x00000000d8d80000)
  to   space 10240K, 0% used [0x00000000d7980000,0x00000000d7980000,0x00000000d8380000)
 ParOldGen       total 87552K, used 5179K [0x0000000080e00000, 0x0000000086380000, 0x00000000d5a00000)
  object space 87552K, 5% used [0x0000000080e00000,0x000000008130ef38,0x0000000086380000)
 Metaspace       used 17384K, capacity 17616K, committed 17920K, reserved 1064960K
  class space    used 2111K, capacity 2206K, committed 2304K, reserved 1048576K
}

Deoptimization events (10 events):
Event: 1.653 Thread 0x000000001a454800 Uncommon trap: reason=class_check action=maybe_recompile pc=0x0000000002419528 method=java.lang.String.equals(Ljava/lang/Object;)Z @ 8
Event: 1.653 Thread 0x000000001a454800 Uncommon trap: reason=class_check action=maybe_recompile pc=0x0000000002419528 method=java.lang.String.equals(Ljava/lang/Object;)Z @ 8
Event: 2.817 Thread 0x000000001a454800 Uncommon trap: reason=unstable_if action=reinterpret pc=0x00000000024f458c method=java.util.Properties.loadConvert([CII[C)Ljava/lang/String; @ 4
Event: 2.937 Thread 0x000000001a454800 Uncommon trap: reason=unstable_if action=reinterpret pc=0x0000000002533cd4 method=java.util.Properties$LineReader.readLine()I @ 377
Event: 2.940 Thread 0x000000001a454800 Uncommon trap: reason=unstable_if action=reinterpret pc=0x000000000243ce64 method=java.lang.String.indexOf([CII[CIII)I @ 3
Event: 8.979 Thread 0x000000001a454800 Uncommon trap: reason=unstable_if action=reinterpret pc=0x00000000025555d4 method=java.util.HashMap.getNode(ILjava/lang/Object;)Ljava/util/HashMap$Node; @ 62
Event: 8.979 Thread 0x000000001a454800 Uncommon trap: reason=unstable_if action=reinterpret pc=0x0000000002566bdc method=java.util.HashMap.putVal(ILjava/lang/Object;Ljava/lang/Object;ZZ)Ljava/lang/Object; @ 94
Event: 8.979 Thread 0x000000001a454800 Uncommon trap: reason=unstable_if action=reinterpret pc=0x000000000251ae24 method=java.util.HashMap.getNode(ILjava/lang/Object;)Ljava/util/HashMap$Node; @ 62
Event: 8.999 Thread 0x000000001a454800 Uncommon trap: reason=unstable_if action=reinterpret pc=0x0000000002540ef4 method=java.io.WinNTFileSystem.normalize(Ljava/lang/String;)Ljava/lang/String; @ 128
Event: 10.357 Thread 0x000000001a454800 Uncommon trap: reason=unstable_if action=reinterpret pc=0x000000000274f47c method=java.net.URI.match(CJJ)Z @ 45

Internal exceptions (10 events):
Event: 2.737 Thread 0x000000001a454800 Exception <a 'java/security/PrivilegedActionException'> (0x00000000d6418a58) thrown at [C:\re\workspace\8-2-build-windows-amd64-cygwin\jdk8u66\5298\hotspot\src\share\vm\prims\jvm.cpp, line 1386]
Event: 2.737 Thread 0x000000001a454800 Exception <a 'java/security/PrivilegedActionException'> (0x00000000d6419038) thrown at [C:\re\workspace\8-2-build-windows-amd64-cygwin\jdk8u66\5298\hotspot\src\share\vm\prims\jvm.cpp, line 1386]
Event: 2.742 Thread 0x000000001a454800 Exception <a 'java/security/PrivilegedActionException'> (0x00000000d64702f8) thrown at [C:\re\workspace\8-2-build-windows-amd64-cygwin\jdk8u66\5298\hotspot\src\share\vm\prims\jvm.cpp, line 1386]
Event: 2.742 Thread 0x000000001a454800 Exception <a 'java/security/PrivilegedActionException'> (0x00000000d64708d8) thrown at [C:\re\workspace\8-2-build-windows-amd64-cygwin\jdk8u66\5298\hotspot\src\share\vm\prims\jvm.cpp, line 1386]
Event: 2.742 Thread 0x000000001a454800 Exception <a 'java/security/PrivilegedActionException'> (0x00000000d647d0a0) thrown at [C:\re\workspace\8-2-build-windows-amd64-cygwin\jdk8u66\5298\hotspot\src\share\vm\prims\jvm.cpp, line 1386]
Event: 2.742 Thread 0x000000001a454800 Exception <a 'java/security/PrivilegedActionException'> (0x00000000d647d680) thrown at [C:\re\workspace\8-2-build-windows-amd64-cygwin\jdk8u66\5298\hotspot\src\share\vm\prims\jvm.cpp, line 1386]
Event: 2.743 Thread 0x000000001a454800 Exception <a 'java/security/PrivilegedActionException'> (0x00000000d648a668) thrown at [C:\re\workspace\8-2-build-windows-amd64-cygwin\jdk8u66\5298\hotspot\src\share\vm\prims\jvm.cpp, line 1386]
Event: 2.743 Thread 0x000000001a454800 Exception <a 'java/security/PrivilegedActionException'> (0x00000000d648ac48) thrown at [C:\re\workspace\8-2-build-windows-amd64-cygwin\jdk8u66\5298\hotspot\src\share\vm\prims\jvm.cpp, line 1386]
Event: 2.743 Thread 0x000000001a454800 Exception <a 'java/security/PrivilegedActionException'> (0x00000000d64978b0) thrown at [C:\re\workspace\8-2-build-windows-amd64-cygwin\jdk8u66\5298\hotspot\src\share\vm\prims\jvm.cpp, line 1386]
Event: 2.743 Thread 0x000000001a454800 Exception <a 'java/security/PrivilegedActionException'> (0x00000000d6497e90) thrown at [C:\re\workspace\8-2-build-windows-amd64-cygwin\jdk8u66\5298\hotspot\src\share\vm\prims\jvm.cpp, line 1386]

Events (10 events):
Event: 10.357 Thread 0x000000001a454800 DEOPT PACKING pc=0x000000000274f47c sp=0x000000001c9780e0
Event: 10.357 Thread 0x000000001a454800 DEOPT UNPACKING pc=0x00000000022b582a sp=0x000000001c978070 mode 2
Event: 10.385 loading class com/zk/yuz_bul/YuzDAO
Event: 10.385 loading class com/zk/yuz_bul/YuzDAO done
Event: 10.412 loading class sun/nio/cs/MS1252
Event: 10.412 loading class sun/nio/cs/MS1252 done
Event: 10.413 loading class com/mysql/jdbc/OperationNotSupportedException
Event: 10.413 loading class com/mysql/jdbc/OperationNotSupportedException done
Event: 10.414 loading class com/zk/yuz_bul/Yuz
Event: 10.414 loading class com/zk/yuz_bul/Yuz done


Dynamic libraries:
0x00007ff6d7b50000 - 0x00007ff6d7b87000 	C:\Program Files\Java\jre1.8.0_66\bin\javaw.exe
0x00007ffbb3ff0000 - 0x00007ffbb419c000 	C:\Windows\SYSTEM32\ntdll.dll
0x00007ffbb3c00000 - 0x00007ffbb3d3e000 	C:\Windows\system32\KERNEL32.DLL
0x00007ffbb1260000 - 0x00007ffbb1375000 	C:\Windows\system32\KERNELBASE.dll
0x00007ffbafce0000 - 0x00007ffbafd6e000 	C:\Windows\system32\apphelp.dll
0x00007ffb9a6d0000 - 0x00007ffb9a723000 	C:\Windows\AppPatch\AppPatch64\AcGenral.DLL
0x00007ffbb3a40000 - 0x00007ffbb3aea000 	C:\Windows\system32\msvcrt.dll
0x00007ffbb0f90000 - 0x00007ffbb0fbe000 	C:\Windows\SYSTEM32\SspiCli.dll
0x00007ffbb35a0000 - 0x00007ffbb35f4000 	C:\Windows\system32\SHLWAPI.dll
0x00007ffbb3e70000 - 0x00007ffbb3fe7000 	C:\Windows\system32\USER32.dll
0x00007ffbb3620000 - 0x00007ffbb37b4000 	C:\Windows\system32\ole32.dll
0x00007ffbb1890000 - 0x00007ffbb2dbb000 	C:\Windows\system32\SHELL32.dll
0x00007ffbb06e0000 - 0x00007ffbb0701000 	C:\Windows\SYSTEM32\USERENV.dll
0x00007ffbb3b40000 - 0x00007ffbb3bea000 	C:\Windows\system32\ADVAPI32.dll
0x00007ffba8c90000 - 0x00007ffba8cae000 	C:\Windows\SYSTEM32\MPR.dll
0x00007ffbb2e30000 - 0x00007ffbb2f71000 	C:\Windows\system32\RPCRT4.dll
0x00007ffbb3920000 - 0x00007ffbb3979000 	C:\Windows\SYSTEM32\sechost.dll
0x00007ffbb1670000 - 0x00007ffbb1881000 	C:\Windows\SYSTEM32\combase.dll
0x00007ffbb3170000 - 0x00007ffbb32bf000 	C:\Windows\system32\GDI32.dll
0x00007ffbb1140000 - 0x00007ffbb1155000 	C:\Windows\SYSTEM32\profapi.dll
0x00007ffbaf4e0000 - 0x00007ffbaf592000 	C:\Windows\SYSTEM32\SHCORE.dll
0x00007ffbb3b00000 - 0x00007ffbb3b36000 	C:\Windows\system32\IMM32.DLL
0x00007ffbb37c0000 - 0x00007ffbb3912000 	C:\Windows\system32\MSCTF.dll
0x00007ffbaee00000 - 0x00007ffbaf07b000 	C:\Windows\WinSxS\amd64_microsoft.windows.common-controls_6595b64144ccf1df_6.0.9600.18006_none_623f33d3ecbe86e8\COMCTL32.dll
0x0000000059d40000 - 0x0000000059e12000 	C:\Program Files\Java\jre1.8.0_66\bin\msvcr100.dll
0x0000000058d00000 - 0x0000000059589000 	C:\Program Files\Java\jre1.8.0_66\bin\server\jvm.dll
0x00007ffb97e80000 - 0x00007ffb97e89000 	C:\Windows\SYSTEM32\WSOCK32.dll
0x00007ffbad970000 - 0x00007ffbad992000 	C:\Windows\SYSTEM32\WINMM.dll
0x00007ffbadba0000 - 0x00007ffbadbaa000 	C:\Windows\SYSTEM32\VERSION.dll
0x00007ffbb3bf0000 - 0x00007ffbb3bf7000 	C:\Windows\system32\PSAPI.DLL
0x00007ffbb32c0000 - 0x00007ffbb331a000 	C:\Windows\system32\WS2_32.dll
0x00007ffbad930000 - 0x00007ffbad95a000 	C:\Windows\SYSTEM32\WINMMBASE.dll
0x00007ffbb3af0000 - 0x00007ffbb3af9000 	C:\Windows\system32\NSI.dll
0x00007ffbb1210000 - 0x00007ffbb125f000 	C:\Windows\SYSTEM32\cfgmgr32.dll
0x00007ffbaff40000 - 0x00007ffbaff68000 	C:\Windows\SYSTEM32\DEVOBJ.dll
0x000000005b740000 - 0x000000005b74f000 	C:\Program Files\Java\jre1.8.0_66\bin\verify.dll
0x0000000059d10000 - 0x0000000059d39000 	C:\Program Files\Java\jre1.8.0_66\bin\java.dll
0x0000000059cf0000 - 0x0000000059d06000 	C:\Program Files\Java\jre1.8.0_66\bin\zip.dll
0x00007ffb68a60000 - 0x00007ffb6a2e5000 	C:\Users\pc\Documents\GitHub\yuz-tanima\target\natives\opencv_java300.dll
0x00007ffb99a80000 - 0x00007ffb99aa9000 	C:\Windows\SYSTEM32\MSVFW32.dll
0x00007ffb99870000 - 0x00007ffb99891000 	C:\Windows\SYSTEM32\AVIFIL32.dll
0x00007ffb99ba0000 - 0x00007ffb99bb7000 	C:\Windows\SYSTEM32\AVICAP32.dll
0x00007ffbb3da0000 - 0x00007ffbb3e61000 	C:\Windows\system32\OLEAUT32.dll
0x00007ffba8350000 - 0x00007ffba836c000 	C:\Windows\SYSTEM32\MSACM32.dll
0x0000000059b50000 - 0x0000000059ce8000 	C:\Program Files\Java\jre1.8.0_66\bin\awt.dll
0x00007ffbafdb0000 - 0x00007ffbafed9000 	C:\Windows\system32\uxtheme.dll
0x00007ffbaf080000 - 0x00007ffbaf0a1000 	C:\Windows\system32\dwmapi.dll
0x00007ffbaff30000 - 0x00007ffbaff3b000 	C:\Windows\SYSTEM32\kernel.appcore.dll
0x00007ffbb1030000 - 0x00007ffbb103b000 	C:\Windows\SYSTEM32\CRYPTBASE.dll
0x00007ffbb0fc0000 - 0x00007ffbb1023000 	C:\Windows\SYSTEM32\bcryptPrimitives.dll
0x00007ffb72660000 - 0x00007ffb72881000 	C:\Windows\system32\d3d9.dll
0x00007ffb6d0c0000 - 0x00007ffb6e1f7000 	C:\Windows\SYSTEM32\nvd3dumx.dll
0x00007ffbb1040000 - 0x00007ffbb1086000 	C:\Windows\SYSTEM32\powrprof.dll
0x0000000180000000 - 0x0000000180139000 	C:\Program Files (x86)\NVIDIA Corporation\3D Vision\nvSCPAPI64.dll
0x00007ffbb2f90000 - 0x00007ffbb316a000 	C:\Windows\system32\SETUPAPI.dll
0x0000000059b00000 - 0x0000000059b47000 	C:\Program Files\Java\jre1.8.0_66\bin\fontmanager.dll
0x00007ffbb3320000 - 0x00007ffbb33d6000 	C:\Windows\SYSTEM32\clbcatq.dll
0x00007ffbaf5a0000 - 0x00007ffbaf74e000 	C:\Windows\SYSTEM32\WindowsCodecs.dll
0x00007ffbb09b0000 - 0x00007ffbb09d0000 	C:\Windows\SYSTEM32\CRYPTSP.dll
0x00007ffbb05d0000 - 0x00007ffbb0606000 	C:\Windows\system32\rsaenh.dll
0x00007ffbb0c60000 - 0x00007ffbb0c86000 	C:\Windows\SYSTEM32\bcrypt.dll
0x0000000059ae0000 - 0x0000000059afa000 	C:\Program Files\Java\jre1.8.0_66\bin\net.dll
0x00007ffbb0950000 - 0x00007ffbb09a9000 	C:\Windows\system32\mswsock.dll
0x0000000059ac0000 - 0x0000000059ad1000 	C:\Program Files\Java\jre1.8.0_66\bin\nio.dll
0x0000000059a70000 - 0x0000000059ab2000 	C:\Program Files\Java\jre1.8.0_66\bin\t2k.dll
0x00007ffbb0750000 - 0x00007ffbb07f4000 	C:\Windows\SYSTEM32\DNSAPI.dll
0x000000005b590000 - 0x000000005b5b6000 	C:\Program Files\Bonjour\mdnsNSP.dll
0x00007ffbaaae0000 - 0x00007ffbaab0a000 	C:\Windows\SYSTEM32\Iphlpapi.DLL
0x00007ffbaaac0000 - 0x00007ffbaaaca000 	C:\Windows\SYSTEM32\WINNSI.DLL
0x00007ffbacfd0000 - 0x00007ffbacfda000 	C:\Windows\System32\rasadhlp.dll
0x00007ffbaa700000 - 0x00007ffbaa76b000 	C:\Windows\System32\fwpuclnt.dll
0x00007ffb999c0000 - 0x00007ffb999d3000 	C:\Windows\SYSTEM32\OpenCL.dll
0x00007ffb71ee0000 - 0x00007ffb72659000 	C:\Windows\SYSTEM32\nvopencl.dll
0x00007ffbad440000 - 0x00007ffbad716000 	C:\Windows\SYSTEM32\nvapi64.dll
0x00007ffbb1610000 - 0x00007ffbb1661000 	C:\Windows\system32\WINTRUST.dll
0x00007ffbb1430000 - 0x00007ffbb160f000 	C:\Windows\system32\CRYPT32.dll
0x00007ffbb11f0000 - 0x00007ffbb1201000 	C:\Windows\system32\MSASN1.dll
0x00007ffb99690000 - 0x00007ffb996a8000 	C:\Windows\System32\devenum.dll
0x00007ffbac100000 - 0x00007ffbac132000 	C:\Windows\SYSTEM32\ntmarta.dll
0x00007ffba82d0000 - 0x00007ffba82dd000 	C:\Windows\SYSTEM32\msdmo.dll
0x00007ffb91fa0000 - 0x00007ffb91fcd000 	C:\Windows\System32\qcap.dll
0x00007ffb71d00000 - 0x00007ffb71ed2000 	C:\Windows\System32\quartz.dll
0x00007ffb91f50000 - 0x00007ffb91f9b000 	C:\Windows\System32\ksproxy.ax
0x00007ffbaab30000 - 0x00007ffbaab38000 	C:\Windows\System32\ksuser.dll
0x00007ffba8260000 - 0x00007ffba826e000 	C:\Windows\System32\vidcap.ax
0x00007ffb91f20000 - 0x00007ffb91f46000 	C:\Windows\System32\kswdmcap.ax
0x00007ffb7cfa0000 - 0x00007ffb7d10f000 	C:\Windows\System32\MFC42.dll
0x00007ffb7efb0000 - 0x00007ffb7f072000 	C:\Windows\System32\ODBC32.dll
0x00007ffb7ea40000 - 0x00007ffb7eae8000 	C:\Windows\System32\qedit.dll
0x00007ffbb3980000 - 0x00007ffbb3a36000 	C:\Windows\system32\COMDLG32.dll
0x00007ffbad780000 - 0x00007ffbad930000 	C:\Windows\WinSxS\amd64_microsoft.windows.gdiplus_6595b64144ccf1df_1.1.9600.17415_none_932b3b5547500489\gdiplus.dll
0x00007ffb93010000 - 0x00007ffb93108000 	C:\Windows\System32\DDRAW.dll
0x00007ffb93000000 - 0x00007ffb93009000 	C:\Windows\System32\DCIMAN32.dll
0x00007ffb6cbe0000 - 0x00007ffb6d0b1000 	C:\Program Files (x86)\K-Lite Codec Pack\Filters\ffdshow64\ffdshow.ax
0x00007ffb91ef0000 - 0x00007ffb91f1e000 	C:\Windows\SYSTEM32\DINPUT.dll
0x00007ffb71b00000 - 0x00007ffb71cf2000 	C:\Program Files (x86)\K-Lite Codec Pack\Filters\vsfilter64.dll
0x00007ffbad3b0000 - 0x00007ffbad432000 	C:\Windows\SYSTEM32\WINSPOOL.DRV
0x00007ffba8f80000 - 0x00007ffba91e9000 	C:\Windows\SYSTEM32\WININET.dll
0x00007ffba91f0000 - 0x00007ffba94b7000 	C:\Windows\SYSTEM32\iertutil.dll
0x00007ffba8240000 - 0x00007ffba824c000 	C:\Windows\SYSTEM32\msyuv.dll
0x00007ffb7ae20000 - 0x00007ffb7af0f000 	C:\Users\pc\AppData\Local\Temp\javacpp1211467279224341\msvcr120.dll
0x00007ffb7b240000 - 0x00007ffb7b2e6000 	C:\Users\pc\AppData\Local\Temp\javacpp1211467279224341\msvcp120.dll
0x00007ffb6c950000 - 0x00007ffb6cbd1000 	C:\Users\pc\AppData\Local\Temp\javacpp1211467279224341\opencv_core300.dll
0x00007ffb6b7f0000 - 0x00007ffb6bb6f000 	C:\Users\pc\AppData\Local\Temp\javacpp1211467279224341\opencv_imgproc300.dll
0x00007ffb6c790000 - 0x00007ffb6c948000 	C:\Users\pc\AppData\Local\Temp\javacpp1211467279224341\jniopencv_core.dll
0x00007ffb7ad70000 - 0x00007ffb7ae15000 	C:\Users\pc\AppData\Local\Temp\javacpp1211467279224341\jniopencv_imgproc.dll
0x00007ffb6c330000 - 0x00007ffb6c5e7000 	C:\Users\pc\AppData\Local\Temp\javacpp1211467279224341\opencv_imgcodecs300.dll
0x00007ffb93640000 - 0x00007ffb9365b000 	C:\Users\pc\AppData\Local\Temp\javacpp1211467279224341\jniopencv_imgcodecs.dll
0x00007ffb9b030000 - 0x00007ffb9b1b9000 	C:\Windows\SYSTEM32\dbghelp.dll

VM Arguments:
jvm_args: -Djava.library.path=C:\Users\pc\Documents\GitHub\yuz-tanima\target\natives -Dfile.encoding=UTF-8 
java_command: com.zk.App
java_class_path (initial): C:\Users\pc\Documents\GitHub\yuz-tanima\target\classes;C:\Users\pc\.m2\repository\junit\junit\3.8.1\junit-3.8.1.jar;C:\Users\pc\.m2\repository\mysql\mysql-connector-java\5.1.6\mysql-connector-java-5.1.6.jar;C:\Users\pc\.m2\repository\com\zk\opencv\opencvjar\3.0.0\opencvjar-3.0.0.jar;C:\Users\pc\.m2\repository\com\zk\opencv\opencvjar-runtime\3.0.0\opencvjar-runtime-3.0.0-natives-windows.jar;C:\Users\pc\.m2\repository\org\bytedeco\javacv\1.1\javacv-1.1.jar;C:\Users\pc\.m2\repository\org\bytedeco\javacpp\1.1\javacpp-1.1.jar;C:\Users\pc\.m2\repository\org\bytedeco\javacpp-presets\opencv\3.0.0-1.1\opencv-3.0.0-1.1.jar;C:\Users\pc\.m2\repository\org\bytedeco\javacpp-presets\opencv\3.0.0-1.1\opencv-3.0.0-1.1-windows-x86_64.jar;C:\Users\pc\.m2\repository\org\bytedeco\javacpp-presets\ffmpeg\2.8.1-1.1\ffmpeg-2.8.1-1.1.jar;C:\Users\pc\.m2\repository\org\bytedeco\javacpp-presets\ffmpeg\2.8.1-1.1\ffmpeg-2.8.1-1.1-windows-x86_64.jar;C:\Users\pc\.m2\repository\org\bytedeco\javacpp-presets\flycapture\2.8.3.1-1.1\flycapture-2.8.3.1-1.1.jar;C:\Users\pc\.m2\repository\org\bytedeco\javacpp-presets\flycapture\2.8.3.1-1.1\flycapture-2.8.3.1-1.1-windows-x86_64.jar;C:\Users\pc\.m2\repository\org\bytedeco\javacpp-presets\libdc1394\2.2.3-1.1\libdc1394-2.2.3-1.1.jar;C:\Users\pc\.m2\repository\org\bytedeco\javacpp-presets\libdc1394\2.2.3-1.1\libdc1394-2.2.3-1.1-windows-x86_64.jar;C:\Users\pc\.m2\repository\org\bytedeco\javacpp-presets\libfreenect\0.5.3-1.1\libfreenect-0.5.3-1.1.jar;C:\Users\pc\.m2\repository\org\bytedeco\javacpp-presets\libfreenect\0.5.3-1.1\libfreenect-0.5.3-1.1-windows-x86_64.jar;C:\Users\pc\.m2\repository\org\bytedeco\javacpp-presets\videoinput\0.200-1.1\videoinput-0.200-1.1.jar;C:\Users\pc\.m2\repository\org\bytedeco\javacpp-presets\videoinput\0.200-1.1\videoinput-0.200-1.1-windows-x86_64.jar;C:\Users\pc\.m2\repository\org\bytedeco\javacpp-presets\artoolkitplus\2.3.1-1.1\artoolkitplus-2.3.1-1.1.jar;C:\Users\pc\.m2\repository\org\bytedeco\javacp
Launcher Type: SUN_STANDARD

Environment Variables:
JAVA_HOME=C:\Program Files\Java\jdk1.8.0_66
CLASSPATH=C:\Users\pc\jprg\classes;C:\Users\pc\Documents\zk\bin
PATH=C:/Program Files/Java/jdk1.8.0_66/bin/../jre/bin/server;C:/Program Files/Java/jdk1.8.0_66/bin/../jre/bin;C:/Program Files/Java/jdk1.8.0_66/bin/../jre/lib/amd64;C:\Program Files (x86)\EasyPHP-DevServer-14.1VC9\binaries\php\php_runningversion;C:\Program Files (x86)\Intel\iCLS Client\;C:\Program Files\Intel\iCLS Client\;C:\Program Files (x86)\NVIDIA Corporation\PhysX\Common;C:\Windows\system32;C:\Windows;C:\Windows\System32\Wbem;C:\Windows\System32\WindowsPowerShell\v1.0\;C:\Program Files\Intel\Intel(R) Management Engine Components\DAL;C:\Program Files\Intel\Intel(R) Management Engine Components\IPT;C:\Program Files (x86)\Intel\Intel(R) Management Engine Components\DAL;C:\Program Files (x86)\Intel\Intel(R) Management Engine Components\IPT;C:\Program Files (x86)\Windows Kits\8.0\Windows Performance Toolkit\;C:\Program Files\Microsoft SQL Server\120\Tools\Binn\;C:\Program Files\Microsoft SQL Server\Client SDK\ODBC\110\Tools\Binn\;C:\Program Files (x86)\Microsoft SQL Server\120\Tools\Binn\;C:\Program Files\Microsoft SQL Server\120\DTS\Binn\;C:\Program Files (x86)\Microsoft SQL Server\120\Tools\Binn\ManagementStudio\;C:\Program Files (x86)\Microsoft SQL Server\120\DTS\Binn\;C:\Program Files\Java\jdk1.8.0_66\bin\;C:\Program Files\MATLAB\R2012b\runtime\win64;C:\Program Files\MATLAB\R2012b\bin;C:\Program Files (x86)\Skype\Phone\;C:\MinGW\bin;C:\Program Files (x86)\CMake\bin;C:\apache-maven-3.3.3\bin;C:\eclipse;
USERNAME=pc
OS=Windows_NT
PROCESSOR_IDENTIFIER=Intel64 Family 6 Model 60 Stepping 3, GenuineIntel



---------------  S Y S T E M  ---------------

OS: Windows 8.1 , 64 bit Build 9600 (6.3.9600.17415)

CPU:total 8 (4 cores per cpu, 2 threads per core) family 6 model 60 stepping 3, cmov, cx8, fxsr, mmx, sse, sse2, sse3, ssse3, sse4.1, sse4.2, popcnt, avx, avx2, aes, clmul, erms, lzcnt, ht, tsc, tscinvbit, bmi1, bmi2

Memory: 4k page, physical 8326788k(3766420k free), swap 14580780k(2541236k free)

vm_info: Java HotSpot(TM) 64-Bit Server VM (25.66-b18) for windows-amd64 JRE (1.8.0_66-b18), built on Nov  9 2015 10:51:13 by "java_re" with MS VC++ 10.0 (VS2010)

time: Mon Dec 07 11:30:48 2015
elapsed time: 10 seconds (0d 0h 0m 10s)

