#
# A fatal error has been detected by the Java Runtime Environment:
#
#  EXCEPTION_ACCESS_VIOLATION (0xc0000005) at pc=0x00007ffc5a452099, pid=8136, tid=6220
#
# JRE version: Java(TM) SE Runtime Environment (8.0_45-b14) (build 1.8.0_45-b14)
# Java VM: Java HotSpot(TM) 64-Bit Server VM (25.45-b02 mixed mode windows-amd64 compressed oops)
# Problematic frame:
# C  [jniopencv_core.dll+0x2099]
#
# Failed to write core dump. Minidumps are not enabled by default on client versions of Windows
#
# If you would like to submit a bug report, please visit:
#   http://bugreport.java.com/bugreport/crash.jsp
# The crash happened outside the Java Virtual Machine in native code.
# See problematic frame for where to report the bug.
#

---------------  T H R E A D  ---------------

Current thread (0x0000000002c2e000):  JavaThread "main" [_thread_in_native, id=6220, stack(0x0000000001280000,0x0000000001380000)]

siginfo: ExceptionCode=0xc0000005, reading address 0x0000000000000038

Registers:
RAX=0x0000000000000001, RBX=0x0000000000000000, RCX=0x0000000000000000, RDX=0x0000000001204d40
RSP=0x000000000137f6b0, RBP=0x0000000001204d40, RSI=0x000000000137f810, RDI=0x0000000001204d40
R8 =0x0000000000000032, R9 =0x00000000d6db8180, R10=0x000000000000000e, R11=0x0000000077f6acd8
R12=0x0000000000000000, R13=0x00000000173293d8, R14=0x00000000011a0420, R15=0x0000000000000000
RIP=0x00007ffc5a452099, EFLAGS=0x0000000000010202

Top of Stack: (sp=0x000000000137f6b0)
0x000000000137f6b0:   00000000173293e0 000000000137f810
0x000000000137f6c0:   0000000002c2d950 0000000077829816
0x000000000137f6d0:   0000000000000000 00007ffc5a451db4
0x000000000137f6e0:   00000000000003d8 0000000002c2e5b0
0x000000000137f6f0:   00000000173293e0 0000000002c2e000
0x000000000137f700:   000000000137f7f8 00007ffc5a4d4658
0x000000000137f710:   0000000002c2e1f8 0000000002c45cc6
0x000000000137f720:   0000000000000000 0000000002c2e000
0x000000000137f730:   0000000002c2e000 000000000137f810
0x000000000137f740:   0000000000000002 0000000002c45e34
0x000000000137f750:   000000000137f7d8 00000000173293e0
0x000000000137f760:   0000000000000000 0000000002c45bab
0x000000000137f770:   0000000002c2e000 00000000173293e0
0x000000000137f780:   0000000000000000 0000000002c2e000
0x000000000137f790:   0000000002c45b62 000000000137f798
0x000000000137f7a0:   00000000173293d8 000000000137f810 

Instructions: (pc=0x00007ffc5a452099)
0x00007ffc5a452079:   30 ff 15 c8 63 0f 00 48 8b c3 48 83 c4 50 5b c3
0x00007ffc5a452089:   cc cc cc cc cc cc cc 40 53 48 83 ec 20 48 8b d9
0x00007ffc5a452099:   48 8b 49 38 48 85 c9 74 16 83 c8 ff f0 0f c1 41
0x00007ffc5a4520a9:   14 83 f8 01 75 09 48 8b cb ff 15 08 63 0f 00 45 


Register to memory mapping:

RAX=0x0000000000000001 is an unknown value
RBX=0x0000000000000000 is an unknown value
RCX=0x0000000000000000 is an unknown value
RDX=0x0000000001204d40 is an unknown value
RSP=0x000000000137f6b0 is pointing into the stack for thread: 0x0000000002c2e000
RBP=0x0000000001204d40 is an unknown value
RSI=0x000000000137f810 is pointing into the stack for thread: 0x0000000002c2e000
RDI=0x0000000001204d40 is an unknown value
R8 =0x0000000000000032 is an unknown value
R9 =0x00000000d6db8180 is an oop
org.bytedeco.javacpp.opencv_core$Mat 
 - klass: 'org/bytedeco/javacpp/opencv_core$Mat'
R10=0x000000000000000e is an unknown value
R11=0x0000000077f6acd8 is an unknown value
R12=0x0000000000000000 is an unknown value
R13=0x00000000173293d8 is pointing into metadata
R14=0x00000000011a0420 is an unknown value
R15=0x0000000000000000 is an unknown value


Stack: [0x0000000001280000,0x0000000001380000],  sp=0x000000000137f6b0,  free space=1021k
Native frames: (J=compiled Java code, j=interpreted, Vv=VM code, C=native code)
C  [jniopencv_core.dll+0x2099]
C  [jniopencv_core.dll+0x1db4]
C  [jniopencv_core.dll+0x84658]
C  0x0000000002c45e34

Java frames: (J=compiled Java code, j=interpreted, Vv=VM code)
j  org.bytedeco.javacpp.opencv_core$MatVector.put(JLorg/bytedeco/javacpp/opencv_core$Mat;)Lorg/bytedeco/javacpp/opencv_core$MatVector;+0
j  com.zk.denemeler.YuzTanima.main([Ljava/lang/String;)V+168
v  ~StubRoutines::call_stub

---------------  P R O C E S S  ---------------

Java Threads: ( => current thread )
  0x0000000019856800 JavaThread "MySQL Statement Cancellation Timer" daemon [_thread_blocked, id=9772, stack(0x0000000019e00000,0x0000000019f00000)]
  0x0000000019029800 JavaThread "Service Thread" daemon [_thread_blocked, id=6796, stack(0x0000000019400000,0x0000000019500000)]
  0x00000000177ae000 JavaThread "C1 CompilerThread2" daemon [_thread_blocked, id=7200, stack(0x0000000018f00000,0x0000000019000000)]
  0x00000000177a7000 JavaThread "C2 CompilerThread1" daemon [_thread_blocked, id=7928, stack(0x0000000018e00000,0x0000000018f00000)]
  0x000000001779f800 JavaThread "C2 CompilerThread0" daemon [_thread_blocked, id=10000, stack(0x0000000018d00000,0x0000000018e00000)]
  0x000000001779d800 JavaThread "Attach Listener" daemon [_thread_blocked, id=9036, stack(0x0000000018c00000,0x0000000018d00000)]
  0x000000001779c800 JavaThread "Signal Dispatcher" daemon [_thread_blocked, id=2140, stack(0x0000000018b00000,0x0000000018c00000)]
  0x0000000002bc6800 JavaThread "Finalizer" daemon [_thread_blocked, id=5800, stack(0x0000000018a00000,0x0000000018b00000)]
  0x0000000002bbe000 JavaThread "Reference Handler" daemon [_thread_blocked, id=8924, stack(0x0000000018900000,0x0000000018a00000)]
=>0x0000000002c2e000 JavaThread "main" [_thread_in_native, id=6220, stack(0x0000000001280000,0x0000000001380000)]

Other Threads:
  0x0000000017767000 VMThread [stack: 0x0000000018800000,0x0000000018900000] [id=10220]
  0x000000001902c000 WatcherThread [stack: 0x0000000019500000,0x0000000019600000] [id=9852]

VM state:not at safepoint (normal execution)

VM Mutex/Monitor currently owned by a thread: None

Heap:
 PSYoungGen      total 38400K, used 18383K [0x00000000d5c00000, 0x00000000d8680000, 0x0000000100000000)
  eden space 33280K, 55% used [0x00000000d5c00000,0x00000000d6df3e48,0x00000000d7c80000)
  from space 5120K, 0% used [0x00000000d8180000,0x00000000d8180000,0x00000000d8680000)
  to   space 5120K, 0% used [0x00000000d7c80000,0x00000000d7c80000,0x00000000d8180000)
 ParOldGen       total 87552K, used 0K [0x0000000081400000, 0x0000000086980000, 0x00000000d5c00000)
  object space 87552K, 0% used [0x0000000081400000,0x0000000081400000,0x0000000086980000)
 Metaspace       used 8493K, capacity 8594K, committed 8704K, reserved 1056768K
  class space    used 912K, capacity 946K, committed 1024K, reserved 1048576K

Card table byte_map: [0x0000000011ff0000,0x00000000123f0000] byte_map_base: 0x0000000011be6000

Marking Bits: (ParMarkBitMap*) 0x0000000077f74040
 Begin Bits: [0x0000000012aa0000, 0x0000000014a50000)
 End Bits:   [0x0000000014a50000, 0x0000000016a00000)

Polling page: 0x00000000010f0000

CodeCache: size=245760Kb used=2944Kb max_used=2944Kb free=242816Kb
 bounds [0x0000000002c30000, 0x0000000002f20000, 0x0000000011c30000]
 total_blobs=1113 nmethods=651 adapters=375
 compilation: enabled

Compilation events (10 events):
Event: 1.672 Thread 0x00000000177ae000 nmethod 649 0x0000000002f08450 code [0x0000000002f086e0, 0x0000000002f09b78]
Event: 1.672 Thread 0x00000000177ae000  647       3       com.mysql.jdbc.ByteArrayRow::isNull (15 bytes)
Event: 1.672 Thread 0x00000000177ae000 nmethod 647 0x0000000002f0a590 code [0x0000000002f0a700, 0x0000000002f0a8d0]
Event: 1.672 Thread 0x00000000177ae000  648       3       com.mysql.jdbc.ByteArrayRow::getString (28 bytes)
Event: 1.672 Thread 0x00000000177ae000 nmethod 648 0x0000000002f0a9d0 code [0x0000000002f0ab40, 0x0000000002f0adc8]
Event: 1.672 Thread 0x00000000177ae000  644       3       java.lang.ThreadLocal$ThreadLocalMap::getEntry (42 bytes)
Event: 1.672 Thread 0x00000000177ae000 nmethod 644 0x0000000002f0af10 code [0x0000000002f0b080, 0x0000000002f0b368]
Event: 1.672 Thread 0x00000000177ae000  645       3       com.mysql.jdbc.ResultSetImpl::checkRowPos (22 bytes)
Event: 1.673 Thread 0x00000000177ae000 nmethod 645 0x0000000002f0b4d0 code [0x0000000002f0b680, 0x0000000002f0bba8]
Event: 1.673 Thread 0x00000000177ae000  646       3       com.mysql.jdbc.ResultSetImpl::checkColumnBounds (104 bytes)

GC Heap History (0 events):
No events

Deoptimization events (10 events):
Event: 1.457 Thread 0x0000000002c2e000 Uncommon trap: reason=unstable_if action=reinterpret pc=0x0000000002e9ac8c method=sun.misc.MetaIndex.mayContain(Ljava/lang/String;)Z @ 38
Event: 1.457 Thread 0x0000000002c2e000 Uncommon trap: reason=unstable_if action=reinterpret pc=0x0000000002e65a04 method=sun.misc.MetaIndex.mayContain(Ljava/lang/String;)Z @ 38
Event: 1.502 Thread 0x0000000002c2e000 Uncommon trap: reason=class_check action=maybe_recompile pc=0x0000000002dcb5dc method=java.io.FilterInputStream.read([B)I @ 5
Event: 1.502 Thread 0x0000000002c2e000 Uncommon trap: reason=unstable_if action=reinterpret pc=0x0000000002ea38bc method=java.util.Properties$LineReader.readLine()I @ 252
Event: 1.502 Thread 0x0000000002c2e000 Uncommon trap: reason=class_check action=maybe_recompile pc=0x0000000002dcb5dc method=java.io.FilterInputStream.read([B)I @ 5
Event: 1.502 Thread 0x0000000002c2e000 Uncommon trap: reason=unstable_if action=reinterpret pc=0x0000000002ea1d08 method=java.util.Properties.loadConvert([CII[C)Ljava/lang/String; @ 4
Event: 1.503 Thread 0x0000000002c2e000 Uncommon trap: reason=class_check action=maybe_recompile pc=0x0000000002dcb5dc method=java.io.FilterInputStream.read([B)I @ 5
Event: 1.503 Thread 0x0000000002c2e000 Uncommon trap: reason=class_check action=maybe_recompile pc=0x0000000002dcb5dc method=java.io.FilterInputStream.read([B)I @ 5
Event: 1.513 Thread 0x0000000002c2e000 Uncommon trap: reason=unstable_if action=reinterpret pc=0x0000000002e4a2bc method=java.net.URI.match(CJJ)Z @ 45
Event: 1.598 Thread 0x0000000002c2e000 Uncommon trap: reason=unstable_if action=reinterpret pc=0x0000000002dceae0 method=java.lang.String.indexOf([CII[CIII)I @ 3

Internal exceptions (10 events):
Event: 1.386 Thread 0x0000000002c2e000 Exception <a 'java/security/PrivilegedActionException'> (0x00000000d6898f70) thrown at [C:\re\workspace\8-2-build-windows-amd64-cygwin\jdk8u45\3457\hotspot\src\share\vm\prims\jvm.cpp, line 1382]
Event: 1.386 Thread 0x0000000002c2e000 Exception <a 'java/security/PrivilegedActionException'> (0x00000000d6899128) thrown at [C:\re\workspace\8-2-build-windows-amd64-cygwin\jdk8u45\3457\hotspot\src\share\vm\prims\jvm.cpp, line 1382]
Event: 1.394 Thread 0x0000000002c2e000 Exception <a 'java/security/PrivilegedActionException'> (0x00000000d68ef508) thrown at [C:\re\workspace\8-2-build-windows-amd64-cygwin\jdk8u45\3457\hotspot\src\share\vm\prims\jvm.cpp, line 1382]
Event: 1.394 Thread 0x0000000002c2e000 Exception <a 'java/security/PrivilegedActionException'> (0x00000000d68ef6c0) thrown at [C:\re\workspace\8-2-build-windows-amd64-cygwin\jdk8u45\3457\hotspot\src\share\vm\prims\jvm.cpp, line 1382]
Event: 1.395 Thread 0x0000000002c2e000 Exception <a 'java/security/PrivilegedActionException'> (0x00000000d68fb5a8) thrown at [C:\re\workspace\8-2-build-windows-amd64-cygwin\jdk8u45\3457\hotspot\src\share\vm\prims\jvm.cpp, line 1382]
Event: 1.395 Thread 0x0000000002c2e000 Exception <a 'java/security/PrivilegedActionException'> (0x00000000d68fb8f0) thrown at [C:\re\workspace\8-2-build-windows-amd64-cygwin\jdk8u45\3457\hotspot\src\share\vm\prims\jvm.cpp, line 1382]
Event: 1.396 Thread 0x0000000002c2e000 Exception <a 'java/security/PrivilegedActionException'> (0x00000000d6908020) thrown at [C:\re\workspace\8-2-build-windows-amd64-cygwin\jdk8u45\3457\hotspot\src\share\vm\prims\jvm.cpp, line 1382]
Event: 1.396 Thread 0x0000000002c2e000 Exception <a 'java/security/PrivilegedActionException'> (0x00000000d69081d8) thrown at [C:\re\workspace\8-2-build-windows-amd64-cygwin\jdk8u45\3457\hotspot\src\share\vm\prims\jvm.cpp, line 1382]
Event: 1.397 Thread 0x0000000002c2e000 Exception <a 'java/security/PrivilegedActionException'> (0x00000000d6914548) thrown at [C:\re\workspace\8-2-build-windows-amd64-cygwin\jdk8u45\3457\hotspot\src\share\vm\prims\jvm.cpp, line 1382]
Event: 1.397 Thread 0x0000000002c2e000 Exception <a 'java/security/PrivilegedActionException'> (0x00000000d6914890) thrown at [C:\re\workspace\8-2-build-windows-amd64-cygwin\jdk8u45\3457\hotspot\src\share\vm\prims\jvm.cpp, line 1382]

Events (10 events):
Event: 1.658 loading class java/util/ArrayList$ListItr
Event: 1.658 loading class java/util/ArrayList$ListItr done
Event: 1.658 Executing VM operation: Deoptimize
Event: 1.658 Executing VM operation: Deoptimize done
Event: 1.658 loading class com/zk/yuz_bul/YuzDAO
Event: 1.658 loading class com/zk/yuz_bul/YuzDAO done
Event: 1.670 loading class com/mysql/jdbc/OperationNotSupportedException
Event: 1.670 loading class com/mysql/jdbc/OperationNotSupportedException done
Event: 1.671 loading class com/zk/yuz_bul/Yuz
Event: 1.671 loading class com/zk/yuz_bul/Yuz done


Dynamic libraries:
0x00007ff7ff020000 - 0x00007ff7ff057000 	C:\Program Files\Java\jre1.8.0_45\bin\javaw.exe
0x00007ffc876a0000 - 0x00007ffc8784c000 	C:\Windows\SYSTEM32\ntdll.dll
0x00007ffc851f0000 - 0x00007ffc8532e000 	C:\Windows\system32\KERNEL32.DLL
0x00007ffc84a30000 - 0x00007ffc84b45000 	C:\Windows\system32\KERNELBASE.dll
0x00007ffc83360000 - 0x00007ffc833ee000 	C:\Windows\system32\apphelp.dll
0x00007ffc71fd0000 - 0x00007ffc72023000 	C:\Windows\AppPatch\AppPatch64\AcGenral.DLL
0x00007ffc85bb0000 - 0x00007ffc85c5a000 	C:\Windows\system32\msvcrt.dll
0x00007ffc845d0000 - 0x00007ffc845fe000 	C:\Windows\SYSTEM32\SspiCli.dll
0x00007ffc87420000 - 0x00007ffc87474000 	C:\Windows\system32\SHLWAPI.dll
0x00007ffc85c60000 - 0x00007ffc85dd7000 	C:\Windows\system32\USER32.dll
0x00007ffc85440000 - 0x00007ffc855d4000 	C:\Windows\system32\ole32.dll
0x00007ffc85ea0000 - 0x00007ffc873b9000 	C:\Windows\system32\SHELL32.dll
0x00007ffc83da0000 - 0x00007ffc83dc1000 	C:\Windows\SYSTEM32\USERENV.dll
0x00007ffc85390000 - 0x00007ffc8543a000 	C:\Windows\system32\ADVAPI32.dll
0x00007ffc72290000 - 0x00007ffc722ae000 	C:\Windows\SYSTEM32\MPR.dll
0x00007ffc857c0000 - 0x00007ffc85901000 	C:\Windows\system32\RPCRT4.dll
0x00007ffc87480000 - 0x00007ffc874d9000 	C:\Windows\SYSTEM32\sechost.dll
0x00007ffc84f10000 - 0x00007ffc85121000 	C:\Windows\SYSTEM32\combase.dll
0x00007ffc85910000 - 0x00007ffc85a5f000 	C:\Windows\system32\GDI32.dll
0x00007ffc84800000 - 0x00007ffc84815000 	C:\Windows\SYSTEM32\profapi.dll
0x00007ffc82b60000 - 0x00007ffc82c12000 	C:\Windows\SYSTEM32\SHCORE.dll
0x00007ffc873d0000 - 0x00007ffc87406000 	C:\Windows\system32\IMM32.DLL
0x00007ffc87540000 - 0x00007ffc87692000 	C:\Windows\system32\MSCTF.dll
0x00007ffc82190000 - 0x00007ffc8240b000 	C:\Windows\WinSxS\amd64_microsoft.windows.common-controls_6595b64144ccf1df_6.0.9600.18006_none_623f33d3ecbe86e8\COMCTL32.dll
0x0000000076ce0000 - 0x0000000076db2000 	C:\Program Files\Java\jre1.8.0_45\bin\msvcr100.dll
0x0000000077770000 - 0x0000000077ff3000 	C:\Program Files\Java\jre1.8.0_45\bin\server\jvm.dll
0x00007ffc78420000 - 0x00007ffc78429000 	C:\Windows\SYSTEM32\WSOCK32.dll
0x00007ffc7fd60000 - 0x00007ffc7fd82000 	C:\Windows\SYSTEM32\WINMM.dll
0x00007ffc7fed0000 - 0x00007ffc7feda000 	C:\Windows\SYSTEM32\VERSION.dll
0x00007ffc873c0000 - 0x00007ffc873c7000 	C:\Windows\system32\PSAPI.DLL
0x00007ffc874e0000 - 0x00007ffc8753a000 	C:\Windows\system32\WS2_32.dll
0x00007ffc7fd30000 - 0x00007ffc7fd5a000 	C:\Windows\SYSTEM32\WINMMBASE.dll
0x00007ffc87410000 - 0x00007ffc87419000 	C:\Windows\system32\NSI.dll
0x00007ffc849e0000 - 0x00007ffc84a2f000 	C:\Windows\SYSTEM32\cfgmgr32.dll
0x00007ffc835b0000 - 0x00007ffc835d8000 	C:\Windows\SYSTEM32\DEVOBJ.dll
0x0000000051fa0000 - 0x0000000051faf000 	C:\Program Files\Java\jre1.8.0_45\bin\verify.dll
0x0000000050a60000 - 0x0000000050a89000 	C:\Program Files\Java\jre1.8.0_45\bin\java.dll
0x0000000050a40000 - 0x0000000050a56000 	C:\Program Files\Java\jre1.8.0_45\bin\zip.dll
0x00007ffc6b7b0000 - 0x00007ffc6b89f000 	C:\Users\kaya\AppData\Local\Temp\javacpp1407185002229899\msvcr120.dll
0x00007ffc66550000 - 0x00007ffc665f6000 	C:\Users\kaya\AppData\Local\Temp\javacpp1407185002229899\msvcp120.dll
0x00007ffc53220000 - 0x00007ffc534a1000 	C:\Users\kaya\AppData\Local\Temp\javacpp1407185002229899\opencv_core300.dll
0x00007ffc52ea0000 - 0x00007ffc5321f000 	C:\Users\kaya\AppData\Local\Temp\javacpp1407185002229899\opencv_imgproc300.dll
0x00007ffc5a450000 - 0x00007ffc5a608000 	C:\Users\kaya\AppData\Local\Temp\javacpp1407185002229899\jniopencv_core.dll
0x00007ffc60260000 - 0x00007ffc60305000 	C:\Users\kaya\AppData\Local\Temp\javacpp1407185002229899\jniopencv_imgproc.dll
0x00007ffc52be0000 - 0x00007ffc52e97000 	C:\Users\kaya\AppData\Local\Temp\javacpp1407185002229899\opencv_imgcodecs300.dll
0x00007ffc7e4c0000 - 0x00007ffc7e4db000 	C:\Users\kaya\AppData\Local\Temp\javacpp1407185002229899\jniopencv_imgcodecs.dll
0x0000000050a20000 - 0x0000000050a3a000 	C:\Program Files\Java\jre1.8.0_45\bin\net.dll
0x00007ffc84010000 - 0x00007ffc84069000 	C:\Windows\system32\mswsock.dll
0x00007ffc83e10000 - 0x00007ffc83eb4000 	C:\Windows\SYSTEM32\DNSAPI.dll
0x00007ffc75790000 - 0x00007ffc7579a000 	C:\Windows\System32\rasadhlp.dll
0x00007ffc7d740000 - 0x00007ffc7d7ab000 	C:\Windows\System32\fwpuclnt.dll
0x00007ffc7e960000 - 0x00007ffc7eae9000 	C:\Windows\SYSTEM32\dbghelp.dll

VM Arguments:
jvm_args: -Djava.library.path=C:\Users\kaya\Documents\GitHub\yuz-tanima\target\natives -Dfile.encoding=UTF-8 
java_command: com.zk.denemeler.YuzTanima
java_class_path (initial): C:\Users\kaya\Documents\GitHub\yuz-tanima\target\classes;C:\Users\kaya\.m2\repository\junit\junit\3.8.1\junit-3.8.1.jar;C:\Users\kaya\.m2\repository\mysql\mysql-connector-java\5.1.6\mysql-connector-java-5.1.6.jar;C:\Users\kaya\.m2\repository\com\zk\opencv\opencvjar\3.0.0\opencvjar-3.0.0.jar;C:\Users\kaya\.m2\repository\com\zk\opencv\opencvjar-runtime\3.0.0\opencvjar-runtime-3.0.0-natives-windows.jar;C:\Users\kaya\.m2\repository\org\bytedeco\javacv\1.1\javacv-1.1.jar;C:\Users\kaya\.m2\repository\org\bytedeco\javacpp\1.1\javacpp-1.1.jar;C:\Users\kaya\.m2\repository\org\bytedeco\javacpp-presets\opencv\3.0.0-1.1\opencv-3.0.0-1.1.jar;C:\Users\kaya\.m2\repository\org\bytedeco\javacpp-presets\opencv\3.0.0-1.1\opencv-3.0.0-1.1-windows-x86_64.jar;C:\Users\kaya\.m2\repository\org\bytedeco\javacpp-presets\ffmpeg\2.8.1-1.1\ffmpeg-2.8.1-1.1.jar;C:\Users\kaya\.m2\repository\org\bytedeco\javacpp-presets\ffmpeg\2.8.1-1.1\ffmpeg-2.8.1-1.1-windows-x86_64.jar;C:\Users\kaya\.m2\repository\org\bytedeco\javacpp-presets\flycapture\2.8.3.1-1.1\flycapture-2.8.3.1-1.1.jar;C:\Users\kaya\.m2\repository\org\bytedeco\javacpp-presets\flycapture\2.8.3.1-1.1\flycapture-2.8.3.1-1.1-windows-x86_64.jar;C:\Users\kaya\.m2\repository\org\bytedeco\javacpp-presets\libdc1394\2.2.3-1.1\libdc1394-2.2.3-1.1.jar;C:\Users\kaya\.m2\repository\org\bytedeco\javacpp-presets\libdc1394\2.2.3-1.1\libdc1394-2.2.3-1.1-windows-x86_64.jar;C:\Users\kaya\.m2\repository\org\bytedeco\javacpp-presets\libfreenect\0.5.3-1.1\libfreenect-0.5.3-1.1.jar;C:\Users\kaya\.m2\repository\org\bytedeco\javacpp-presets\libfreenect\0.5.3-1.1\libfreenect-0.5.3-1.1-windows-x86_64.jar;C:\Users\kaya\.m2\repository\org\bytedeco\javacpp-presets\videoinput\0.200-1.1\videoinput-0.200-1.1.jar;C:\Users\kaya\.m2\repository\org\bytedeco\javacpp-presets\videoinput\0.200-1.1\videoinput-0.200-1.1-windows-x86_64.jar;C:\Users\kaya\.m2\repository\org\bytedeco\javacpp-presets\artoolkitplus\2.3.1-1.1\artoolkitplus-2.3.1-1.1.jar;C:\Use
Launcher Type: SUN_STANDARD

Environment Variables:
JAVA_HOME=C:\Program Files\Java\jdk1.8.0_45
PATH=C:/Program Files/Java/jre1.8.0_45/bin/server;C:/Program Files/Java/jre1.8.0_45/bin;C:/Program Files/Java/jre1.8.0_45/lib/amd64;C:\ProgramData\Oracle\Java\javapath;C:\Program Files (x86)\NVIDIA Corporation\PhysX\Common;C:\Program Files (x86)\Intel\iCLS Client\;C:\Program Files\Intel\iCLS Client\;C:\Windows\system32;C:\Windows;C:\Windows\System32\Wbem;C:\Windows\System32\WindowsPowerShell\v1.0\;C:\Program Files\Intel\Intel(R) Management Engine Components\DAL;C:\Program Files\Intel\Intel(R) Management Engine Components\IPT;C:\Program Files (x86)\Intel\Intel(R) Management Engine Components\DAL;C:\Program Files (x86)\Intel\Intel(R) Management Engine Components\IPT;C:\Program Files\Intel\WiFi\bin\;C:\Program Files\Common Files\Intel\WirelessCommon\;C:\Program Files (x86)\MySQL\MySQL Fabric 1.5.4 & MySQL Utilities 1.5.4 1.5\;C:\Program Files (x86)\MySQL\MySQL Fabric 1.5.4 & MySQL Utilities 1.5.4 1.5\Doctrine extensions for PHP\;C:\Program Files\MATLAB\R2012b\runtime\win64;C:\Program Files\MATLAB\R2012b\bin;C:\apache-maven-3.3.3\bin;;C:\eclipse;
USERNAME=kaya
OS=Windows_NT
PROCESSOR_IDENTIFIER=Intel64 Family 6 Model 69 Stepping 1, GenuineIntel



---------------  S Y S T E M  ---------------

OS: Windows 8.1 , 64 bit Build 9600 (6.3.9600.17415)

CPU:total 4 (2 cores per cpu, 2 threads per core) family 6 model 69 stepping 1, cmov, cx8, fxsr, mmx, sse, sse2, sse3, ssse3, sse4.1, sse4.2, popcnt, avx, avx2, aes, clmul, erms, lzcnt, ht, tsc, tscinvbit, bmi1, bmi2

Memory: 4k page, physical 8302188k(3603328k free), swap 9612908k(3352420k free)

vm_info: Java HotSpot(TM) 64-Bit Server VM (25.45-b02) for windows-amd64 JRE (1.8.0_45-b14), built on Apr 10 2015 10:34:15 by "java_re" with MS VC++ 10.0 (VS2010)

time: Mon Dec 07 21:30:55 2015
elapsed time: 1 seconds (0d 0h 0m 1s)

